<?xml version="1.0" encoding="UTF-8"?>
<coverage generated="1756256136013" clover="3.2.0">
  <project timestamp="1756256136013" name="All files">
    <metrics statements="780" coveredstatements="581" conditionals="775" coveredconditionals="621" methods="159" coveredmethods="132" elements="1714" coveredelements="1334" complexity="0" loc="780" ncloc="780" packages="5" files="12" classes="12"/>
    <package name="lib">
      <metrics statements="685" coveredstatements="571" conditionals="747" coveredconditionals="617" methods="150" coveredmethods="131"/>
      <file name="adaptive-question-engine.ts" path="/Users/iyanski/Projects/xco/finmod/src/lib/adaptive-question-engine.ts">
        <metrics statements="60" coveredstatements="40" conditionals="30" coveredconditionals="7" methods="15" coveredmethods="14"/>
        <line num="26" count="1" type="stmt"/>
        <line num="28" count="1" type="stmt"/>
        <line num="31" count="1" type="stmt"/>
        <line num="34" count="1" type="stmt"/>
        <line num="35" count="4" type="cond" truecount="1" falsecount="0"/>
        <line num="36" count="1" type="stmt"/>
        <line num="38" count="4" type="stmt"/>
        <line num="41" count="1" type="stmt"/>
        <line num="48" count="5" type="stmt"/>
        <line num="49" count="5" type="stmt"/>
        <line num="52" count="5" type="stmt"/>
        <line num="55" count="5" type="stmt"/>
        <line num="58" count="1" type="stmt"/>
        <line num="59" count="5" type="cond" truecount="1" falsecount="1"/>
        <line num="62" count="5" type="stmt"/>
        <line num="68" count="5" type="stmt"/>
        <line num="70" count="54" type="stmt"/>
        <line num="71" count="49" type="stmt"/>
        <line num="74" count="54" type="cond" truecount="1" falsecount="0"/>
        <line num="77" count="13" type="stmt"/>
        <line num="78" count="4" type="stmt"/>
        <line num="81" count="13" type="stmt"/>
        <line num="85" count="1" type="stmt"/>
        <line num="93" count="4" type="cond" truecount="1" falsecount="3"/>
        <line num="95" count="0" type="stmt"/>
        <line num="96" count="0" type="stmt"/>
        <line num="98" count="4" type="stmt"/>
        <line num="99" count="4" type="stmt"/>
        <line num="101" count="0" type="stmt"/>
        <line num="102" count="0" type="stmt"/>
        <line num="104" count="0" type="stmt"/>
        <line num="107" count="4" type="stmt"/>
        <line num="110" count="1" type="stmt"/>
        <line num="111" count="4" type="cond" truecount="1" falsecount="6"/>
        <line num="113" count="0" type="stmt"/>
        <line num="115" count="0" type="stmt"/>
        <line num="117" count="0" type="stmt"/>
        <line num="119" count="0" type="stmt"/>
        <line num="121" count="4" type="cond" truecount="1" falsecount="1"/>
        <line num="123" count="0" type="cond" truecount="0" falsecount="2"/>
        <line num="125" count="0" type="stmt"/>
        <line num="129" count="1" type="stmt"/>
        <line num="131" count="0" type="cond" truecount="0" falsecount="4"/>
        <line num="133" count="0" type="cond" truecount="0" falsecount="2"/>
        <line num="135" count="0" type="cond" truecount="0" falsecount="2"/>
        <line num="137" count="0" type="cond" truecount="0" falsecount="2"/>
        <line num="139" count="0" type="stmt"/>
        <line num="143" count="1" type="stmt"/>
        <line num="144" count="5" type="stmt"/>
        <line num="146" count="8" type="cond" truecount="1" falsecount="0"/>
        <line num="147" count="8" type="stmt"/>
        <line num="151" count="0" type="stmt"/>
        <line num="152" count="0" type="stmt"/>
        <line num="153" count="0" type="stmt"/>
        <line num="155" count="0" type="stmt"/>
        <line num="159" count="1" type="stmt"/>
        <line num="161" count="1" type="stmt"/>
        <line num="359" count="1" type="stmt"/>
        <line num="536" count="1" type="stmt"/>
        <line num="626" count="1" type="stmt"/>
      </file>
      <file name="ai-service.ts" path="/Users/iyanski/Projects/xco/finmod/src/lib/ai-service.ts">
        <metrics statements="39" coveredstatements="0" conditionals="38" coveredconditionals="0" methods="9" coveredmethods="0"/>
        <line num="1" count="0" type="stmt"/>
        <line num="4" count="0" type="stmt"/>
        <line num="8" count="0" type="stmt"/>
        <line num="13" count="0" type="stmt"/>
        <line num="14" count="0" type="cond" truecount="0" falsecount="1"/>
        <line num="15" count="0" type="stmt"/>
        <line num="17" count="0" type="stmt"/>
        <line num="20" count="0" type="stmt"/>
        <line num="25" count="0" type="stmt"/>
        <line num="59" count="0" type="stmt"/>
        <line num="74" count="0" type="cond" truecount="0" falsecount="8"/>
        <line num="75" count="0" type="cond" truecount="0" falsecount="1"/>
        <line num="76" count="0" type="stmt"/>
        <line num="79" count="0" type="stmt"/>
        <line num="81" count="0" type="stmt"/>
        <line num="84" count="0" type="stmt"/>
        <line num="90" count="0" type="stmt"/>
        <line num="91" count="0" type="stmt"/>
        <line num="95" count="0" type="stmt"/>
        <line num="100" count="0" type="stmt"/>
        <line num="105" count="0" type="stmt"/>
        <line num="128" count="0" type="stmt"/>
        <line num="143" count="0" type="cond" truecount="0" falsecount="8"/>
        <line num="144" count="0" type="cond" truecount="0" falsecount="1"/>
        <line num="145" count="0" type="stmt"/>
        <line num="148" count="0" type="stmt"/>
        <line num="150" count="0" type="stmt"/>
        <line num="155" count="0" type="stmt"/>
        <line num="156" count="0" type="stmt"/>
        <line num="160" count="0" type="stmt"/>
        <line num="165" count="0" type="stmt"/>
        <line num="185" count="0" type="stmt"/>
        <line num="200" count="0" type="cond" truecount="0" falsecount="8"/>
        <line num="201" count="0" type="cond" truecount="0" falsecount="1"/>
        <line num="202" count="0" type="stmt"/>
        <line num="205" count="0" type="stmt"/>
        <line num="207" count="0" type="stmt"/>
        <line num="208" count="0" type="stmt"/>
        <line num="215" count="0" type="stmt"/>
      </file>
      <file name="business-classifier.ts" path="/Users/iyanski/Projects/xco/finmod/src/lib/business-classifier.ts">
        <metrics statements="30" coveredstatements="22" conditionals="27" coveredconditionals="18" methods="6" coveredmethods="5"/>
        <line num="1" count="2" type="stmt"/>
        <line num="4" count="2" type="stmt"/>
        <line num="37" count="2" type="stmt"/>
        <line num="42" count="2" type="stmt"/>
        <line num="43" count="5" type="cond" truecount="1" falsecount="0"/>
        <line num="44" count="2" type="stmt"/>
        <line num="46" count="5" type="stmt"/>
        <line num="49" count="2" type="stmt"/>
        <line num="50" count="4" type="stmt"/>
        <line num="88" count="4" type="stmt"/>
        <line num="103" count="4" type="cond" truecount="6" falsecount="2"/>
        <line num="104" count="4" type="cond" truecount="0" falsecount="1"/>
        <line num="105" count="0" type="stmt"/>
        <line num="108" count="4" type="stmt"/>
        <line num="110" count="4" type="stmt"/>
        <line num="117" count="0" type="stmt"/>
        <line num="118" count="0" type="stmt"/>
        <line num="122" count="2" type="stmt"/>
        <line num="123" count="1" type="stmt"/>
        <line num="141" count="1" type="stmt"/>
        <line num="156" count="1" type="cond" truecount="6" falsecount="2"/>
        <line num="157" count="1" type="cond" truecount="0" falsecount="1"/>
        <line num="158" count="0" type="stmt"/>
        <line num="161" count="1" type="stmt"/>
        <line num="163" count="0" type="stmt"/>
        <line num="164" count="0" type="stmt"/>
        <line num="168" count="2" type="stmt"/>
        <line num="169" count="0" type="stmt"/>
        <line num="180" count="0" type="cond" truecount="0" falsecount="2"/>
        <line num="182" count="2" type="stmt"/>
      </file>
      <file name="database.ts" path="/Users/iyanski/Projects/xco/finmod/src/lib/database.ts">
        <metrics statements="18" coveredstatements="0" conditionals="2" coveredconditionals="0" methods="3" coveredmethods="0"/>
        <line num="1" count="0" type="stmt"/>
        <line num="2" count="0" type="stmt"/>
        <line num="6" count="0" type="stmt"/>
        <line num="7" count="0" type="cond" truecount="0" falsecount="1"/>
        <line num="8" count="0" type="stmt"/>
        <line num="9" count="0" type="stmt"/>
        <line num="12" count="0" type="stmt"/>
        <line num="15" count="0" type="stmt"/>
        <line num="18" count="0" type="stmt"/>
        <line num="22" count="0" type="stmt"/>
        <line num="25" count="0" type="stmt"/>
        <line num="37" count="0" type="stmt"/>
        <line num="59" count="0" type="stmt"/>
        <line num="76" count="0" type="stmt"/>
        <line num="89" count="0" type="stmt"/>
        <line num="101" count="0" type="stmt"/>
        <line num="102" count="0" type="cond" truecount="0" falsecount="1"/>
        <line num="103" count="0" type="stmt"/>
      </file>
      <file name="excel-exporter.ts" path="/Users/iyanski/Projects/xco/finmod/src/lib/excel-exporter.ts">
        <metrics statements="205" coveredstatements="190" conditionals="502" coveredconditionals="489" methods="30" coveredmethods="26"/>
        <line num="1" count="1" type="stmt"/>
        <line num="3" count="1" type="stmt"/>
        <line num="4" count="1" type="stmt"/>
        <line num="15" count="1" type="stmt"/>
        <line num="20" count="1" type="stmt"/>
        <line num="21" count="12" type="cond" truecount="1" falsecount="0"/>
        <line num="22" count="1" type="stmt"/>
        <line num="24" count="12" type="stmt"/>
        <line num="27" count="1" type="stmt"/>
        <line num="29" count="7" type="cond" truecount="0" falsecount="1"/>
        <line num="31" count="7" type="stmt"/>
        <line num="34" count="7" type="stmt"/>
        <line num="35" count="7" type="stmt"/>
        <line num="36" count="7" type="stmt"/>
        <line num="37" count="7" type="stmt"/>
        <line num="40" count="14" type="stmt"/>
        <line num="41" count="14" type="stmt"/>
        <line num="42" count="14" type="stmt"/>
        <line num="43" count="14" type="stmt"/>
        <line num="45" count="11" type="cond" truecount="1" falsecount="0"/>
        <line num="46" count="6" type="stmt"/>
        <line num="49" count="11" type="cond" truecount="1" falsecount="0"/>
        <line num="50" count="6" type="stmt"/>
        <line num="53" count="11" type="cond" truecount="1" falsecount="0"/>
        <line num="54" count="6" type="stmt"/>
        <line num="58" count="7" type="cond" truecount="1" falsecount="0"/>
        <line num="59" count="1" type="stmt"/>
        <line num="63" count="7" type="cond" truecount="1" falsecount="0"/>
        <line num="64" count="1" type="stmt"/>
        <line num="68" count="7" type="stmt"/>
        <line num="71" count="1" type="stmt"/>
        <line num="72" count="7" type="stmt"/>
        <line num="75" count="7" type="stmt"/>
        <line num="84" count="7" type="stmt"/>
        <line num="91" count="7" type="stmt"/>
        <line num="92" count="28" type="stmt"/>
        <line num="96" count="7" type="stmt"/>
        <line num="97" count="7" type="stmt"/>
        <line num="104" count="1" type="stmt"/>
        <line num="105" count="7" type="stmt"/>
        <line num="108" count="7" type="stmt"/>
        <line num="109" count="7" type="stmt"/>
        <line num="112" count="7" type="cond" truecount="6" falsecount="0"/>
        <line num="113" count="7" type="stmt"/>
        <line num="114" count="420" type="stmt"/>
        <line num="127" count="420" type="stmt"/>
        <line num="131" count="7" type="stmt"/>
        <line num="132" count="7" type="cond" truecount="6" falsecount="0"/>
        <line num="133" count="7" type="cond" truecount="6" falsecount="0"/>
        <line num="134" count="7" type="cond" truecount="6" falsecount="0"/>
        <line num="135" count="7" type="cond" truecount="10" falsecount="0"/>
        <line num="136" count="7" type="cond" truecount="10" falsecount="0"/>
        <line num="137" count="7" type="cond" truecount="10" falsecount="0"/>
        <line num="138" count="7" type="cond" truecount="6" falsecount="0"/>
        <line num="139" count="7" type="cond" truecount="6" falsecount="0"/>
        <line num="140" count="7" type="cond" truecount="6" falsecount="0"/>
        <line num="141" count="7" type="cond" truecount="6" falsecount="0"/>
        <line num="143" count="7" type="stmt"/>
        <line num="146" count="7" type="stmt"/>
        <line num="149" count="1" type="stmt"/>
        <line num="150" count="7" type="stmt"/>
        <line num="153" count="7" type="stmt"/>
        <line num="154" count="7" type="stmt"/>
        <line num="156" count="7" type="cond" truecount="6" falsecount="0"/>
        <line num="157" count="7" type="stmt"/>
        <line num="158" count="420" type="stmt"/>
        <line num="167" count="420" type="stmt"/>
        <line num="171" count="7" type="stmt"/>
        <line num="172" count="7" type="stmt"/>
        <line num="173" count="7" type="stmt"/>
        <line num="175" count="7" type="stmt"/>
        <line num="176" count="420" type="stmt"/>
        <line num="182" count="420" type="stmt"/>
        <line num="186" count="7" type="stmt"/>
        <line num="187" count="7" type="stmt"/>
        <line num="188" count="7" type="stmt"/>
        <line num="190" count="7" type="stmt"/>
        <line num="191" count="420" type="stmt"/>
        <line num="197" count="420" type="stmt"/>
        <line num="201" count="7" type="stmt"/>
        <line num="204" count="1" type="stmt"/>
        <line num="205" count="7" type="stmt"/>
        <line num="208" count="7" type="stmt"/>
        <line num="209" count="7" type="stmt"/>
        <line num="212" count="7" type="cond" truecount="6" falsecount="0"/>
        <line num="213" count="7" type="stmt"/>
        <line num="214" count="420" type="stmt"/>
        <line num="222" count="420" type="stmt"/>
        <line num="226" count="7" type="stmt"/>
        <line num="227" count="7" type="cond" truecount="6" falsecount="0"/>
        <line num="228" count="7" type="cond" truecount="6" falsecount="0"/>
        <line num="229" count="7" type="cond" truecount="6" falsecount="0"/>
        <line num="230" count="7" type="cond" truecount="6" falsecount="0"/>
        <line num="231" count="7" type="cond" truecount="16" falsecount="2"/>
        <line num="233" count="7" type="stmt"/>
        <line num="236" count="7" type="stmt"/>
        <line num="239" count="1" type="stmt"/>
        <line num="240" count="3" type="stmt"/>
        <line num="243" count="3" type="stmt"/>
        <line num="244" count="3" type="stmt"/>
        <line num="246" count="3" type="cond" truecount="1" falsecount="2"/>
        <line num="247" count="0" type="stmt"/>
        <line num="248" count="0" type="stmt"/>
        <line num="255" count="0" type="stmt"/>
        <line num="261" count="3" type="stmt"/>
        <line num="262" count="3" type="stmt"/>
        <line num="263" count="3" type="stmt"/>
        <line num="265" count="3" type="cond" truecount="1" falsecount="2"/>
        <line num="266" count="0" type="stmt"/>
        <line num="267" count="0" type="stmt"/>
        <line num="275" count="0" type="stmt"/>
        <line num="281" count="3" type="stmt"/>
        <line num="282" count="3" type="stmt"/>
        <line num="283" count="3" type="stmt"/>
        <line num="285" count="3" type="cond" truecount="1" falsecount="2"/>
        <line num="286" count="0" type="stmt"/>
        <line num="287" count="0" type="stmt"/>
        <line num="295" count="0" type="stmt"/>
        <line num="300" count="3" type="stmt"/>
        <line num="303" count="1" type="stmt"/>
        <line num="304" count="3" type="stmt"/>
        <line num="307" count="3" type="stmt"/>
        <line num="310" count="3" type="stmt"/>
        <line num="311" count="3" type="stmt"/>
        <line num="320" count="3" type="stmt"/>
        <line num="324" count="3" type="stmt"/>
        <line num="327" count="1" type="stmt"/>
        <line num="328" count="3" type="stmt"/>
        <line num="331" count="3" type="stmt"/>
        <line num="332" count="3" type="stmt"/>
        <line num="334" count="3" type="stmt"/>
        <line num="335" count="3" type="stmt"/>
        <line num="342" count="3" type="stmt"/>
        <line num="346" count="3" type="stmt"/>
        <line num="347" count="3" type="stmt"/>
        <line num="348" count="3" type="stmt"/>
        <line num="350" count="3" type="stmt"/>
        <line num="351" count="180" type="stmt"/>
        <line num="352" count="180" type="stmt"/>
        <line num="353" count="180" type="stmt"/>
        <line num="354" count="180" type="stmt"/>
        <line num="356" count="180" type="stmt"/>
        <line num="357" count="180" type="stmt"/>
        <line num="361" count="3" type="stmt"/>
        <line num="362" count="3" type="stmt"/>
        <line num="363" count="3" type="stmt"/>
        <line num="365" count="3" type="stmt"/>
        <line num="366" count="180" type="stmt"/>
        <line num="367" count="180" type="cond" truecount="2" falsecount="0"/>
        <line num="370" count="180" type="stmt"/>
        <line num="372" count="180" type="stmt"/>
        <line num="373" count="180" type="stmt"/>
        <line num="377" count="3" type="stmt"/>
        <line num="380" count="1" type="stmt"/>
        <line num="382" count="1" type="stmt"/>
        <line num="383" count="1" type="cond" truecount="1" falsecount="0"/>
        <line num="384" count="1" type="stmt"/>
        <line num="385" count="1" type="stmt"/>
        <line num="388" count="1" type="stmt"/>
        <line num="389" count="1" type="cond" truecount="1" falsecount="0"/>
        <line num="390" count="1" type="stmt"/>
        <line num="391" count="1" type="stmt"/>
        <line num="395" count="1" type="stmt"/>
        <line num="397" count="1" type="stmt"/>
        <line num="398" count="1" type="cond" truecount="1" falsecount="0"/>
        <line num="400" count="1" type="stmt"/>
        <line num="404" count="1" type="stmt"/>
        <line num="406" count="30" type="stmt"/>
        <line num="407" count="30" type="stmt"/>
        <line num="414" count="30" type="stmt"/>
        <line num="415" count="0" type="cond" truecount="0" falsecount="1"/>
        <line num="416" count="0" type="stmt"/>
        <line num="417" count="0" type="cond" truecount="0" falsecount="3"/>
        <line num="418" count="0" type="stmt"/>
        <line num="425" count="30" type="stmt"/>
        <line num="426" count="0" type="stmt"/>
        <line num="427" count="0" type="stmt"/>
        <line num="437" count="1" type="stmt"/>
        <line num="438" count="4980" type="stmt"/>
        <line num="441" count="1" type="stmt"/>
        <line num="442" count="3" type="stmt"/>
        <line num="445" count="3" type="cond" truecount="1" falsecount="0"/>
        <line num="446" count="3" type="stmt"/>
        <line num="450" count="3" type="stmt"/>
        <line num="452" count="180" type="stmt"/>
        <line num="467" count="3" type="stmt"/>
        <line num="468" count="3" type="stmt"/>
        <line num="469" count="3" type="stmt"/>
        <line num="472" count="3" type="stmt"/>
        <line num="474" count="180" type="stmt"/>
        <line num="491" count="3" type="stmt"/>
        <line num="492" count="3" type="stmt"/>
        <line num="493" count="3" type="stmt"/>
        <line num="496" count="3" type="stmt"/>
        <line num="498" count="180" type="stmt"/>
        <line num="508" count="3" type="stmt"/>
        <line num="509" count="3" type="stmt"/>
        <line num="510" count="3" type="stmt"/>
        <line num="512" count="3" type="stmt"/>
        <line num="515" count="1" type="stmt"/>
        <line num="516" count="11" type="stmt"/>
        <line num="517" count="555" type="stmt"/>
        <line num="518" count="5508" type="cond" truecount="4" falsecount="0"/>
        <line num="522" count="11" type="stmt"/>
        <line num="524" count="1" type="stmt"/>
      </file>
      <file name="financial-modeling-engine.ts" path="/Users/iyanski/Projects/xco/finmod/src/lib/financial-modeling-engine.ts">
        <metrics statements="179" coveredstatements="178" conditionals="25" coveredconditionals="11" methods="48" coveredmethods="48"/>
        <line num="14" count="1" type="stmt"/>
        <line num="19" count="1" type="stmt"/>
        <line num="20" count="4" type="cond" truecount="1" falsecount="0"/>
        <line num="21" count="1" type="stmt"/>
        <line num="23" count="4" type="stmt"/>
        <line num="26" count="1" type="stmt"/>
        <line num="27" count="4" type="stmt"/>
        <line num="30" count="4" type="stmt"/>
        <line num="31" count="4" type="stmt"/>
        <line num="32" count="4" type="stmt"/>
        <line num="35" count="4" type="stmt"/>
        <line num="36" count="4" type="stmt"/>
        <line num="37" count="4" type="stmt"/>
        <line num="40" count="4" type="stmt"/>
        <line num="43" count="4" type="stmt"/>
        <line num="45" count="4" type="stmt"/>
        <line num="63" count="1" type="stmt"/>
        <line num="69" count="4" type="stmt"/>
        <line num="70" count="4" type="stmt"/>
        <line num="71" count="240" type="stmt"/>
        <line num="73" count="4" type="stmt"/>
        <line num="79" count="4" type="stmt"/>
        <line num="80" count="240" type="stmt"/>
        <line num="85" count="240" type="stmt"/>
        <line num="86" count="4" type="stmt"/>
        <line num="87" count="240" type="stmt"/>
        <line num="88" count="240" type="stmt"/>
        <line num="90" count="4" type="stmt"/>
        <line num="103" count="1" type="stmt"/>
        <line num="111" count="4" type="stmt"/>
        <line num="112" count="4" type="stmt"/>
        <line num="113" count="4" type="stmt"/>
        <line num="114" count="4" type="stmt"/>
        <line num="115" count="4" type="stmt"/>
        <line num="116" count="7320" type="stmt"/>
        <line num="119" count="4" type="stmt"/>
        <line num="120" count="240" type="stmt"/>
        <line num="123" count="4" type="stmt"/>
        <line num="124" count="4" type="stmt"/>
        <line num="125" count="240" type="stmt"/>
        <line num="127" count="4" type="stmt"/>
        <line num="128" count="4" type="stmt"/>
        <line num="129" count="240" type="stmt"/>
        <line num="131" count="4" type="stmt"/>
        <line num="154" count="1" type="stmt"/>
        <line num="163" count="4" type="stmt"/>
        <line num="164" count="240" type="stmt"/>
        <line num="167" count="240" type="stmt"/>
        <line num="168" count="4" type="stmt"/>
        <line num="169" count="240" type="stmt"/>
        <line num="172" count="4" type="stmt"/>
        <line num="173" count="240" type="stmt"/>
        <line num="176" count="4" type="stmt"/>
        <line num="178" count="4" type="stmt"/>
        <line num="188" count="1" type="stmt"/>
        <line num="189" count="4" type="stmt"/>
        <line num="190" count="4" type="stmt"/>
        <line num="191" count="4" type="stmt"/>
        <line num="192" count="4" type="stmt"/>
        <line num="194" count="4" type="stmt"/>
        <line num="195" count="4" type="stmt"/>
        <line num="196" count="240" type="stmt"/>
        <line num="197" count="240" type="stmt"/>
        <line num="198" count="240" type="stmt"/>
        <line num="199" count="240" type="stmt"/>
        <line num="200" count="240" type="stmt"/>
        <line num="203" count="4" type="stmt"/>
        <line num="212" count="1" type="stmt"/>
        <line num="213" count="4" type="stmt"/>
        <line num="214" count="4" type="stmt"/>
        <line num="215" count="4" type="stmt"/>
        <line num="216" count="4" type="stmt"/>
        <line num="217" count="4" type="stmt"/>
        <line num="219" count="4" type="stmt"/>
        <line num="220" count="4" type="stmt"/>
        <line num="222" count="4" type="stmt"/>
        <line num="223" count="4" type="stmt"/>
        <line num="225" count="4" type="stmt"/>
        <line num="226" count="236" type="stmt"/>
        <line num="227" count="236" type="stmt"/>
        <line num="228" count="236" type="stmt"/>
        <line num="229" count="236" type="stmt"/>
        <line num="232" count="4" type="stmt"/>
        <line num="242" count="1" type="stmt"/>
        <line num="243" count="4" type="stmt"/>
        <line num="244" count="4" type="stmt"/>
        <line num="245" count="4" type="stmt"/>
        <line num="246" count="4" type="stmt"/>
        <line num="247" count="4" type="stmt"/>
        <line num="250" count="4" type="stmt"/>
        <line num="251" count="4" type="stmt"/>
        <line num="253" count="4" type="stmt"/>
        <line num="254" count="240" type="stmt"/>
        <line num="255" count="240" type="stmt"/>
        <line num="256" count="240" type="stmt"/>
        <line num="257" count="240" type="stmt"/>
        <line num="259" count="240" type="cond" truecount="1" falsecount="0"/>
        <line num="260" count="236" type="stmt"/>
        <line num="264" count="4" type="stmt"/>
        <line num="274" count="1" type="stmt"/>
        <line num="280" count="4" type="stmt"/>
        <line num="289" count="4" type="stmt"/>
        <line num="298" count="4" type="stmt"/>
        <line num="307" count="4" type="stmt"/>
        <line num="310" count="1" type="stmt"/>
        <line num="316" count="4" type="stmt"/>
        <line num="319" count="4" type="stmt"/>
        <line num="320" count="4" type="stmt"/>
        <line num="331" count="240" type="stmt"/>
        <line num="332" count="4" type="stmt"/>
        <line num="343" count="240" type="stmt"/>
        <line num="344" count="4" type="stmt"/>
        <line num="355" count="4" type="stmt"/>
        <line num="356" count="240" type="stmt"/>
        <line num="357" count="4" type="stmt"/>
        <line num="367" count="4" type="stmt"/>
        <line num="371" count="1" type="stmt"/>
        <line num="372" count="4" type="stmt"/>
        <line num="373" count="4" type="stmt"/>
        <line num="375" count="4" type="stmt"/>
        <line num="376" count="240" type="stmt"/>
        <line num="377" count="240" type="stmt"/>
        <line num="378" count="240" type="stmt"/>
        <line num="381" count="4" type="stmt"/>
        <line num="384" count="1" type="stmt"/>
        <line num="385" count="240" type="stmt"/>
        <line num="388" count="1" type="stmt"/>
        <line num="389" count="720" type="stmt"/>
        <line num="392" count="1" type="stmt"/>
        <line num="393" count="4" type="stmt"/>
        <line num="394" count="4" type="stmt"/>
        <line num="396" count="4" type="stmt"/>
        <line num="397" count="240" type="stmt"/>
        <line num="398" count="240" type="stmt"/>
        <line num="401" count="4" type="stmt"/>
        <line num="404" count="1" type="stmt"/>
        <line num="405" count="4" type="stmt"/>
        <line num="406" count="4" type="stmt"/>
        <line num="408" count="4" type="stmt"/>
        <line num="409" count="240" type="stmt"/>
        <line num="410" count="240" type="stmt"/>
        <line num="413" count="4" type="stmt"/>
        <line num="416" count="1" type="stmt"/>
        <line num="417" count="4" type="stmt"/>
        <line num="418" count="4" type="stmt"/>
        <line num="420" count="4" type="stmt"/>
        <line num="421" count="240" type="stmt"/>
        <line num="422" count="240" type="stmt"/>
        <line num="425" count="4" type="stmt"/>
        <line num="428" count="1" type="stmt"/>
        <line num="429" count="4" type="cond" truecount="0" falsecount="1"/>
        <line num="430" count="4" type="stmt"/>
        <line num="431" count="4" type="stmt"/>
        <line num="432" count="236" type="cond" truecount="1" falsecount="0"/>
        <line num="433" count="236" type="stmt"/>
        <line num="436" count="236" type="cond" truecount="1" falsecount="1"/>
        <line num="439" count="1" type="stmt"/>
        <line num="445" count="12" type="stmt"/>
        <line num="446" count="12" type="stmt"/>
        <line num="447" count="12" type="stmt"/>
        <line num="448" count="12" type="stmt"/>
        <line num="450" count="12" type="stmt"/>
        <line num="455" count="720" type="stmt"/>
        <line num="456" count="720" type="stmt"/>
        <line num="457" count="720" type="stmt"/>
        <line num="463" count="1" type="stmt"/>
        <line num="464" count="720" type="stmt"/>
        <line num="467" count="1" type="stmt"/>
        <line num="469" count="720" type="stmt"/>
        <line num="470" count="12" type="stmt"/>
        <line num="471" count="12" type="cond" truecount="1" falsecount="1"/>
        <line num="474" count="1" type="stmt"/>
        <line num="475" count="12" type="stmt"/>
        <line num="476" count="12" type="stmt"/>
        <line num="477" count="720" type="stmt"/>
        <line num="478" count="720" type="cond" truecount="0" falsecount="1"/>
        <line num="479" count="0" type="stmt"/>
        <line num="482" count="12" type="stmt"/>
        <line num="484" count="1" type="stmt"/>
      </file>
      <file name="template-engine.ts" path="/Users/iyanski/Projects/xco/finmod/src/lib/template-engine.ts">
        <metrics statements="154" coveredstatements="141" conditionals="123" coveredconditionals="92" methods="39" coveredmethods="38"/>
        <line num="114" count="2" type="stmt"/>
        <line num="116" count="2" type="stmt"/>
        <line num="119" count="2" type="stmt"/>
        <line num="122" count="2" type="stmt"/>
        <line num="123" count="26" type="cond" truecount="1" falsecount="0"/>
        <line num="124" count="2" type="stmt"/>
        <line num="126" count="26" type="stmt"/>
        <line num="129" count="2" type="stmt"/>
        <line num="130" count="26" type="cond" truecount="2" falsecount="0"/>
        <line num="133" count="2" type="stmt"/>
        <line num="135" count="23" type="stmt"/>
        <line num="136" count="20" type="stmt"/>
        <line num="137" count="20" type="stmt"/>
        <line num="139" count="20" type="stmt"/>
        <line num="151" count="2" type="stmt"/>
        <line num="152" count="23" type="stmt"/>
        <line num="154" count="139" type="stmt"/>
        <line num="155" count="139" type="cond" truecount="4" falsecount="0"/>
        <line num="158" count="139" type="stmt"/>
        <line num="159" count="139" type="cond" truecount="1" falsecount="0"/>
        <line num="160" count="3" type="stmt"/>
        <line num="163" count="136" type="stmt"/>
        <line num="166" count="20" type="stmt"/>
        <line num="169" count="2" type="stmt"/>
        <line num="170" count="139" type="stmt"/>
        <line num="172" count="139" type="cond" truecount="5" falsecount="0"/>
        <line num="173" count="2" type="stmt"/>
        <line num="176" count="139" type="cond" truecount="1" falsecount="0"/>
        <line num="177" count="115" type="stmt"/>
        <line num="178" count="115" type="cond" truecount="1" falsecount="0"/>
        <line num="179" count="1" type="stmt"/>
        <line num="184" count="139" type="stmt"/>
        <line num="187" count="2" type="stmt"/>
        <line num="188" count="115" type="cond" truecount="1" falsecount="3"/>
        <line num="190" count="115" type="stmt"/>
        <line num="191" count="115" type="cond" truecount="2" falsecount="0"/>
        <line num="193" count="0" type="cond" truecount="0" falsecount="3"/>
        <line num="196" count="0" type="stmt"/>
        <line num="198" count="0" type="stmt"/>
        <line num="202" count="2" type="stmt"/>
        <line num="203" count="20" type="stmt"/>
        <line num="205" count="20" type="stmt"/>
        <line num="206" count="19" type="stmt"/>
        <line num="209" count="20" type="stmt"/>
        <line num="212" count="2" type="stmt"/>
        <line num="213" count="19" type="stmt"/>
        <line num="214" count="19" type="stmt"/>
        <line num="216" count="19" type="stmt"/>
        <line num="217" count="19" type="stmt"/>
        <line num="220" count="19" type="stmt"/>
        <line num="223" count="2" type="stmt"/>
        <line num="225" count="19" type="stmt"/>
        <line num="228" count="19" type="stmt"/>
        <line num="231" count="19" type="cond" truecount="1" falsecount="1"/>
        <line num="232" count="19" type="cond" truecount="1" falsecount="1"/>
        <line num="233" count="19" type="stmt"/>
        <line num="234" count="1140" type="stmt"/>
        <line num="236" count="0" type="cond" truecount="0" falsecount="2"/>
        <line num="237" count="0" type="cond" truecount="0" falsecount="2"/>
        <line num="238" count="0" type="cond" truecount="0" falsecount="2"/>
        <line num="239" count="0" type="stmt"/>
        <line num="240" count="0" type="stmt"/>
        <line num="242" count="0" type="cond" truecount="0" falsecount="1"/>
        <line num="243" count="0" type="cond" truecount="0" falsecount="2"/>
        <line num="244" count="0" type="cond" truecount="0" falsecount="2"/>
        <line num="245" count="0" type="stmt"/>
        <line num="246" count="0" type="stmt"/>
        <line num="250" count="19" type="stmt"/>
        <line num="253" count="2" type="stmt"/>
        <line num="258" count="20" type="stmt"/>
        <line num="261" count="20" type="stmt"/>
        <line num="264" count="20" type="stmt"/>
        <line num="267" count="20" type="stmt"/>
        <line num="269" count="20" type="stmt"/>
        <line num="272" count="2" type="stmt"/>
        <line num="273" count="20" type="stmt"/>
        <line num="274" count="20" type="stmt"/>
        <line num="275" count="1200" type="stmt"/>
        <line num="277" count="20" type="stmt"/>
        <line num="283" count="20" type="stmt"/>
        <line num="284" count="1200" type="stmt"/>
        <line num="289" count="1200" type="stmt"/>
        <line num="290" count="20" type="cond" truecount="5" falsecount="1"/>
        <line num="291" count="1200" type="cond" truecount="2" falsecount="0"/>
        <line num="292" count="1200" type="stmt"/>
        <line num="294" count="20" type="stmt"/>
        <line num="307" count="2" type="stmt"/>
        <line num="308" count="20" type="stmt"/>
        <line num="309" count="20" type="cond" truecount="5" falsecount="1"/>
        <line num="310" count="20" type="cond" truecount="5" falsecount="1"/>
        <line num="311" count="20" type="cond" truecount="5" falsecount="1"/>
        <line num="312" count="20" type="cond" truecount="5" falsecount="1"/>
        <line num="314" count="20" type="stmt"/>
        <line num="315" count="1200" type="stmt"/>
        <line num="318" count="20" type="cond" truecount="5" falsecount="1"/>
        <line num="319" count="20" type="cond" truecount="5" falsecount="1"/>
        <line num="320" count="1200" type="stmt"/>
        <line num="322" count="20" type="cond" truecount="2" falsecount="0"/>
        <line num="323" count="20" type="stmt"/>
        <line num="324" count="1200" type="stmt"/>
        <line num="326" count="20" type="stmt"/>
        <line num="349" count="2" type="stmt"/>
        <line num="350" count="20" type="stmt"/>
        <line num="351" count="1200" type="cond" truecount="10" falsecount="2"/>
        <line num="354" count="20" type="cond" truecount="5" falsecount="1"/>
        <line num="355" count="20" type="cond" truecount="5" falsecount="1"/>
        <line num="357" count="20" type="stmt"/>
        <line num="358" count="1200" type="stmt"/>
        <line num="361" count="20" type="stmt"/>
        <line num="363" count="20" type="stmt"/>
        <line num="373" count="2" type="stmt"/>
        <line num="375" count="20" type="stmt"/>
        <line num="387" count="2" type="stmt"/>
        <line num="389" count="20" type="stmt"/>
        <line num="401" count="2" type="stmt"/>
        <line num="402" count="20" type="stmt"/>
        <line num="403" count="20" type="cond" truecount="2" falsecount="0"/>
        <line num="405" count="20" type="stmt"/>
        <line num="406" count="1200" type="stmt"/>
        <line num="407" count="1200" type="cond" truecount="1" falsecount="1"/>
        <line num="408" count="1200" type="stmt"/>
        <line num="411" count="20" type="stmt"/>
        <line num="414" count="2" type="stmt"/>
        <line num="415" count="20" type="cond" truecount="2" falsecount="0"/>
        <line num="416" count="1200" type="stmt"/>
        <line num="419" count="2" type="stmt"/>
        <line num="420" count="3600" type="stmt"/>
        <line num="423" count="2" type="stmt"/>
        <line num="424" count="20" type="stmt"/>
        <line num="425" count="20" type="stmt"/>
        <line num="427" count="20" type="stmt"/>
        <line num="428" count="1200" type="stmt"/>
        <line num="429" count="1200" type="stmt"/>
        <line num="432" count="20" type="stmt"/>
        <line num="435" count="2" type="stmt"/>
        <line num="436" count="20" type="stmt"/>
        <line num="437" count="20" type="stmt"/>
        <line num="439" count="20" type="stmt"/>
        <line num="440" count="1200" type="stmt"/>
        <line num="441" count="1200" type="stmt"/>
        <line num="444" count="20" type="stmt"/>
        <line num="447" count="2" type="stmt"/>
        <line num="448" count="20" type="stmt"/>
        <line num="449" count="20" type="stmt"/>
        <line num="451" count="20" type="stmt"/>
        <line num="452" count="1200" type="stmt"/>
        <line num="453" count="1200" type="stmt"/>
        <line num="456" count="20" type="stmt"/>
        <line num="459" count="2" type="stmt"/>
        <line num="460" count="20" type="stmt"/>
        <line num="468" count="2" type="stmt"/>
        <line num="470" count="2" type="stmt"/>
        <line num="641" count="2" type="stmt"/>
        <line num="676" count="2" type="stmt"/>
      </file>
    </package>
    <package name="pages.api.business">
      <metrics statements="12" coveredstatements="10" conditionals="4" coveredconditionals="4" methods="1" coveredmethods="1"/>
      <file name="classify.ts" path="/Users/iyanski/Projects/xco/finmod/src/pages/api/business/classify.ts">
        <metrics statements="12" coveredstatements="10" conditionals="4" coveredconditionals="4" methods="1" coveredmethods="1"/>
        <line num="2" count="1" type="stmt"/>
        <line num="5" count="1" type="stmt"/>
        <line num="9" count="6" type="cond" truecount="1" falsecount="0"/>
        <line num="10" count="1" type="stmt"/>
        <line num="17" count="5" type="stmt"/>
        <line num="19" count="5" type="cond" truecount="3" falsecount="0"/>
        <line num="20" count="3" type="stmt"/>
        <line num="26" count="2" type="stmt"/>
        <line num="27" count="2" type="stmt"/>
        <line num="29" count="2" type="stmt"/>
        <line num="34" count="0" type="stmt"/>
        <line num="35" count="0" type="stmt"/>
      </file>
    </package>
    <package name="pages.api.export">
      <metrics statements="57" coveredstatements="0" conditionals="10" coveredconditionals="0" methods="6" coveredmethods="0"/>
      <file name="csv.ts" path="/Users/iyanski/Projects/xco/finmod/src/pages/api/export/csv.ts">
        <metrics statements="38" coveredstatements="0" conditionals="4" coveredconditionals="0" methods="5" coveredmethods="0"/>
        <line num="2" count="0" type="stmt"/>
        <line num="3" count="0" type="stmt"/>
        <line num="5" count="0" type="stmt"/>
        <line num="6" count="0" type="stmt"/>
        <line num="8" count="0" type="stmt"/>
        <line num="12" count="0" type="cond" truecount="0" falsecount="1"/>
        <line num="13" count="0" type="stmt"/>
        <line num="20" count="0" type="stmt"/>
        <line num="22" count="0" type="cond" truecount="0" falsecount="3"/>
        <line num="23" count="0" type="stmt"/>
        <line num="30" count="0" type="stmt"/>
        <line num="31" count="0" type="stmt"/>
        <line num="32" count="0" type="stmt"/>
        <line num="35" count="0" type="stmt"/>
        <line num="36" count="0" type="stmt"/>
        <line num="37" count="0" type="stmt"/>
        <line num="40" count="0" type="stmt"/>
        <line num="41" count="0" type="stmt"/>
        <line num="42" count="0" type="stmt"/>
        <line num="43" count="0" type="stmt"/>
        <line num="45" count="0" type="stmt"/>
        <line num="47" count="0" type="stmt"/>
        <line num="49" count="0" type="stmt"/>
        <line num="50" count="0" type="stmt"/>
        <line num="51" count="0" type="stmt"/>
        <line num="53" count="0" type="stmt"/>
        <line num="56" count="0" type="stmt"/>
        <line num="57" count="0" type="stmt"/>
        <line num="58" count="0" type="stmt"/>
        <line num="61" count="0" type="stmt"/>
        <line num="62" count="0" type="stmt"/>
        <line num="65" count="0" type="stmt"/>
        <line num="68" count="0" type="stmt"/>
        <line num="69" count="0" type="stmt"/>
        <line num="70" count="0" type="stmt"/>
        <line num="73" count="0" type="stmt"/>
        <line num="75" count="0" type="stmt"/>
        <line num="76" count="0" type="stmt"/>
      </file>
      <file name="excel.ts" path="/Users/iyanski/Projects/xco/finmod/src/pages/api/export/excel.ts">
        <metrics statements="19" coveredstatements="0" conditionals="6" coveredconditionals="0" methods="1" coveredmethods="0"/>
        <line num="2" count="0" type="stmt"/>
        <line num="3" count="0" type="stmt"/>
        <line num="6" count="0" type="stmt"/>
        <line num="10" count="0" type="cond" truecount="0" falsecount="1"/>
        <line num="11" count="0" type="stmt"/>
        <line num="18" count="0" type="cond" truecount="0" falsecount="2"/>
        <line num="20" count="0" type="cond" truecount="0" falsecount="3"/>
        <line num="21" count="0" type="stmt"/>
        <line num="28" count="0" type="stmt"/>
        <line num="29" count="0" type="stmt"/>
        <line num="30" count="0" type="stmt"/>
        <line num="33" count="0" type="stmt"/>
        <line num="34" count="0" type="stmt"/>
        <line num="45" count="0" type="stmt"/>
        <line num="46" count="0" type="stmt"/>
        <line num="47" count="0" type="stmt"/>
        <line num="50" count="0" type="stmt"/>
        <line num="52" count="0" type="stmt"/>
        <line num="53" count="0" type="stmt"/>
      </file>
    </package>
    <package name="pages.api.models">
      <metrics statements="14" coveredstatements="0" conditionals="4" coveredconditionals="0" methods="1" coveredmethods="0"/>
      <file name="generate.ts" path="/Users/iyanski/Projects/xco/finmod/src/pages/api/models/generate.ts">
        <metrics statements="14" coveredstatements="0" conditionals="4" coveredconditionals="0" methods="1" coveredmethods="0"/>
        <line num="2" count="0" type="stmt"/>
        <line num="6" count="0" type="stmt"/>
        <line num="10" count="0" type="cond" truecount="0" falsecount="1"/>
        <line num="11" count="0" type="stmt"/>
        <line num="17" count="0" type="stmt"/>
        <line num="18" count="0" type="stmt"/>
        <line num="20" count="0" type="cond" truecount="0" falsecount="3"/>
        <line num="21" count="0" type="stmt"/>
        <line num="27" count="0" type="stmt"/>
        <line num="28" count="0" type="stmt"/>
        <line num="30" count="0" type="stmt"/>
        <line num="32" count="0" type="stmt"/>
        <line num="37" count="0" type="stmt"/>
        <line num="38" count="0" type="stmt"/>
      </file>
    </package>
    <package name="pages.api.questions">
      <metrics statements="12" coveredstatements="0" conditionals="10" coveredconditionals="0" methods="1" coveredmethods="0"/>
      <file name="generate.ts" path="/Users/iyanski/Projects/xco/finmod/src/pages/api/questions/generate.ts">
        <metrics statements="12" coveredstatements="0" conditionals="10" coveredconditionals="0" methods="1" coveredmethods="0"/>
        <line num="2" count="0" type="stmt"/>
        <line num="6" count="0" type="stmt"/>
        <line num="10" count="0" type="cond" truecount="0" falsecount="1"/>
        <line num="11" count="0" type="stmt"/>
        <line num="18" count="0" type="stmt"/>
        <line num="26" count="0" type="cond" truecount="0" falsecount="3"/>
        <line num="27" count="0" type="stmt"/>
        <line num="33" count="0" type="stmt"/>
        <line num="34" count="0" type="stmt"/>
        <line num="42" count="0" type="stmt"/>
        <line num="47" count="0" type="stmt"/>
        <line num="48" count="0" type="stmt"/>
      </file>
    </package>
  </project>
</coverage>
