{"/Users/iyanski/Projects/xco/finmod/src/lib/adaptive-question-engine.ts": {"path":"/Users/iyanski/Projects/xco/finmod/src/lib/adaptive-question-engine.ts","statementMap":{"0":{"start":{"line":26,"column":0},"end":{"line":26,"column":13}},"1":{"start":{"line":28,"column":10},"end":{"line":28,"column":65}},"2":{"start":{"line":31,"column":4},"end":{"line":31,"column":36}},"3":{"start":{"line":34,"column":9},"end":{"line":39,"column":null}},"4":{"start":{"line":35,"column":4},"end":{"line":37,"column":5}},"5":{"start":{"line":36,"column":6},"end":{"line":36,"column":69}},"6":{"start":{"line":38,"column":4},"end":{"line":38,"column":43}},"7":{"start":{"line":41,"column":8},"end":{"line":56,"column":null}},"8":{"start":{"line":48,"column":10},"end":{"line":48,"column":60}},"9":{"start":{"line":49,"column":10},"end":{"line":49,"column":115}},"10":{"start":{"line":52,"column":10},"end":{"line":52,"column":96}},"11":{"start":{"line":55,"column":4},"end":{"line":55,"column":39}},"12":{"start":{"line":58,"column":10},"end":{"line":60,"column":null}},"13":{"start":{"line":59,"column":4},"end":{"line":59,"column":88}},"14":{"start":{"line":62,"column":10},"end":{"line":83,"column":null}},"15":{"start":{"line":62,"column":2},"end":{"line":62,"column":10}},"16":{"start":{"line":68,"column":4},"end":{"line":82,"column":7}},"17":{"start":{"line":70,"column":36},"end":{"line":71,"column":null}},"18":{"start":{"line":71,"column":8},"end":{"line":71,"column":null}},"19":{"start":{"line":74,"column":6},"end":{"line":74,"column":47}},"20":{"start":{"line":74,"column":34},"end":{"line":74,"column":47}},"21":{"start":{"line":77,"column":28},"end":{"line":78,"column":null}},"22":{"start":{"line":78,"column":8},"end":{"line":78,"column":null}},"23":{"start":{"line":81,"column":6},"end":{"line":81,"column":27}},"24":{"start":{"line":85,"column":10},"end":{"line":108,"column":null}},"25":{"start":{"line":93,"column":4},"end":{"line":105,"column":5}},"26":{"start":{"line":95,"column":8},"end":{"line":95,"column":70}},"27":{"start":{"line":96,"column":8},"end":{"line":96,"column":14}},"28":{"start":{"line":98,"column":8},"end":{"line":98,"column":51}},"29":{"start":{"line":99,"column":8},"end":{"line":99,"column":14}},"30":{"start":{"line":101,"column":8},"end":{"line":101,"column":78}},"31":{"start":{"line":102,"column":8},"end":{"line":102,"column":14}},"32":{"start":{"line":104,"column":8},"end":{"line":104,"column":21}},"33":{"start":{"line":107,"column":4},"end":{"line":107,"column":74}},"34":{"start":{"line":110,"column":10},"end":{"line":127,"column":null}},"35":{"start":{"line":111,"column":4},"end":{"line":126,"column":5}},"36":{"start":{"line":113,"column":8},"end":{"line":113,"column":39}},"37":{"start":{"line":115,"column":8},"end":{"line":115,"column":39}},"38":{"start":{"line":117,"column":8},"end":{"line":117,"column":37}},"39":{"start":{"line":119,"column":8},"end":{"line":119,"column":37}},"40":{"start":{"line":121,"column":8},"end":{"line":121,"column":108}},"41":{"start":{"line":123,"column":8},"end":{"line":123,"column":110}},"42":{"start":{"line":125,"column":8},"end":{"line":125,"column":21}},"43":{"start":{"line":129,"column":10},"end":{"line":141,"column":null}},"44":{"start":{"line":131,"column":4},"end":{"line":140,"column":5}},"45":{"start":{"line":133,"column":8},"end":{"line":133,"column":58}},"46":{"start":{"line":135,"column":8},"end":{"line":135,"column":51}},"47":{"start":{"line":137,"column":8},"end":{"line":137,"column":64}},"48":{"start":{"line":139,"column":8},"end":{"line":139,"column":17}},"49":{"start":{"line":143,"column":10},"end":{"line":157,"column":null}},"50":{"start":{"line":144,"column":4},"end":{"line":156,"column":7}},"51":{"start":{"line":146,"column":6},"end":{"line":148,"column":7}},"52":{"start":{"line":147,"column":8},"end":{"line":147,"column":39}},"53":{"start":{"line":151,"column":26},"end":{"line":151,"column":101}},"54":{"start":{"line":152,"column":27},"end":{"line":152,"column":56}},"55":{"start":{"line":153,"column":27},"end":{"line":153,"column":56}},"56":{"start":{"line":155,"column":6},"end":{"line":155,"column":41}},"57":{"start":{"line":159,"column":10},"end":{"line":625,"column":null}},"58":{"start":{"line":161,"column":4},"end":{"line":356,"column":7}},"59":{"start":{"line":359,"column":4},"end":{"line":533,"column":7}},"60":{"start":{"line":536,"column":4},"end":{"line":624,"column":7}},"61":{"start":{"line":626,"column":0},"end":{"line":626,"column":null}},"62":{"start":{"line":26,"column":13},"end":{"line":26,"column":35}}},"fnMap":{"0":{"name":"(anonymous_13)","decl":{"start":{"line":26,"column":0},"end":{"line":26,"column":13}},"loc":{"start":{"line":26,"column":0},"end":{"line":626,"column":null}}},"1":{"name":"AdaptiveQuestionEngine","decl":{"start":{"line":30,"column":2},"end":{"line":30,"column":null}},"loc":{"start":{"line":30,"column":2},"end":{"line":32,"column":3}}},"2":{"name":"(anonymous_15)","decl":{"start":{"line":34,"column":2},"end":{"line":34,"column":9}},"loc":{"start":{"line":34,"column":2},"end":{"line":39,"column":3}}},"3":{"name":"(anonymous_16)","decl":{"start":{"line":41,"column":2},"end":{"line":41,"column":8}},"loc":{"start":{"line":46,"column":35},"end":{"line":56,"column":null}}},"4":{"name":"(anonymous_19)","decl":{"start":{"line":58,"column":2},"end":{"line":58,"column":10}},"loc":{"start":{"line":58,"column":47},"end":{"line":60,"column":3}}},"5":{"name":"(anonymous_20)","decl":{"start":{"line":62,"column":2},"end":{"line":62,"column":10}},"loc":{"start":{"line":66,"column":42},"end":{"line":83,"column":3}}},"6":{"name":"(anonymous_21)","decl":{"start":{"line":68,"column":30},"end":{"line":68,"column":34}},"loc":{"start":{"line":68,"column":34},"end":{"line":82,"column":5}}},"7":{"name":"(anonymous_22)","decl":{"start":{"line":70,"column":60},"end":{"line":70,"column":65}},"loc":{"start":{"line":70,"column":65},"end":{"line":71,"column":25}}},"8":{"name":"(anonymous_23)","decl":{"start":{"line":77,"column":50},"end":{"line":77,"column":59}},"loc":{"start":{"line":77,"column":59},"end":{"line":78,"column":12}}},"9":{"name":"(anonymous_24)","decl":{"start":{"line":85,"column":2},"end":{"line":85,"column":10}},"loc":{"start":{"line":89,"column":42},"end":{"line":108,"column":3}}},"10":{"name":"(anonymous_25)","decl":{"start":{"line":110,"column":2},"end":{"line":110,"column":10}},"loc":{"start":{"line":110,"column":72},"end":{"line":127,"column":3}}},"11":{"name":"(anonymous_26)","decl":{"start":{"line":129,"column":2},"end":{"line":129,"column":10}},"loc":{"start":{"line":129,"column":85},"end":{"line":141,"column":3}}},"12":{"name":"(anonymous_27)","decl":{"start":{"line":143,"column":2},"end":{"line":143,"column":10}},"loc":{"start":{"line":143,"column":99},"end":{"line":157,"column":3}}},"13":{"name":"(anonymous_28)","decl":{"start":{"line":144,"column":26},"end":{"line":144,"column":27}},"loc":{"start":{"line":144,"column":31},"end":{"line":156,"column":5}}},"14":{"name":"(anonymous_29)","decl":{"start":{"line":159,"column":2},"end":{"line":159,"column":10}},"loc":{"start":{"line":159,"column":2},"end":{"line":625,"column":3}}}},"branchMap":{"0":{"loc":{"start":{"line":35,"column":4},"end":{"line":37,"column":5}},"type":"if","locations":[{"start":{"line":35,"column":4},"end":{"line":37,"column":5}}]},"1":{"loc":{"start":{"line":59,"column":11},"end":{"line":59,"column":87}},"type":"binary-expr","locations":[{"start":{"line":59,"column":11},"end":{"line":59,"column":48}},{"start":{"line":59,"column":52},"end":{"line":59,"column":87}}]},"2":{"loc":{"start":{"line":74,"column":6},"end":{"line":74,"column":47}},"type":"if","locations":[{"start":{"line":74,"column":6},"end":{"line":74,"column":47}}]},"3":{"loc":{"start":{"line":93,"column":4},"end":{"line":105,"column":5}},"type":"switch","locations":[{"start":{"line":94,"column":6},"end":{"line":96,"column":14}},{"start":{"line":97,"column":6},"end":{"line":99,"column":14}},{"start":{"line":100,"column":6},"end":{"line":102,"column":14}},{"start":{"line":103,"column":6},"end":{"line":104,"column":21}}]},"4":{"loc":{"start":{"line":111,"column":4},"end":{"line":126,"column":5}},"type":"switch","locations":[{"start":{"line":112,"column":6},"end":{"line":113,"column":39}},{"start":{"line":114,"column":6},"end":{"line":115,"column":39}},{"start":{"line":116,"column":6},"end":{"line":117,"column":37}},{"start":{"line":118,"column":6},"end":{"line":119,"column":37}},{"start":{"line":120,"column":6},"end":{"line":121,"column":108}},{"start":{"line":122,"column":6},"end":{"line":123,"column":110}},{"start":{"line":124,"column":6},"end":{"line":125,"column":21}}]},"5":{"loc":{"start":{"line":121,"column":15},"end":{"line":121,"column":107}},"type":"cond-expr","locations":[{"start":{"line":121,"column":38},"end":{"line":121,"column":67}},{"start":{"line":121,"column":70},"end":{"line":121,"column":107}}]},"6":{"loc":{"start":{"line":123,"column":15},"end":{"line":123,"column":109}},"type":"cond-expr","locations":[{"start":{"line":123,"column":38},"end":{"line":123,"column":68}},{"start":{"line":123,"column":71},"end":{"line":123,"column":109}}]},"7":{"loc":{"start":{"line":131,"column":4},"end":{"line":140,"column":5}},"type":"switch","locations":[{"start":{"line":132,"column":6},"end":{"line":133,"column":58}},{"start":{"line":134,"column":6},"end":{"line":135,"column":51}},{"start":{"line":136,"column":6},"end":{"line":137,"column":64}},{"start":{"line":138,"column":6},"end":{"line":139,"column":17}}]},"8":{"loc":{"start":{"line":133,"column":15},"end":{"line":133,"column":57}},"type":"binary-expr","locations":[{"start":{"line":133,"column":15},"end":{"line":133,"column":52}},{"start":{"line":133,"column":56},"end":{"line":133,"column":57}}]},"9":{"loc":{"start":{"line":135,"column":15},"end":{"line":135,"column":50}},"type":"binary-expr","locations":[{"start":{"line":135,"column":15},"end":{"line":135,"column":45}},{"start":{"line":135,"column":49},"end":{"line":135,"column":50}}]},"10":{"loc":{"start":{"line":137,"column":15},"end":{"line":137,"column":63}},"type":"binary-expr","locations":[{"start":{"line":137,"column":15},"end":{"line":137,"column":58}},{"start":{"line":137,"column":62},"end":{"line":137,"column":63}}]},"11":{"loc":{"start":{"line":146,"column":6},"end":{"line":148,"column":7}},"type":"if","locations":[{"start":{"line":146,"column":6},"end":{"line":148,"column":7}}]}},"s":{"0":1,"1":1,"2":1,"3":1,"4":4,"5":1,"6":4,"7":1,"8":5,"9":5,"10":5,"11":5,"12":1,"13":5,"14":1,"15":5,"16":5,"17":54,"18":49,"19":54,"20":41,"21":13,"22":4,"23":13,"24":1,"25":4,"26":0,"27":0,"28":4,"29":4,"30":0,"31":0,"32":0,"33":4,"34":1,"35":4,"36":0,"37":0,"38":0,"39":0,"40":4,"41":0,"42":0,"43":1,"44":0,"45":0,"46":0,"47":0,"48":0,"49":1,"50":5,"51":8,"52":8,"53":0,"54":0,"55":0,"56":0,"57":1,"58":1,"59":1,"60":1,"61":1,"62":1},"f":{"0":1,"1":1,"2":4,"3":5,"4":5,"5":5,"6":54,"7":49,"8":4,"9":4,"10":4,"11":0,"12":5,"13":8,"14":1},"b":{"0":[1],"1":[5,0],"2":[41],"3":[0,4,0,0],"4":[0,0,0,0,4,0,0],"5":[0,4],"6":[0,0],"7":[0,0,0,0],"8":[0,0],"9":[0,0],"10":[0,0],"11":[8]}}
,"/Users/iyanski/Projects/xco/finmod/src/lib/ai-service.ts": {"path":"/Users/iyanski/Projects/xco/finmod/src/lib/ai-service.ts","statementMap":{"0":{"start":{"line":1,"column":0},"end":{"line":1,"column":28}},"1":{"start":{"line":4,"column":15},"end":{"line":6,"column":2}},"2":{"start":{"line":8,"column":0},"end":{"line":8,"column":13}},"3":{"start":{"line":13,"column":9},"end":{"line":18,"column":null}},"4":{"start":{"line":14,"column":4},"end":{"line":16,"column":5}},"5":{"start":{"line":15,"column":6},"end":{"line":15,"column":43}},"6":{"start":{"line":17,"column":4},"end":{"line":17,"column":30}},"7":{"start":{"line":20,"column":8},"end":{"line":93,"column":null}},"8":{"start":{"line":25,"column":10},"end":{"line":56,"column":2}},"9":{"start":{"line":59,"column":25},"end":{"line":72,"column":null}},"10":{"start":{"line":59,"column":12},"end":{"line":72,"column":null}},"11":{"start":{"line":74,"column":12},"end":{"line":74,"column":63}},"12":{"start":{"line":75,"column":6},"end":{"line":77,"column":7}},"13":{"start":{"line":76,"column":8},"end":{"line":76,"column":51}},"14":{"start":{"line":79,"column":12},"end":{"line":79,"column":42}},"15":{"start":{"line":81,"column":6},"end":{"line":88,"column":8}},"16":{"start":{"line":84,"column":52},"end":{"line":87,"column":11}},"17":{"start":{"line":90,"column":6},"end":{"line":90,"column":68}},"18":{"start":{"line":91,"column":6},"end":{"line":91,"column":64}},"19":{"start":{"line":95,"column":8},"end":{"line":158,"column":null}},"20":{"start":{"line":100,"column":10},"end":{"line":125,"column":2}},"21":{"start":{"line":105,"column":55},"end":{"line":105,"column":66}},"22":{"start":{"line":128,"column":25},"end":{"line":141,"column":null}},"23":{"start":{"line":128,"column":12},"end":{"line":141,"column":null}},"24":{"start":{"line":143,"column":12},"end":{"line":143,"column":63}},"25":{"start":{"line":144,"column":6},"end":{"line":146,"column":7}},"26":{"start":{"line":145,"column":8},"end":{"line":145,"column":51}},"27":{"start":{"line":148,"column":12},"end":{"line":148,"column":45}},"28":{"start":{"line":150,"column":6},"end":{"line":153,"column":10}},"29":{"start":{"line":150,"column":39},"end":{"line":153,"column":9}},"30":{"start":{"line":155,"column":6},"end":{"line":155,"column":68}},"31":{"start":{"line":156,"column":6},"end":{"line":156,"column":64}},"32":{"start":{"line":160,"column":8},"end":{"line":214,"column":null}},"33":{"start":{"line":165,"column":10},"end":{"line":182,"column":2}},"34":{"start":{"line":185,"column":25},"end":{"line":198,"column":null}},"35":{"start":{"line":185,"column":12},"end":{"line":198,"column":null}},"36":{"start":{"line":200,"column":12},"end":{"line":200,"column":63}},"37":{"start":{"line":201,"column":6},"end":{"line":203,"column":7}},"38":{"start":{"line":202,"column":8},"end":{"line":202,"column":51}},"39":{"start":{"line":205,"column":6},"end":{"line":205,"column":34}},"40":{"start":{"line":207,"column":6},"end":{"line":207,"column":65}},"41":{"start":{"line":208,"column":6},"end":{"line":212,"column":8}},"42":{"start":{"line":215,"column":0},"end":{"line":215,"column":null}},"43":{"start":{"line":8,"column":13},"end":{"line":8,"column":22}}},"fnMap":{"0":{"name":"(anonymous_16)","decl":{"start":{"line":8,"column":0},"end":{"line":8,"column":13}},"loc":{"start":{"line":8,"column":0},"end":{"line":215,"column":null}}},"1":{"name":"AIService","decl":{"start":{"line":11,"column":2},"end":{"line":11,"column":25}},"loc":{"start":{"line":11,"column":2},"end":{"line":11,"column":26}}},"2":{"name":"(anonymous_18)","decl":{"start":{"line":13,"column":2},"end":{"line":13,"column":9}},"loc":{"start":{"line":13,"column":2},"end":{"line":18,"column":3}}},"3":{"name":"(anonymous_19)","decl":{"start":{"line":20,"column":2},"end":{"line":20,"column":8}},"loc":{"start":{"line":20,"column":54},"end":{"line":93,"column":null}}},"4":{"name":"(anonymous_22)","decl":{"start":{"line":84,"column":40},"end":{"line":84,"column":41}},"loc":{"start":{"line":84,"column":47},"end":{"line":84,"column":null}}},"5":{"name":"(anonymous_23)","decl":{"start":{"line":95,"column":2},"end":{"line":95,"column":8}},"loc":{"start":{"line":98,"column":35},"end":{"line":158,"column":null}}},"6":{"name":"(anonymous_26)","decl":{"start":{"line":105,"column":50},"end":{"line":105,"column":51}},"loc":{"start":{"line":105,"column":51},"end":{"line":105,"column":56}}},"7":{"name":"(anonymous_27)","decl":{"start":{"line":150,"column":27},"end":{"line":150,"column":28}},"loc":{"start":{"line":150,"column":34},"end":{"line":150,"column":null}}},"8":{"name":"(anonymous_28)","decl":{"start":{"line":160,"column":2},"end":{"line":160,"column":8}},"loc":{"start":{"line":160,"column":43},"end":{"line":214,"column":null}}}},"branchMap":{"0":{"loc":{"start":{"line":14,"column":4},"end":{"line":16,"column":5}},"type":"if","locations":[{"start":{"line":14,"column":4},"end":{"line":16,"column":5}}]},"1":{"loc":{"start":{"line":60,"column":15},"end":{"line":60,"column":50}},"type":"binary-expr","locations":[{"start":{"line":60,"column":15},"end":{"line":60,"column":39}},{"start":{"line":60,"column":43},"end":{"line":60,"column":50}}]},"2":{"loc":{"start":{"line":74,"column":23},"end":{"line":74,"column":62}},"type":"cond-expr","locations":[{"start":{"line":74,"column":53},"end":{"line":74,"column":55}},{"start":{"line":74,"column":53},"end":{"line":74,"column":62}}]},"3":{"loc":{"start":{"line":74,"column":23},"end":{"line":74,"column":55}},"type":"binary-expr","locations":[{"start":{"line":74,"column":23},"end":{"line":74,"column":55}},{"start":{"line":74,"column":53},"end":{"line":74,"column":55}}]},"4":{"loc":{"start":{"line":74,"column":23},"end":{"line":74,"column":53}},"type":"cond-expr","locations":[{"start":{"line":74,"column":44},"end":{"line":74,"column":46}},{"start":{"line":74,"column":44},"end":{"line":74,"column":53}}]},"5":{"loc":{"start":{"line":74,"column":23},"end":{"line":74,"column":46}},"type":"binary-expr","locations":[{"start":{"line":74,"column":23},"end":{"line":74,"column":46}},{"start":{"line":74,"column":44},"end":{"line":74,"column":46}}]},"6":{"loc":{"start":{"line":75,"column":6},"end":{"line":77,"column":7}},"type":"if","locations":[{"start":{"line":75,"column":6},"end":{"line":77,"column":7}}]},"7":{"loc":{"start":{"line":86,"column":14},"end":{"line":86,"column":82}},"type":"binary-expr","locations":[{"start":{"line":86,"column":14},"end":{"line":86,"column":18}},{"start":{"line":86,"column":22},"end":{"line":86,"column":82}}]},"8":{"loc":{"start":{"line":129,"column":15},"end":{"line":129,"column":50}},"type":"binary-expr","locations":[{"start":{"line":129,"column":15},"end":{"line":129,"column":39}},{"start":{"line":129,"column":43},"end":{"line":129,"column":50}}]},"9":{"loc":{"start":{"line":143,"column":23},"end":{"line":143,"column":62}},"type":"cond-expr","locations":[{"start":{"line":143,"column":53},"end":{"line":143,"column":55}},{"start":{"line":143,"column":53},"end":{"line":143,"column":62}}]},"10":{"loc":{"start":{"line":143,"column":23},"end":{"line":143,"column":55}},"type":"binary-expr","locations":[{"start":{"line":143,"column":23},"end":{"line":143,"column":55}},{"start":{"line":143,"column":53},"end":{"line":143,"column":55}}]},"11":{"loc":{"start":{"line":143,"column":23},"end":{"line":143,"column":53}},"type":"cond-expr","locations":[{"start":{"line":143,"column":44},"end":{"line":143,"column":46}},{"start":{"line":143,"column":44},"end":{"line":143,"column":53}}]},"12":{"loc":{"start":{"line":143,"column":23},"end":{"line":143,"column":46}},"type":"binary-expr","locations":[{"start":{"line":143,"column":23},"end":{"line":143,"column":46}},{"start":{"line":143,"column":44},"end":{"line":143,"column":46}}]},"13":{"loc":{"start":{"line":144,"column":6},"end":{"line":146,"column":7}},"type":"if","locations":[{"start":{"line":144,"column":6},"end":{"line":146,"column":7}}]},"14":{"loc":{"start":{"line":152,"column":12},"end":{"line":152,"column":80}},"type":"binary-expr","locations":[{"start":{"line":152,"column":12},"end":{"line":152,"column":16}},{"start":{"line":152,"column":20},"end":{"line":152,"column":80}}]},"15":{"loc":{"start":{"line":186,"column":15},"end":{"line":186,"column":50}},"type":"binary-expr","locations":[{"start":{"line":186,"column":15},"end":{"line":186,"column":39}},{"start":{"line":186,"column":43},"end":{"line":186,"column":50}}]},"16":{"loc":{"start":{"line":200,"column":23},"end":{"line":200,"column":62}},"type":"cond-expr","locations":[{"start":{"line":200,"column":53},"end":{"line":200,"column":55}},{"start":{"line":200,"column":53},"end":{"line":200,"column":62}}]},"17":{"loc":{"start":{"line":200,"column":23},"end":{"line":200,"column":55}},"type":"binary-expr","locations":[{"start":{"line":200,"column":23},"end":{"line":200,"column":55}},{"start":{"line":200,"column":53},"end":{"line":200,"column":55}}]},"18":{"loc":{"start":{"line":200,"column":23},"end":{"line":200,"column":53}},"type":"cond-expr","locations":[{"start":{"line":200,"column":44},"end":{"line":200,"column":46}},{"start":{"line":200,"column":44},"end":{"line":200,"column":53}}]},"19":{"loc":{"start":{"line":200,"column":23},"end":{"line":200,"column":46}},"type":"binary-expr","locations":[{"start":{"line":200,"column":23},"end":{"line":200,"column":46}},{"start":{"line":200,"column":44},"end":{"line":200,"column":46}}]},"20":{"loc":{"start":{"line":201,"column":6},"end":{"line":203,"column":7}},"type":"if","locations":[{"start":{"line":201,"column":6},"end":{"line":203,"column":7}}]}},"s":{"0":0,"1":0,"2":0,"3":0,"4":0,"5":0,"6":0,"7":0,"8":0,"9":0,"10":0,"11":0,"12":0,"13":0,"14":0,"15":0,"16":0,"17":0,"18":0,"19":0,"20":0,"21":0,"22":0,"23":0,"24":0,"25":0,"26":0,"27":0,"28":0,"29":0,"30":0,"31":0,"32":0,"33":0,"34":0,"35":0,"36":0,"37":0,"38":0,"39":0,"40":0,"41":0,"42":0,"43":0},"f":{"0":0,"1":0,"2":0,"3":0,"4":0,"5":0,"6":0,"7":0,"8":0},"b":{"0":[0],"1":[0,0],"2":[0,0],"3":[0,0],"4":[0,0],"5":[0,0],"6":[0],"7":[0,0],"8":[0,0],"9":[0,0],"10":[0,0],"11":[0,0],"12":[0,0],"13":[0],"14":[0,0],"15":[0,0],"16":[0,0],"17":[0,0],"18":[0,0],"19":[0,0],"20":[0]}}
,"/Users/iyanski/Projects/xco/finmod/src/lib/business-classifier.ts": {"path":"/Users/iyanski/Projects/xco/finmod/src/lib/business-classifier.ts","statementMap":{"0":{"start":{"line":1,"column":0},"end":{"line":1,"column":28}},"1":{"start":{"line":4,"column":15},"end":{"line":6,"column":2}},"2":{"start":{"line":37,"column":0},"end":{"line":37,"column":13}},"3":{"start":{"line":42,"column":9},"end":{"line":47,"column":null}},"4":{"start":{"line":43,"column":4},"end":{"line":45,"column":5}},"5":{"start":{"line":44,"column":6},"end":{"line":44,"column":61}},"6":{"start":{"line":46,"column":4},"end":{"line":46,"column":39}},"7":{"start":{"line":49,"column":8},"end":{"line":120,"column":null}},"8":{"start":{"line":50,"column":10},"end":{"line":85,"column":2}},"9":{"start":{"line":88,"column":25},"end":{"line":101,"column":null}},"10":{"start":{"line":88,"column":12},"end":{"line":101,"column":null}},"11":{"start":{"line":103,"column":12},"end":{"line":103,"column":63}},"12":{"start":{"line":104,"column":6},"end":{"line":106,"column":7}},"13":{"start":{"line":105,"column":8},"end":{"line":105,"column":51}},"14":{"start":{"line":108,"column":12},"end":{"line":108,"column":42}},"15":{"start":{"line":110,"column":6},"end":{"line":115,"column":8}},"16":{"start":{"line":117,"column":6},"end":{"line":117,"column":58}},"17":{"start":{"line":118,"column":6},"end":{"line":118,"column":59}},"18":{"start":{"line":122,"column":8},"end":{"line":166,"column":null}},"19":{"start":{"line":123,"column":10},"end":{"line":138,"column":2}},"20":{"start":{"line":141,"column":25},"end":{"line":154,"column":null}},"21":{"start":{"line":141,"column":12},"end":{"line":154,"column":null}},"22":{"start":{"line":156,"column":12},"end":{"line":156,"column":63}},"23":{"start":{"line":157,"column":6},"end":{"line":159,"column":7}},"24":{"start":{"line":158,"column":8},"end":{"line":158,"column":51}},"25":{"start":{"line":161,"column":6},"end":{"line":161,"column":34}},"26":{"start":{"line":163,"column":6},"end":{"line":163,"column":60}},"27":{"start":{"line":164,"column":6},"end":{"line":164,"column":56}},"28":{"start":{"line":168,"column":10},"end":{"line":181,"column":null}},"29":{"start":{"line":169,"column":53},"end":{"line":178,"column":6}},"30":{"start":{"line":180,"column":4},"end":{"line":180,"column":105}},"31":{"start":{"line":182,"column":0},"end":{"line":182,"column":null}},"32":{"start":{"line":37,"column":13},"end":{"line":37,"column":31}}},"fnMap":{"0":{"name":"(anonymous_14)","decl":{"start":{"line":37,"column":0},"end":{"line":37,"column":13}},"loc":{"start":{"line":37,"column":0},"end":{"line":182,"column":null}}},"1":{"name":"BusinessClassifier","decl":{"start":{"line":40,"column":2},"end":{"line":40,"column":25}},"loc":{"start":{"line":40,"column":2},"end":{"line":40,"column":26}}},"2":{"name":"(anonymous_16)","decl":{"start":{"line":42,"column":2},"end":{"line":42,"column":9}},"loc":{"start":{"line":42,"column":2},"end":{"line":47,"column":3}}},"3":{"name":"(anonymous_17)","decl":{"start":{"line":49,"column":2},"end":{"line":49,"column":8}},"loc":{"start":{"line":49,"column":44},"end":{"line":120,"column":null}}},"4":{"name":"(anonymous_20)","decl":{"start":{"line":122,"column":2},"end":{"line":122,"column":8}},"loc":{"start":{"line":122,"column":75},"end":{"line":166,"column":null}}},"5":{"name":"(anonymous_23)","decl":{"start":{"line":168,"column":2},"end":{"line":168,"column":10}},"loc":{"start":{"line":168,"column":48},"end":{"line":181,"column":3}}}},"branchMap":{"0":{"loc":{"start":{"line":43,"column":4},"end":{"line":45,"column":5}},"type":"if","locations":[{"start":{"line":43,"column":4},"end":{"line":45,"column":5}}]},"1":{"loc":{"start":{"line":89,"column":15},"end":{"line":89,"column":50}},"type":"binary-expr","locations":[{"start":{"line":89,"column":15},"end":{"line":89,"column":39}},{"start":{"line":89,"column":43},"end":{"line":89,"column":50}}]},"2":{"loc":{"start":{"line":103,"column":23},"end":{"line":103,"column":62}},"type":"cond-expr","locations":[{"start":{"line":103,"column":53},"end":{"line":103,"column":55}},{"start":{"line":103,"column":53},"end":{"line":103,"column":62}}]},"3":{"loc":{"start":{"line":103,"column":23},"end":{"line":103,"column":55}},"type":"binary-expr","locations":[{"start":{"line":103,"column":23},"end":{"line":103,"column":55}},{"start":{"line":103,"column":53},"end":{"line":103,"column":55}}]},"4":{"loc":{"start":{"line":103,"column":23},"end":{"line":103,"column":53}},"type":"cond-expr","locations":[{"start":{"line":103,"column":44},"end":{"line":103,"column":46}},{"start":{"line":103,"column":44},"end":{"line":103,"column":53}}]},"5":{"loc":{"start":{"line":103,"column":23},"end":{"line":103,"column":46}},"type":"binary-expr","locations":[{"start":{"line":103,"column":23},"end":{"line":103,"column":46}},{"start":{"line":103,"column":44},"end":{"line":103,"column":46}}]},"6":{"loc":{"start":{"line":104,"column":6},"end":{"line":106,"column":7}},"type":"if","locations":[{"start":{"line":104,"column":6},"end":{"line":106,"column":7}}]},"7":{"loc":{"start":{"line":127,"column":39},"end":{"line":127,"column":97}},"type":"cond-expr","locations":[{"start":{"line":127,"column":63},"end":{"line":127,"column":92}},{"start":{"line":127,"column":95},"end":{"line":127,"column":97}}]},"8":{"loc":{"start":{"line":142,"column":15},"end":{"line":142,"column":50}},"type":"binary-expr","locations":[{"start":{"line":142,"column":15},"end":{"line":142,"column":39}},{"start":{"line":142,"column":43},"end":{"line":142,"column":50}}]},"9":{"loc":{"start":{"line":156,"column":23},"end":{"line":156,"column":62}},"type":"cond-expr","locations":[{"start":{"line":156,"column":53},"end":{"line":156,"column":55}},{"start":{"line":156,"column":53},"end":{"line":156,"column":62}}]},"10":{"loc":{"start":{"line":156,"column":23},"end":{"line":156,"column":55}},"type":"binary-expr","locations":[{"start":{"line":156,"column":23},"end":{"line":156,"column":55}},{"start":{"line":156,"column":53},"end":{"line":156,"column":55}}]},"11":{"loc":{"start":{"line":156,"column":23},"end":{"line":156,"column":53}},"type":"cond-expr","locations":[{"start":{"line":156,"column":44},"end":{"line":156,"column":46}},{"start":{"line":156,"column":44},"end":{"line":156,"column":53}}]},"12":{"loc":{"start":{"line":156,"column":23},"end":{"line":156,"column":46}},"type":"binary-expr","locations":[{"start":{"line":156,"column":23},"end":{"line":156,"column":46}},{"start":{"line":156,"column":44},"end":{"line":156,"column":46}}]},"13":{"loc":{"start":{"line":157,"column":6},"end":{"line":159,"column":7}},"type":"if","locations":[{"start":{"line":157,"column":6},"end":{"line":159,"column":7}}]},"14":{"loc":{"start":{"line":180,"column":11},"end":{"line":180,"column":104}},"type":"binary-expr","locations":[{"start":{"line":180,"column":11},"end":{"line":180,"column":39}},{"start":{"line":180,"column":43},"end":{"line":180,"column":104}}]}},"s":{"0":2,"1":2,"2":2,"3":2,"4":5,"5":2,"6":5,"7":2,"8":4,"9":4,"10":4,"11":4,"12":4,"13":0,"14":4,"15":4,"16":0,"17":0,"18":2,"19":1,"20":1,"21":1,"22":1,"23":1,"24":0,"25":1,"26":0,"27":0,"28":2,"29":0,"30":0,"31":2,"32":2},"f":{"0":2,"1":2,"2":5,"3":4,"4":1,"5":0},"b":{"0":[2],"1":[4,4],"2":[0,4],"3":[4,4],"4":[0,4],"5":[4,4],"6":[0],"7":[1,0],"8":[1,1],"9":[0,1],"10":[1,1],"11":[0,1],"12":[1,1],"13":[0],"14":[0,0]}}
,"/Users/iyanski/Projects/xco/finmod/src/lib/database.ts": {"path":"/Users/iyanski/Projects/xco/finmod/src/lib/database.ts","statementMap":{"0":{"start":{"line":6,"column":0},"end":{"line":6,"column":16}},"1":{"start":{"line":101,"column":0},"end":{"line":101,"column":16}},"2":{"start":{"line":1,"column":0},"end":{"line":1,"column":38}},"3":{"start":{"line":2,"column":0},"end":{"line":2,"column":24}},"4":{"start":{"line":7,"column":2},"end":{"line":16,"column":3}},"5":{"start":{"line":8,"column":19},"end":{"line":8,"column":56}},"6":{"start":{"line":9,"column":4},"end":{"line":9,"column":30}},"7":{"start":{"line":12,"column":4},"end":{"line":12,"column":35}},"8":{"start":{"line":15,"column":4},"end":{"line":15,"column":23}},"9":{"start":{"line":18,"column":2},"end":{"line":18,"column":12}},"10":{"start":{"line":22,"column":13},"end":{"line":22,"column":26}},"11":{"start":{"line":25,"column":2},"end":{"line":34,"column":5}},"12":{"start":{"line":37,"column":2},"end":{"line":56,"column":5}},"13":{"start":{"line":59,"column":2},"end":{"line":73,"column":5}},"14":{"start":{"line":76,"column":2},"end":{"line":86,"column":5}},"15":{"start":{"line":89,"column":2},"end":{"line":98,"column":5}},"16":{"start":{"line":102,"column":2},"end":{"line":104,"column":3}},"17":{"start":{"line":103,"column":4},"end":{"line":103,"column":15}}},"fnMap":{"0":{"name":"getDatabase","decl":{"start":{"line":6,"column":16},"end":{"line":6,"column":27}},"loc":{"start":{"line":6,"column":27},"end":{"line":19,"column":1}}},"1":{"name":"initializeTables","decl":{"start":{"line":21,"column":9},"end":{"line":21,"column":25}},"loc":{"start":{"line":21,"column":25},"end":{"line":99,"column":1}}},"2":{"name":"closeDatabase","decl":{"start":{"line":101,"column":16},"end":{"line":101,"column":29}},"loc":{"start":{"line":101,"column":29},"end":{"line":105,"column":1}}}},"branchMap":{"0":{"loc":{"start":{"line":7,"column":2},"end":{"line":16,"column":3}},"type":"if","locations":[{"start":{"line":7,"column":2},"end":{"line":16,"column":3}}]},"1":{"loc":{"start":{"line":102,"column":2},"end":{"line":104,"column":3}},"type":"if","locations":[{"start":{"line":102,"column":2},"end":{"line":104,"column":3}}]}},"s":{"0":0,"1":0,"2":0,"3":0,"4":0,"5":0,"6":0,"7":0,"8":0,"9":0,"10":0,"11":0,"12":0,"13":0,"14":0,"15":0,"16":0,"17":0},"f":{"0":0,"1":0,"2":0},"b":{"0":[0],"1":[0]}}
,"/Users/iyanski/Projects/xco/finmod/src/lib/excel-exporter.ts": {"path":"/Users/iyanski/Projects/xco/finmod/src/lib/excel-exporter.ts","statementMap":{"0":{"start":{"line":1,"column":0},"end":{"line":1,"column":30}},"1":{"start":{"line":3,"column":0},"end":{"line":3,"column":24}},"2":{"start":{"line":4,"column":0},"end":{"line":4,"column":20}},"3":{"start":{"line":15,"column":0},"end":{"line":15,"column":13}},"4":{"start":{"line":20,"column":9},"end":{"line":25,"column":null}},"5":{"start":{"line":21,"column":4},"end":{"line":23,"column":5}},"6":{"start":{"line":22,"column":6},"end":{"line":22,"column":51}},"7":{"start":{"line":24,"column":4},"end":{"line":24,"column":34}},"8":{"start":{"line":27,"column":8},"end":{"line":69,"column":null}},"9":{"start":{"line":29,"column":4},"end":{"line":29,"column":null}},"10":{"start":{"line":31,"column":10},"end":{"line":31,"column":44}},"11":{"start":{"line":34,"column":4},"end":{"line":34,"column":44}},"12":{"start":{"line":35,"column":4},"end":{"line":35,"column":42}},"13":{"start":{"line":36,"column":4},"end":{"line":36,"column":34}},"14":{"start":{"line":37,"column":4},"end":{"line":37,"column":35}},"15":{"start":{"line":40,"column":4},"end":{"line":40,"column":59}},"16":{"start":{"line":41,"column":4},"end":{"line":41,"column":84}},"17":{"start":{"line":42,"column":4},"end":{"line":42,"column":78}},"18":{"start":{"line":43,"column":4},"end":{"line":43,"column":79}},"19":{"start":{"line":45,"column":8},"end":{"line":45,"column":15}},"20":{"start":{"line":46,"column":6},"end":{"line":46,"column":74}},"21":{"start":{"line":49,"column":8},"end":{"line":49,"column":15}},"22":{"start":{"line":50,"column":6},"end":{"line":50,"column":74}},"23":{"start":{"line":53,"column":8},"end":{"line":53,"column":15}},"24":{"start":{"line":54,"column":6},"end":{"line":54,"column":60}},"25":{"start":{"line":58,"column":4},"end":{"line":60,"column":5}},"26":{"start":{"line":59,"column":6},"end":{"line":59,"column":36}},"27":{"start":{"line":63,"column":4},"end":{"line":65,"column":5}},"28":{"start":{"line":64,"column":6},"end":{"line":64,"column":43}},"29":{"start":{"line":68,"column":11},"end":{"line":68,"column":45}},"30":{"start":{"line":68,"column":4},"end":{"line":68,"column":45}},"31":{"start":{"line":71,"column":16},"end":{"line":102,"column":null}},"32":{"start":{"line":72,"column":10},"end":{"line":72,"column":54}},"33":{"start":{"line":75,"column":4},"end":{"line":81,"column":6}},"34":{"start":{"line":84,"column":10},"end":{"line":89,"column":6}},"35":{"start":{"line":91,"column":4},"end":{"line":93,"column":7}},"36":{"start":{"line":92,"column":6},"end":{"line":92,"column":30}},"37":{"start":{"line":96,"column":4},"end":{"line":96,"column":46}},"38":{"start":{"line":97,"column":4},"end":{"line":101,"column":6}},"39":{"start":{"line":104,"column":16},"end":{"line":147,"column":null}},"40":{"start":{"line":105,"column":10},"end":{"line":105,"column":64}},"41":{"start":{"line":108,"column":10},"end":{"line":108,"column":164}},"42":{"start":{"line":109,"column":4},"end":{"line":109,"column":30}},"43":{"start":{"line":112,"column":10},"end":{"line":112,"column":51}},"44":{"start":{"line":113,"column":4},"end":{"line":128,"column":5}},"45":{"start":{"line":114,"column":12},"end":{"line":126,"column":8}},"46":{"start":{"line":127,"column":6},"end":{"line":127,"column":28}},"47":{"start":{"line":131,"column":10},"end":{"line":131,"column":32}},"48":{"start":{"line":132,"column":4},"end":{"line":132,"column":67}},"49":{"start":{"line":133,"column":4},"end":{"line":133,"column":75}},"50":{"start":{"line":134,"column":4},"end":{"line":134,"column":71}},"51":{"start":{"line":135,"column":4},"end":{"line":135,"column":96}},"52":{"start":{"line":136,"column":4},"end":{"line":136,"column":101}},"53":{"start":{"line":137,"column":4},"end":{"line":137,"column":103}},"54":{"start":{"line":138,"column":4},"end":{"line":138,"column":75}},"55":{"start":{"line":139,"column":4},"end":{"line":139,"column":75}},"56":{"start":{"line":140,"column":4},"end":{"line":140,"column":65}},"57":{"start":{"line":141,"column":4},"end":{"line":141,"column":69}},"58":{"start":{"line":143,"column":4},"end":{"line":143,"column":32}},"59":{"start":{"line":146,"column":4},"end":{"line":146,"column":41}},"60":{"start":{"line":149,"column":16},"end":{"line":202,"column":null}},"61":{"start":{"line":150,"column":10},"end":{"line":150,"column":61}},"62":{"start":{"line":153,"column":4},"end":{"line":153,"column":33}},"63":{"start":{"line":154,"column":4},"end":{"line":154,"column":137}},"64":{"start":{"line":156,"column":10},"end":{"line":156,"column":48}},"65":{"start":{"line":157,"column":4},"end":{"line":168,"column":5}},"66":{"start":{"line":158,"column":12},"end":{"line":166,"column":8}},"67":{"start":{"line":167,"column":6},"end":{"line":167,"column":28}},"68":{"start":{"line":171,"column":4},"end":{"line":171,"column":25}},"69":{"start":{"line":172,"column":4},"end":{"line":172,"column":38}},"70":{"start":{"line":173,"column":4},"end":{"line":173,"column":82}},"71":{"start":{"line":175,"column":4},"end":{"line":183,"column":5}},"72":{"start":{"line":176,"column":12},"end":{"line":181,"column":8}},"73":{"start":{"line":182,"column":6},"end":{"line":182,"column":28}},"74":{"start":{"line":186,"column":4},"end":{"line":186,"column":25}},"75":{"start":{"line":187,"column":4},"end":{"line":187,"column":33}},"76":{"start":{"line":188,"column":4},"end":{"line":188,"column":86}},"77":{"start":{"line":190,"column":4},"end":{"line":198,"column":5}},"78":{"start":{"line":191,"column":12},"end":{"line":196,"column":8}},"79":{"start":{"line":197,"column":6},"end":{"line":197,"column":28}},"80":{"start":{"line":201,"column":4},"end":{"line":201,"column":41}},"81":{"start":{"line":204,"column":16},"end":{"line":237,"column":null}},"82":{"start":{"line":205,"column":10},"end":{"line":205,"column":67}},"83":{"start":{"line":208,"column":10},"end":{"line":208,"column":132}},"84":{"start":{"line":209,"column":4},"end":{"line":209,"column":30}},"85":{"start":{"line":212,"column":10},"end":{"line":212,"column":53}},"86":{"start":{"line":213,"column":4},"end":{"line":223,"column":5}},"87":{"start":{"line":214,"column":12},"end":{"line":221,"column":8}},"88":{"start":{"line":222,"column":6},"end":{"line":222,"column":28}},"89":{"start":{"line":226,"column":10},"end":{"line":226,"column":32}},"90":{"start":{"line":227,"column":4},"end":{"line":227,"column":79}},"91":{"start":{"line":228,"column":4},"end":{"line":228,"column":79}},"92":{"start":{"line":229,"column":4},"end":{"line":229,"column":79}},"93":{"start":{"line":230,"column":4},"end":{"line":230,"column":73}},"94":{"start":{"line":231,"column":4},"end":{"line":231,"column":100}},"95":{"start":{"line":233,"column":4},"end":{"line":233,"column":32}},"96":{"start":{"line":236,"column":4},"end":{"line":236,"column":41}},"97":{"start":{"line":239,"column":16},"end":{"line":301,"column":null}},"98":{"start":{"line":240,"column":10},"end":{"line":240,"column":57}},"99":{"start":{"line":243,"column":4},"end":{"line":243,"column":48}},"100":{"start":{"line":244,"column":4},"end":{"line":244,"column":101}},"101":{"start":{"line":246,"column":4},"end":{"line":258,"column":5}},"102":{"start":{"line":247,"column":6},"end":{"line":256,"column":5}},"103":{"start":{"line":248,"column":12},"end":{"line":254,"column":8}},"104":{"start":{"line":255,"column":6},"end":{"line":255,"column":28}},"105":{"start":{"line":261,"column":4},"end":{"line":261,"column":25}},"106":{"start":{"line":262,"column":4},"end":{"line":262,"column":40}},"107":{"start":{"line":263,"column":4},"end":{"line":263,"column":127}},"108":{"start":{"line":265,"column":4},"end":{"line":278,"column":5}},"109":{"start":{"line":266,"column":6},"end":{"line":276,"column":5}},"110":{"start":{"line":267,"column":12},"end":{"line":274,"column":8}},"111":{"start":{"line":275,"column":6},"end":{"line":275,"column":28}},"112":{"start":{"line":281,"column":4},"end":{"line":281,"column":25}},"113":{"start":{"line":282,"column":4},"end":{"line":282,"column":51}},"114":{"start":{"line":283,"column":4},"end":{"line":283,"column":128}},"115":{"start":{"line":285,"column":4},"end":{"line":297,"column":5}},"116":{"start":{"line":286,"column":6},"end":{"line":296,"column":5}},"117":{"start":{"line":287,"column":12},"end":{"line":294,"column":8}},"118":{"start":{"line":295,"column":6},"end":{"line":295,"column":28}},"119":{"start":{"line":300,"column":4},"end":{"line":300,"column":41}},"120":{"start":{"line":303,"column":16},"end":{"line":325,"column":null}},"121":{"start":{"line":304,"column":10},"end":{"line":304,"column":57}},"122":{"start":{"line":307,"column":4},"end":{"line":307,"column":118}},"123":{"start":{"line":310,"column":4},"end":{"line":321,"column":7}},"124":{"start":{"line":311,"column":18},"end":{"line":319,"column":8}},"125":{"start":{"line":320,"column":6},"end":{"line":320,"column":28}},"126":{"start":{"line":324,"column":4},"end":{"line":324,"column":41}},"127":{"start":{"line":327,"column":16},"end":{"line":378,"column":null}},"128":{"start":{"line":328,"column":10},"end":{"line":328,"column":53}},"129":{"start":{"line":331,"column":4},"end":{"line":331,"column":39}},"130":{"start":{"line":332,"column":4},"end":{"line":332,"column":75}},"131":{"start":{"line":334,"column":4},"end":{"line":343,"column":7}},"132":{"start":{"line":335,"column":18},"end":{"line":341,"column":8}},"133":{"start":{"line":342,"column":6},"end":{"line":342,"column":28}},"134":{"start":{"line":346,"column":4},"end":{"line":346,"column":25}},"135":{"start":{"line":347,"column":4},"end":{"line":347,"column":47}},"136":{"start":{"line":348,"column":4},"end":{"line":348,"column":80}},"137":{"start":{"line":350,"column":4},"end":{"line":358,"column":5}},"138":{"start":{"line":351,"column":12},"end":{"line":351,"column":62}},"139":{"start":{"line":352,"column":12},"end":{"line":352,"column":77}},"140":{"start":{"line":353,"column":12},"end":{"line":353,"column":62}},"141":{"start":{"line":354,"column":12},"end":{"line":354,"column":57}},"142":{"start":{"line":356,"column":12},"end":{"line":356,"column":68}},"143":{"start":{"line":357,"column":6},"end":{"line":357,"column":28}},"144":{"start":{"line":361,"column":4},"end":{"line":361,"column":25}},"145":{"start":{"line":362,"column":4},"end":{"line":362,"column":43}},"146":{"start":{"line":363,"column":4},"end":{"line":363,"column":82}},"147":{"start":{"line":365,"column":4},"end":{"line":374,"column":5}},"148":{"start":{"line":366,"column":12},"end":{"line":366,"column":65}},"149":{"start":{"line":367,"column":12},"end":{"line":369,"column":90}},"150":{"start":{"line":370,"column":12},"end":{"line":370,"column":52}},"151":{"start":{"line":372,"column":12},"end":{"line":372,"column":65}},"152":{"start":{"line":373,"column":6},"end":{"line":373,"column":28}},"153":{"start":{"line":377,"column":4},"end":{"line":377,"column":41}},"154":{"start":{"line":380,"column":10},"end":{"line":393,"column":null}},"155":{"start":{"line":382,"column":24},"end":{"line":382,"column":65}},"156":{"start":{"line":383,"column":4},"end":{"line":386,"column":5}},"157":{"start":{"line":384,"column":6},"end":{"line":384,"column":94}},"158":{"start":{"line":385,"column":6},"end":{"line":385,"column":96}},"159":{"start":{"line":388,"column":25},"end":{"line":388,"column":63}},"160":{"start":{"line":389,"column":4},"end":{"line":392,"column":5}},"161":{"start":{"line":390,"column":6},"end":{"line":390,"column":96}},"162":{"start":{"line":391,"column":6},"end":{"line":391,"column":123}},"163":{"start":{"line":395,"column":10},"end":{"line":402,"column":null}},"164":{"start":{"line":397,"column":23},"end":{"line":397,"column":53}},"165":{"start":{"line":398,"column":4},"end":{"line":401,"column":5}},"166":{"start":{"line":400,"column":6},"end":{"line":400,"column":71}},"167":{"start":{"line":404,"column":10},"end":{"line":435,"column":null}},"168":{"start":{"line":406,"column":4},"end":{"line":406,"column":46}},"169":{"start":{"line":407,"column":4},"end":{"line":411,"column":6}},"170":{"start":{"line":414,"column":4},"end":{"line":422,"column":7}},"171":{"start":{"line":415,"column":6},"end":{"line":421,"column":7}},"172":{"start":{"line":416,"column":8},"end":{"line":420,"column":11}},"173":{"start":{"line":417,"column":10},"end":{"line":419,"column":11}},"174":{"start":{"line":418,"column":12},"end":{"line":418,"column":38}},"175":{"start":{"line":425,"column":4},"end":{"line":434,"column":7}},"176":{"start":{"line":426,"column":6},"end":{"line":433,"column":9}},"177":{"start":{"line":427,"column":8},"end":{"line":432,"column":10}},"178":{"start":{"line":437,"column":10},"end":{"line":439,"column":null}},"179":{"start":{"line":438,"column":4},"end":{"line":438,"column":57}},"180":{"start":{"line":438,"column":41},"end":{"line":438,"column":54}},"181":{"start":{"line":441,"column":8},"end":{"line":513,"column":null}},"182":{"start":{"line":442,"column":10},"end":{"line":442,"column":34}},"183":{"start":{"line":445,"column":4},"end":{"line":447,"column":5}},"184":{"start":{"line":446,"column":6},"end":{"line":446,"column":51}},"185":{"start":{"line":450,"column":10},"end":{"line":465,"column":7}},"186":{"start":{"line":452,"column":62},"end":{"line":464,"column":8}},"187":{"start":{"line":467,"column":10},"end":{"line":467,"column":68}},"188":{"start":{"line":468,"column":4},"end":{"line":468,"column":44}},"189":{"start":{"line":469,"column":4},"end":{"line":469,"column":30}},"190":{"start":{"line":472,"column":10},"end":{"line":489,"column":7}},"191":{"start":{"line":474,"column":63},"end":{"line":488,"column":8}},"192":{"start":{"line":491,"column":10},"end":{"line":491,"column":66}},"193":{"start":{"line":492,"column":4},"end":{"line":492,"column":46}},"194":{"start":{"line":493,"column":4},"end":{"line":493,"column":31}},"195":{"start":{"line":496,"column":10},"end":{"line":506,"column":7}},"196":{"start":{"line":498,"column":74},"end":{"line":505,"column":8}},"197":{"start":{"line":508,"column":10},"end":{"line":508,"column":73}},"198":{"start":{"line":509,"column":4},"end":{"line":509,"column":48}},"199":{"start":{"line":510,"column":4},"end":{"line":510,"column":32}},"200":{"start":{"line":512,"column":4},"end":{"line":512,"column":20}},"201":{"start":{"line":515,"column":10},"end":{"line":523,"column":null}},"202":{"start":{"line":516,"column":23},"end":{"line":520,"column":16}},"203":{"start":{"line":517,"column":6},"end":{"line":519,"column":null}},"204":{"start":{"line":518,"column":8},"end":{"line":518,"column":null}},"205":{"start":{"line":522,"column":4},"end":{"line":522,"column":22}},"206":{"start":{"line":524,"column":0},"end":{"line":524,"column":null}},"207":{"start":{"line":15,"column":13},"end":{"line":15,"column":26}}},"fnMap":{"0":{"name":"(anonymous_15)","decl":{"start":{"line":15,"column":0},"end":{"line":15,"column":13}},"loc":{"start":{"line":15,"column":0},"end":{"line":524,"column":null}}},"1":{"name":"ExcelExporter","decl":{"start":{"line":18,"column":2},"end":{"line":18,"column":25}},"loc":{"start":{"line":18,"column":2},"end":{"line":18,"column":26}}},"2":{"name":"(anonymous_17)","decl":{"start":{"line":20,"column":2},"end":{"line":20,"column":9}},"loc":{"start":{"line":20,"column":2},"end":{"line":25,"column":3}}},"3":{"name":"(anonymous_18)","decl":{"start":{"line":27,"column":2},"end":{"line":27,"column":8}},"loc":{"start":{"line":27,"column":2},"end":{"line":69,"column":null}}},"4":{"name":"(anonymous_21)","decl":{"start":{"line":71,"column":2},"end":{"line":71,"column":16}},"loc":{"start":{"line":71,"column":83},"end":{"line":102,"column":null}}},"5":{"name":"(anonymous_24)","decl":{"start":{"line":91,"column":19},"end":{"line":91,"column":24}},"loc":{"start":{"line":91,"column":24},"end":{"line":93,"column":5}}},"6":{"name":"(anonymous_25)","decl":{"start":{"line":104,"column":2},"end":{"line":104,"column":16}},"loc":{"start":{"line":104,"column":103},"end":{"line":147,"column":null}}},"7":{"name":"(anonymous_28)","decl":{"start":{"line":149,"column":2},"end":{"line":149,"column":16}},"loc":{"start":{"line":149,"column":94},"end":{"line":202,"column":null}}},"8":{"name":"(anonymous_31)","decl":{"start":{"line":204,"column":2},"end":{"line":204,"column":16}},"loc":{"start":{"line":204,"column":100},"end":{"line":237,"column":null}}},"9":{"name":"(anonymous_34)","decl":{"start":{"line":239,"column":2},"end":{"line":239,"column":16}},"loc":{"start":{"line":239,"column":79},"end":{"line":301,"column":null}}},"10":{"name":"(anonymous_37)","decl":{"start":{"line":303,"column":2},"end":{"line":303,"column":16}},"loc":{"start":{"line":303,"column":81},"end":{"line":325,"column":null}}},"11":{"name":"(anonymous_40)","decl":{"start":{"line":310,"column":22},"end":{"line":310,"column":30}},"loc":{"start":{"line":310,"column":30},"end":{"line":321,"column":5}}},"12":{"name":"(anonymous_41)","decl":{"start":{"line":327,"column":2},"end":{"line":327,"column":16}},"loc":{"start":{"line":327,"column":82},"end":{"line":378,"column":null}}},"13":{"name":"(anonymous_44)","decl":{"start":{"line":334,"column":30},"end":{"line":334,"column":35}},"loc":{"start":{"line":334,"column":35},"end":{"line":343,"column":5}}},"14":{"name":"(anonymous_45)","decl":{"start":{"line":380,"column":2},"end":{"line":380,"column":10}},"loc":{"start":{"line":380,"column":51},"end":{"line":393,"column":3}}},"15":{"name":"(anonymous_46)","decl":{"start":{"line":395,"column":2},"end":{"line":395,"column":10}},"loc":{"start":{"line":395,"column":58},"end":{"line":402,"column":3}}},"16":{"name":"(anonymous_47)","decl":{"start":{"line":404,"column":2},"end":{"line":404,"column":10}},"loc":{"start":{"line":404,"column":59},"end":{"line":435,"column":3}}},"17":{"name":"(anonymous_48)","decl":{"start":{"line":414,"column":22},"end":{"line":414,"column":23}},"loc":{"start":{"line":414,"column":37},"end":{"line":422,"column":5}}},"18":{"name":"(anonymous_49)","decl":{"start":{"line":416,"column":21},"end":{"line":416,"column":22}},"loc":{"start":{"line":416,"column":37},"end":{"line":420,"column":9}}},"19":{"name":"(anonymous_50)","decl":{"start":{"line":425,"column":22},"end":{"line":425,"column":23}},"loc":{"start":{"line":425,"column":26},"end":{"line":434,"column":5}}},"20":{"name":"(anonymous_51)","decl":{"start":{"line":426,"column":19},"end":{"line":426,"column":20}},"loc":{"start":{"line":426,"column":24},"end":{"line":433,"column":7}}},"21":{"name":"(anonymous_52)","decl":{"start":{"line":437,"column":2},"end":{"line":437,"column":10}},"loc":{"start":{"line":437,"column":36},"end":{"line":439,"column":3}}},"22":{"name":"(anonymous_53)","decl":{"start":{"line":438,"column":25},"end":{"line":438,"column":26}},"loc":{"start":{"line":438,"column":36},"end":{"line":438,"column":44}}},"23":{"name":"(anonymous_54)","decl":{"start":{"line":441,"column":2},"end":{"line":441,"column":8}},"loc":{"start":{"line":441,"column":69},"end":{"line":513,"column":null}}},"24":{"name":"(anonymous_57)","decl":{"start":{"line":452,"column":52},"end":{"line":452,"column":53}},"loc":{"start":{"line":452,"column":57},"end":{"line":452,"column":null}}},"25":{"name":"(anonymous_58)","decl":{"start":{"line":474,"column":53},"end":{"line":474,"column":54}},"loc":{"start":{"line":474,"column":58},"end":{"line":474,"column":null}}},"26":{"name":"(anonymous_59)","decl":{"start":{"line":498,"column":64},"end":{"line":498,"column":65}},"loc":{"start":{"line":498,"column":69},"end":{"line":498,"column":null}}},"27":{"name":"(anonymous_60)","decl":{"start":{"line":515,"column":2},"end":{"line":515,"column":10}},"loc":{"start":{"line":515,"column":54},"end":{"line":523,"column":3}}},"28":{"name":"(anonymous_61)","decl":{"start":{"line":516,"column":32},"end":{"line":516,"column":35}},"loc":{"start":{"line":516,"column":35},"end":{"line":517,"column":9}}},"29":{"name":"(anonymous_62)","decl":{"start":{"line":517,"column":14},"end":{"line":517,"column":18}},"loc":{"start":{"line":517,"column":18},"end":{"line":518,"column":15}}}},"branchMap":{"0":{"loc":{"start":{"line":21,"column":4},"end":{"line":23,"column":5}},"type":"if","locations":[{"start":{"line":21,"column":4},"end":{"line":23,"column":5}}]},"1":{"loc":{"start":{"line":29,"column":4},"end":{"line":29,"column":null}},"type":"if","locations":[{"start":{"line":29,"column":4},"end":{"line":29,"column":null}}]},"2":{"loc":{"start":{"line":45,"column":8},"end":{"line":45,"column":15}},"type":"if","locations":[{"start":{"line":45,"column":8},"end":{"line":45,"column":15}}]},"3":{"loc":{"start":{"line":49,"column":8},"end":{"line":49,"column":15}},"type":"if","locations":[{"start":{"line":49,"column":8},"end":{"line":49,"column":15}}]},"4":{"loc":{"start":{"line":53,"column":8},"end":{"line":53,"column":15}},"type":"if","locations":[{"start":{"line":53,"column":8},"end":{"line":53,"column":15}}]},"5":{"loc":{"start":{"line":58,"column":4},"end":{"line":60,"column":5}},"type":"if","locations":[{"start":{"line":58,"column":4},"end":{"line":60,"column":5}}]},"6":{"loc":{"start":{"line":63,"column":4},"end":{"line":65,"column":5}},"type":"if","locations":[{"start":{"line":63,"column":4},"end":{"line":65,"column":5}}]},"7":{"loc":{"start":{"line":87,"column":42},"end":{"line":87,"column":78}},"type":"binary-expr","locations":[{"start":{"line":87,"column":42},"end":{"line":87,"column":72}},{"start":{"line":87,"column":76},"end":{"line":87,"column":78}}]},"8":{"loc":{"start":{"line":87,"column":42},"end":{"line":87,"column":72}},"type":"cond-expr","locations":[{"start":{"line":87,"column":63},"end":{"line":87,"column":65}},{"start":{"line":87,"column":63},"end":{"line":87,"column":72}}]},"9":{"loc":{"start":{"line":87,"column":42},"end":{"line":87,"column":65}},"type":"binary-expr","locations":[{"start":{"line":87,"column":42},"end":{"line":87,"column":65}},{"start":{"line":87,"column":63},"end":{"line":87,"column":65}}]},"10":{"loc":{"start":{"line":112,"column":20},"end":{"line":112,"column":50}},"type":"binary-expr","locations":[{"start":{"line":112,"column":20},"end":{"line":112,"column":44}},{"start":{"line":112,"column":48},"end":{"line":112,"column":50}}]},"11":{"loc":{"start":{"line":112,"column":20},"end":{"line":112,"column":44}},"type":"cond-expr","locations":[{"start":{"line":112,"column":35},"end":{"line":112,"column":37}},{"start":{"line":112,"column":20},"end":{"line":112,"column":44}}]},"12":{"loc":{"start":{"line":112,"column":20},"end":{"line":112,"column":37}},"type":"binary-expr","locations":[{"start":{"line":112,"column":20},"end":{"line":112,"column":37}},{"start":{"line":112,"column":20},"end":{"line":112,"column":37}}]},"13":{"loc":{"start":{"line":116,"column":8},"end":{"line":116,"column":42}},"type":"binary-expr","locations":[{"start":{"line":116,"column":8},"end":{"line":116,"column":37}},{"start":{"line":116,"column":41},"end":{"line":116,"column":42}}]},"14":{"loc":{"start":{"line":116,"column":8},"end":{"line":116,"column":37}},"type":"cond-expr","locations":[{"start":{"line":116,"column":32},"end":{"line":116,"column":35}},{"start":{"line":116,"column":32},"end":{"line":116,"column":37}}]},"15":{"loc":{"start":{"line":116,"column":8},"end":{"line":116,"column":35}},"type":"binary-expr","locations":[{"start":{"line":116,"column":8},"end":{"line":116,"column":35}},{"start":{"line":116,"column":32},"end":{"line":116,"column":35}}]},"16":{"loc":{"start":{"line":116,"column":8},"end":{"line":116,"column":32}},"type":"cond-expr","locations":[{"start":{"line":116,"column":23},"end":{"line":116,"column":25}},{"start":{"line":116,"column":8},"end":{"line":116,"column":32}}]},"17":{"loc":{"start":{"line":116,"column":8},"end":{"line":116,"column":25}},"type":"binary-expr","locations":[{"start":{"line":116,"column":8},"end":{"line":116,"column":25}},{"start":{"line":116,"column":8},"end":{"line":116,"column":25}}]},"18":{"loc":{"start":{"line":117,"column":8},"end":{"line":117,"column":50}},"type":"binary-expr","locations":[{"start":{"line":117,"column":8},"end":{"line":117,"column":45}},{"start":{"line":117,"column":49},"end":{"line":117,"column":50}}]},"19":{"loc":{"start":{"line":117,"column":8},"end":{"line":117,"column":45}},"type":"cond-expr","locations":[{"start":{"line":117,"column":40},"end":{"line":117,"column":43}},{"start":{"line":117,"column":40},"end":{"line":117,"column":45}}]},"20":{"loc":{"start":{"line":117,"column":8},"end":{"line":117,"column":43}},"type":"binary-expr","locations":[{"start":{"line":117,"column":8},"end":{"line":117,"column":43}},{"start":{"line":117,"column":40},"end":{"line":117,"column":43}}]},"21":{"loc":{"start":{"line":117,"column":8},"end":{"line":117,"column":40}},"type":"cond-expr","locations":[{"start":{"line":117,"column":23},"end":{"line":117,"column":25}},{"start":{"line":117,"column":8},"end":{"line":117,"column":40}}]},"22":{"loc":{"start":{"line":117,"column":8},"end":{"line":117,"column":25}},"type":"binary-expr","locations":[{"start":{"line":117,"column":8},"end":{"line":117,"column":25}},{"start":{"line":117,"column":8},"end":{"line":117,"column":25}}]},"23":{"loc":{"start":{"line":118,"column":8},"end":{"line":118,"column":46}},"type":"binary-expr","locations":[{"start":{"line":118,"column":8},"end":{"line":118,"column":41}},{"start":{"line":118,"column":45},"end":{"line":118,"column":46}}]},"24":{"loc":{"start":{"line":118,"column":8},"end":{"line":118,"column":41}},"type":"cond-expr","locations":[{"start":{"line":118,"column":36},"end":{"line":118,"column":39}},{"start":{"line":118,"column":36},"end":{"line":118,"column":41}}]},"25":{"loc":{"start":{"line":118,"column":8},"end":{"line":118,"column":39}},"type":"binary-expr","locations":[{"start":{"line":118,"column":8},"end":{"line":118,"column":39}},{"start":{"line":118,"column":36},"end":{"line":118,"column":39}}]},"26":{"loc":{"start":{"line":118,"column":8},"end":{"line":118,"column":36}},"type":"cond-expr","locations":[{"start":{"line":118,"column":23},"end":{"line":118,"column":25}},{"start":{"line":118,"column":8},"end":{"line":118,"column":36}}]},"27":{"loc":{"start":{"line":118,"column":8},"end":{"line":118,"column":25}},"type":"binary-expr","locations":[{"start":{"line":118,"column":8},"end":{"line":118,"column":25}},{"start":{"line":118,"column":8},"end":{"line":118,"column":25}}]},"28":{"loc":{"start":{"line":119,"column":8},"end":{"line":119,"column":71}},"type":"binary-expr","locations":[{"start":{"line":119,"column":8},"end":{"line":119,"column":66}},{"start":{"line":119,"column":70},"end":{"line":119,"column":71}}]},"29":{"loc":{"start":{"line":119,"column":8},"end":{"line":119,"column":66}},"type":"cond-expr","locations":[{"start":{"line":119,"column":61},"end":{"line":119,"column":64}},{"start":{"line":119,"column":61},"end":{"line":119,"column":66}}]},"30":{"loc":{"start":{"line":119,"column":8},"end":{"line":119,"column":64}},"type":"binary-expr","locations":[{"start":{"line":119,"column":8},"end":{"line":119,"column":64}},{"start":{"line":119,"column":61},"end":{"line":119,"column":64}}]},"31":{"loc":{"start":{"line":119,"column":8},"end":{"line":119,"column":61}},"type":"cond-expr","locations":[{"start":{"line":119,"column":42},"end":{"line":119,"column":44}},{"start":{"line":119,"column":42},"end":{"line":119,"column":61}}]},"32":{"loc":{"start":{"line":119,"column":8},"end":{"line":119,"column":44}},"type":"binary-expr","locations":[{"start":{"line":119,"column":8},"end":{"line":119,"column":44}},{"start":{"line":119,"column":42},"end":{"line":119,"column":44}}]},"33":{"loc":{"start":{"line":119,"column":8},"end":{"line":119,"column":42}},"type":"cond-expr","locations":[{"start":{"line":119,"column":23},"end":{"line":119,"column":25}},{"start":{"line":119,"column":8},"end":{"line":119,"column":42}}]},"34":{"loc":{"start":{"line":119,"column":8},"end":{"line":119,"column":25}},"type":"binary-expr","locations":[{"start":{"line":119,"column":8},"end":{"line":119,"column":25}},{"start":{"line":119,"column":8},"end":{"line":119,"column":25}}]},"35":{"loc":{"start":{"line":120,"column":8},"end":{"line":120,"column":76}},"type":"binary-expr","locations":[{"start":{"line":120,"column":8},"end":{"line":120,"column":71}},{"start":{"line":120,"column":75},"end":{"line":120,"column":76}}]},"36":{"loc":{"start":{"line":120,"column":8},"end":{"line":120,"column":71}},"type":"cond-expr","locations":[{"start":{"line":120,"column":66},"end":{"line":120,"column":69}},{"start":{"line":120,"column":66},"end":{"line":120,"column":71}}]},"37":{"loc":{"start":{"line":120,"column":8},"end":{"line":120,"column":69}},"type":"binary-expr","locations":[{"start":{"line":120,"column":8},"end":{"line":120,"column":69}},{"start":{"line":120,"column":66},"end":{"line":120,"column":69}}]},"38":{"loc":{"start":{"line":120,"column":8},"end":{"line":120,"column":66}},"type":"cond-expr","locations":[{"start":{"line":120,"column":42},"end":{"line":120,"column":44}},{"start":{"line":120,"column":42},"end":{"line":120,"column":66}}]},"39":{"loc":{"start":{"line":120,"column":8},"end":{"line":120,"column":44}},"type":"binary-expr","locations":[{"start":{"line":120,"column":8},"end":{"line":120,"column":44}},{"start":{"line":120,"column":42},"end":{"line":120,"column":44}}]},"40":{"loc":{"start":{"line":120,"column":8},"end":{"line":120,"column":42}},"type":"cond-expr","locations":[{"start":{"line":120,"column":23},"end":{"line":120,"column":25}},{"start":{"line":120,"column":8},"end":{"line":120,"column":42}}]},"41":{"loc":{"start":{"line":120,"column":8},"end":{"line":120,"column":25}},"type":"binary-expr","locations":[{"start":{"line":120,"column":8},"end":{"line":120,"column":25}},{"start":{"line":120,"column":8},"end":{"line":120,"column":25}}]},"42":{"loc":{"start":{"line":121,"column":8},"end":{"line":121,"column":78}},"type":"binary-expr","locations":[{"start":{"line":121,"column":8},"end":{"line":121,"column":73}},{"start":{"line":121,"column":77},"end":{"line":121,"column":78}}]},"43":{"loc":{"start":{"line":121,"column":8},"end":{"line":121,"column":73}},"type":"cond-expr","locations":[{"start":{"line":121,"column":68},"end":{"line":121,"column":71}},{"start":{"line":121,"column":68},"end":{"line":121,"column":73}}]},"44":{"loc":{"start":{"line":121,"column":8},"end":{"line":121,"column":71}},"type":"binary-expr","locations":[{"start":{"line":121,"column":8},"end":{"line":121,"column":71}},{"start":{"line":121,"column":68},"end":{"line":121,"column":71}}]},"45":{"loc":{"start":{"line":121,"column":8},"end":{"line":121,"column":68}},"type":"cond-expr","locations":[{"start":{"line":121,"column":42},"end":{"line":121,"column":44}},{"start":{"line":121,"column":42},"end":{"line":121,"column":68}}]},"46":{"loc":{"start":{"line":121,"column":8},"end":{"line":121,"column":44}},"type":"binary-expr","locations":[{"start":{"line":121,"column":8},"end":{"line":121,"column":44}},{"start":{"line":121,"column":42},"end":{"line":121,"column":44}}]},"47":{"loc":{"start":{"line":121,"column":8},"end":{"line":121,"column":42}},"type":"cond-expr","locations":[{"start":{"line":121,"column":23},"end":{"line":121,"column":25}},{"start":{"line":121,"column":8},"end":{"line":121,"column":42}}]},"48":{"loc":{"start":{"line":121,"column":8},"end":{"line":121,"column":25}},"type":"binary-expr","locations":[{"start":{"line":121,"column":8},"end":{"line":121,"column":25}},{"start":{"line":121,"column":8},"end":{"line":121,"column":25}}]},"49":{"loc":{"start":{"line":122,"column":8},"end":{"line":122,"column":50}},"type":"binary-expr","locations":[{"start":{"line":122,"column":8},"end":{"line":122,"column":45}},{"start":{"line":122,"column":49},"end":{"line":122,"column":50}}]},"50":{"loc":{"start":{"line":122,"column":8},"end":{"line":122,"column":45}},"type":"cond-expr","locations":[{"start":{"line":122,"column":40},"end":{"line":122,"column":43}},{"start":{"line":122,"column":40},"end":{"line":122,"column":45}}]},"51":{"loc":{"start":{"line":122,"column":8},"end":{"line":122,"column":43}},"type":"binary-expr","locations":[{"start":{"line":122,"column":8},"end":{"line":122,"column":43}},{"start":{"line":122,"column":40},"end":{"line":122,"column":43}}]},"52":{"loc":{"start":{"line":122,"column":8},"end":{"line":122,"column":40}},"type":"cond-expr","locations":[{"start":{"line":122,"column":23},"end":{"line":122,"column":25}},{"start":{"line":122,"column":8},"end":{"line":122,"column":40}}]},"53":{"loc":{"start":{"line":122,"column":8},"end":{"line":122,"column":25}},"type":"binary-expr","locations":[{"start":{"line":122,"column":8},"end":{"line":122,"column":25}},{"start":{"line":122,"column":8},"end":{"line":122,"column":25}}]},"54":{"loc":{"start":{"line":123,"column":8},"end":{"line":123,"column":50}},"type":"binary-expr","locations":[{"start":{"line":123,"column":8},"end":{"line":123,"column":45}},{"start":{"line":123,"column":49},"end":{"line":123,"column":50}}]},"55":{"loc":{"start":{"line":123,"column":8},"end":{"line":123,"column":45}},"type":"cond-expr","locations":[{"start":{"line":123,"column":40},"end":{"line":123,"column":43}},{"start":{"line":123,"column":40},"end":{"line":123,"column":45}}]},"56":{"loc":{"start":{"line":123,"column":8},"end":{"line":123,"column":43}},"type":"binary-expr","locations":[{"start":{"line":123,"column":8},"end":{"line":123,"column":43}},{"start":{"line":123,"column":40},"end":{"line":123,"column":43}}]},"57":{"loc":{"start":{"line":123,"column":8},"end":{"line":123,"column":40}},"type":"cond-expr","locations":[{"start":{"line":123,"column":23},"end":{"line":123,"column":25}},{"start":{"line":123,"column":8},"end":{"line":123,"column":40}}]},"58":{"loc":{"start":{"line":123,"column":8},"end":{"line":123,"column":25}},"type":"binary-expr","locations":[{"start":{"line":123,"column":8},"end":{"line":123,"column":25}},{"start":{"line":123,"column":8},"end":{"line":123,"column":25}}]},"59":{"loc":{"start":{"line":124,"column":8},"end":{"line":124,"column":40}},"type":"binary-expr","locations":[{"start":{"line":124,"column":8},"end":{"line":124,"column":35}},{"start":{"line":124,"column":39},"end":{"line":124,"column":40}}]},"60":{"loc":{"start":{"line":124,"column":8},"end":{"line":124,"column":35}},"type":"cond-expr","locations":[{"start":{"line":124,"column":30},"end":{"line":124,"column":33}},{"start":{"line":124,"column":30},"end":{"line":124,"column":35}}]},"61":{"loc":{"start":{"line":124,"column":8},"end":{"line":124,"column":33}},"type":"binary-expr","locations":[{"start":{"line":124,"column":8},"end":{"line":124,"column":33}},{"start":{"line":124,"column":30},"end":{"line":124,"column":33}}]},"62":{"loc":{"start":{"line":124,"column":8},"end":{"line":124,"column":30}},"type":"cond-expr","locations":[{"start":{"line":124,"column":23},"end":{"line":124,"column":25}},{"start":{"line":124,"column":8},"end":{"line":124,"column":30}}]},"63":{"loc":{"start":{"line":124,"column":8},"end":{"line":124,"column":25}},"type":"binary-expr","locations":[{"start":{"line":124,"column":8},"end":{"line":124,"column":25}},{"start":{"line":124,"column":8},"end":{"line":124,"column":25}}]},"64":{"loc":{"start":{"line":125,"column":8},"end":{"line":125,"column":44}},"type":"binary-expr","locations":[{"start":{"line":125,"column":8},"end":{"line":125,"column":39}},{"start":{"line":125,"column":43},"end":{"line":125,"column":44}}]},"65":{"loc":{"start":{"line":125,"column":8},"end":{"line":125,"column":39}},"type":"cond-expr","locations":[{"start":{"line":125,"column":34},"end":{"line":125,"column":37}},{"start":{"line":125,"column":34},"end":{"line":125,"column":39}}]},"66":{"loc":{"start":{"line":125,"column":8},"end":{"line":125,"column":37}},"type":"binary-expr","locations":[{"start":{"line":125,"column":8},"end":{"line":125,"column":37}},{"start":{"line":125,"column":34},"end":{"line":125,"column":37}}]},"67":{"loc":{"start":{"line":125,"column":8},"end":{"line":125,"column":34}},"type":"cond-expr","locations":[{"start":{"line":125,"column":23},"end":{"line":125,"column":25}},{"start":{"line":125,"column":8},"end":{"line":125,"column":34}}]},"68":{"loc":{"start":{"line":125,"column":8},"end":{"line":125,"column":25}},"type":"binary-expr","locations":[{"start":{"line":125,"column":8},"end":{"line":125,"column":25}},{"start":{"line":125,"column":8},"end":{"line":125,"column":25}}]},"69":{"loc":{"start":{"line":132,"column":34},"end":{"line":132,"column":64}},"type":"binary-expr","locations":[{"start":{"line":132,"column":34},"end":{"line":132,"column":58}},{"start":{"line":132,"column":62},"end":{"line":132,"column":64}}]},"70":{"loc":{"start":{"line":132,"column":34},"end":{"line":132,"column":58}},"type":"cond-expr","locations":[{"start":{"line":132,"column":49},"end":{"line":132,"column":51}},{"start":{"line":132,"column":34},"end":{"line":132,"column":58}}]},"71":{"loc":{"start":{"line":132,"column":34},"end":{"line":132,"column":51}},"type":"binary-expr","locations":[{"start":{"line":132,"column":34},"end":{"line":132,"column":51}},{"start":{"line":132,"column":34},"end":{"line":132,"column":51}}]},"72":{"loc":{"start":{"line":133,"column":34},"end":{"line":133,"column":72}},"type":"binary-expr","locations":[{"start":{"line":133,"column":34},"end":{"line":133,"column":66}},{"start":{"line":133,"column":70},"end":{"line":133,"column":72}}]},"73":{"loc":{"start":{"line":133,"column":34},"end":{"line":133,"column":66}},"type":"cond-expr","locations":[{"start":{"line":133,"column":49},"end":{"line":133,"column":51}},{"start":{"line":133,"column":34},"end":{"line":133,"column":66}}]},"74":{"loc":{"start":{"line":133,"column":34},"end":{"line":133,"column":51}},"type":"binary-expr","locations":[{"start":{"line":133,"column":34},"end":{"line":133,"column":51}},{"start":{"line":133,"column":34},"end":{"line":133,"column":51}}]},"75":{"loc":{"start":{"line":134,"column":34},"end":{"line":134,"column":68}},"type":"binary-expr","locations":[{"start":{"line":134,"column":34},"end":{"line":134,"column":62}},{"start":{"line":134,"column":66},"end":{"line":134,"column":68}}]},"76":{"loc":{"start":{"line":134,"column":34},"end":{"line":134,"column":62}},"type":"cond-expr","locations":[{"start":{"line":134,"column":49},"end":{"line":134,"column":51}},{"start":{"line":134,"column":34},"end":{"line":134,"column":62}}]},"77":{"loc":{"start":{"line":134,"column":34},"end":{"line":134,"column":51}},"type":"binary-expr","locations":[{"start":{"line":134,"column":34},"end":{"line":134,"column":51}},{"start":{"line":134,"column":34},"end":{"line":134,"column":51}}]},"78":{"loc":{"start":{"line":135,"column":34},"end":{"line":135,"column":93}},"type":"binary-expr","locations":[{"start":{"line":135,"column":34},"end":{"line":135,"column":87}},{"start":{"line":135,"column":91},"end":{"line":135,"column":93}}]},"79":{"loc":{"start":{"line":135,"column":34},"end":{"line":135,"column":87}},"type":"cond-expr","locations":[{"start":{"line":135,"column":68},"end":{"line":135,"column":70}},{"start":{"line":135,"column":68},"end":{"line":135,"column":87}}]},"80":{"loc":{"start":{"line":135,"column":34},"end":{"line":135,"column":70}},"type":"binary-expr","locations":[{"start":{"line":135,"column":34},"end":{"line":135,"column":70}},{"start":{"line":135,"column":68},"end":{"line":135,"column":70}}]},"81":{"loc":{"start":{"line":135,"column":34},"end":{"line":135,"column":68}},"type":"cond-expr","locations":[{"start":{"line":135,"column":49},"end":{"line":135,"column":51}},{"start":{"line":135,"column":34},"end":{"line":135,"column":68}}]},"82":{"loc":{"start":{"line":135,"column":34},"end":{"line":135,"column":51}},"type":"binary-expr","locations":[{"start":{"line":135,"column":34},"end":{"line":135,"column":51}},{"start":{"line":135,"column":34},"end":{"line":135,"column":51}}]},"83":{"loc":{"start":{"line":136,"column":34},"end":{"line":136,"column":98}},"type":"binary-expr","locations":[{"start":{"line":136,"column":34},"end":{"line":136,"column":92}},{"start":{"line":136,"column":96},"end":{"line":136,"column":98}}]},"84":{"loc":{"start":{"line":136,"column":34},"end":{"line":136,"column":92}},"type":"cond-expr","locations":[{"start":{"line":136,"column":68},"end":{"line":136,"column":70}},{"start":{"line":136,"column":68},"end":{"line":136,"column":92}}]},"85":{"loc":{"start":{"line":136,"column":34},"end":{"line":136,"column":70}},"type":"binary-expr","locations":[{"start":{"line":136,"column":34},"end":{"line":136,"column":70}},{"start":{"line":136,"column":68},"end":{"line":136,"column":70}}]},"86":{"loc":{"start":{"line":136,"column":34},"end":{"line":136,"column":68}},"type":"cond-expr","locations":[{"start":{"line":136,"column":49},"end":{"line":136,"column":51}},{"start":{"line":136,"column":34},"end":{"line":136,"column":68}}]},"87":{"loc":{"start":{"line":136,"column":34},"end":{"line":136,"column":51}},"type":"binary-expr","locations":[{"start":{"line":136,"column":34},"end":{"line":136,"column":51}},{"start":{"line":136,"column":34},"end":{"line":136,"column":51}}]},"88":{"loc":{"start":{"line":137,"column":34},"end":{"line":137,"column":100}},"type":"binary-expr","locations":[{"start":{"line":137,"column":34},"end":{"line":137,"column":94}},{"start":{"line":137,"column":98},"end":{"line":137,"column":100}}]},"89":{"loc":{"start":{"line":137,"column":34},"end":{"line":137,"column":94}},"type":"cond-expr","locations":[{"start":{"line":137,"column":68},"end":{"line":137,"column":70}},{"start":{"line":137,"column":68},"end":{"line":137,"column":94}}]},"90":{"loc":{"start":{"line":137,"column":34},"end":{"line":137,"column":70}},"type":"binary-expr","locations":[{"start":{"line":137,"column":34},"end":{"line":137,"column":70}},{"start":{"line":137,"column":68},"end":{"line":137,"column":70}}]},"91":{"loc":{"start":{"line":137,"column":34},"end":{"line":137,"column":68}},"type":"cond-expr","locations":[{"start":{"line":137,"column":49},"end":{"line":137,"column":51}},{"start":{"line":137,"column":34},"end":{"line":137,"column":68}}]},"92":{"loc":{"start":{"line":137,"column":34},"end":{"line":137,"column":51}},"type":"binary-expr","locations":[{"start":{"line":137,"column":34},"end":{"line":137,"column":51}},{"start":{"line":137,"column":34},"end":{"line":137,"column":51}}]},"93":{"loc":{"start":{"line":138,"column":34},"end":{"line":138,"column":72}},"type":"binary-expr","locations":[{"start":{"line":138,"column":34},"end":{"line":138,"column":66}},{"start":{"line":138,"column":70},"end":{"line":138,"column":72}}]},"94":{"loc":{"start":{"line":138,"column":34},"end":{"line":138,"column":66}},"type":"cond-expr","locations":[{"start":{"line":138,"column":49},"end":{"line":138,"column":51}},{"start":{"line":138,"column":34},"end":{"line":138,"column":66}}]},"95":{"loc":{"start":{"line":138,"column":34},"end":{"line":138,"column":51}},"type":"binary-expr","locations":[{"start":{"line":138,"column":34},"end":{"line":138,"column":51}},{"start":{"line":138,"column":34},"end":{"line":138,"column":51}}]},"96":{"loc":{"start":{"line":139,"column":34},"end":{"line":139,"column":72}},"type":"binary-expr","locations":[{"start":{"line":139,"column":34},"end":{"line":139,"column":66}},{"start":{"line":139,"column":70},"end":{"line":139,"column":72}}]},"97":{"loc":{"start":{"line":139,"column":34},"end":{"line":139,"column":66}},"type":"cond-expr","locations":[{"start":{"line":139,"column":49},"end":{"line":139,"column":51}},{"start":{"line":139,"column":34},"end":{"line":139,"column":66}}]},"98":{"loc":{"start":{"line":139,"column":34},"end":{"line":139,"column":51}},"type":"binary-expr","locations":[{"start":{"line":139,"column":34},"end":{"line":139,"column":51}},{"start":{"line":139,"column":34},"end":{"line":139,"column":51}}]},"99":{"loc":{"start":{"line":140,"column":34},"end":{"line":140,"column":62}},"type":"binary-expr","locations":[{"start":{"line":140,"column":34},"end":{"line":140,"column":56}},{"start":{"line":140,"column":60},"end":{"line":140,"column":62}}]},"100":{"loc":{"start":{"line":140,"column":34},"end":{"line":140,"column":56}},"type":"cond-expr","locations":[{"start":{"line":140,"column":49},"end":{"line":140,"column":51}},{"start":{"line":140,"column":34},"end":{"line":140,"column":56}}]},"101":{"loc":{"start":{"line":140,"column":34},"end":{"line":140,"column":51}},"type":"binary-expr","locations":[{"start":{"line":140,"column":34},"end":{"line":140,"column":51}},{"start":{"line":140,"column":34},"end":{"line":140,"column":51}}]},"102":{"loc":{"start":{"line":141,"column":34},"end":{"line":141,"column":66}},"type":"binary-expr","locations":[{"start":{"line":141,"column":34},"end":{"line":141,"column":60}},{"start":{"line":141,"column":64},"end":{"line":141,"column":66}}]},"103":{"loc":{"start":{"line":141,"column":34},"end":{"line":141,"column":60}},"type":"cond-expr","locations":[{"start":{"line":141,"column":49},"end":{"line":141,"column":51}},{"start":{"line":141,"column":34},"end":{"line":141,"column":60}}]},"104":{"loc":{"start":{"line":141,"column":34},"end":{"line":141,"column":51}},"type":"binary-expr","locations":[{"start":{"line":141,"column":34},"end":{"line":141,"column":51}},{"start":{"line":141,"column":34},"end":{"line":141,"column":51}}]},"105":{"loc":{"start":{"line":156,"column":20},"end":{"line":156,"column":47}},"type":"binary-expr","locations":[{"start":{"line":156,"column":20},"end":{"line":156,"column":41}},{"start":{"line":156,"column":45},"end":{"line":156,"column":47}}]},"106":{"loc":{"start":{"line":156,"column":20},"end":{"line":156,"column":41}},"type":"cond-expr","locations":[{"start":{"line":156,"column":32},"end":{"line":156,"column":34}},{"start":{"line":156,"column":20},"end":{"line":156,"column":41}}]},"107":{"loc":{"start":{"line":156,"column":20},"end":{"line":156,"column":34}},"type":"binary-expr","locations":[{"start":{"line":156,"column":20},"end":{"line":156,"column":34}},{"start":{"line":156,"column":20},"end":{"line":156,"column":34}}]},"108":{"loc":{"start":{"line":160,"column":8},"end":{"line":160,"column":44}},"type":"binary-expr","locations":[{"start":{"line":160,"column":8},"end":{"line":160,"column":39}},{"start":{"line":160,"column":43},"end":{"line":160,"column":44}}]},"109":{"loc":{"start":{"line":160,"column":8},"end":{"line":160,"column":39}},"type":"cond-expr","locations":[{"start":{"line":160,"column":34},"end":{"line":160,"column":37}},{"start":{"line":160,"column":34},"end":{"line":160,"column":39}}]},"110":{"loc":{"start":{"line":160,"column":8},"end":{"line":160,"column":37}},"type":"binary-expr","locations":[{"start":{"line":160,"column":8},"end":{"line":160,"column":37}},{"start":{"line":160,"column":34},"end":{"line":160,"column":37}}]},"111":{"loc":{"start":{"line":160,"column":8},"end":{"line":160,"column":34}},"type":"cond-expr","locations":[{"start":{"line":160,"column":28},"end":{"line":160,"column":30}},{"start":{"line":160,"column":28},"end":{"line":160,"column":34}}]},"112":{"loc":{"start":{"line":160,"column":8},"end":{"line":160,"column":30}},"type":"binary-expr","locations":[{"start":{"line":160,"column":8},"end":{"line":160,"column":30}},{"start":{"line":160,"column":28},"end":{"line":160,"column":30}}]},"113":{"loc":{"start":{"line":160,"column":8},"end":{"line":160,"column":28}},"type":"cond-expr","locations":[{"start":{"line":160,"column":20},"end":{"line":160,"column":22}},{"start":{"line":160,"column":8},"end":{"line":160,"column":28}}]},"114":{"loc":{"start":{"line":160,"column":8},"end":{"line":160,"column":22}},"type":"binary-expr","locations":[{"start":{"line":160,"column":8},"end":{"line":160,"column":22}},{"start":{"line":160,"column":8},"end":{"line":160,"column":22}}]},"115":{"loc":{"start":{"line":161,"column":8},"end":{"line":161,"column":58}},"type":"binary-expr","locations":[{"start":{"line":161,"column":8},"end":{"line":161,"column":53}},{"start":{"line":161,"column":57},"end":{"line":161,"column":58}}]},"116":{"loc":{"start":{"line":161,"column":8},"end":{"line":161,"column":53}},"type":"cond-expr","locations":[{"start":{"line":161,"column":48},"end":{"line":161,"column":51}},{"start":{"line":161,"column":48},"end":{"line":161,"column":53}}]},"117":{"loc":{"start":{"line":161,"column":8},"end":{"line":161,"column":51}},"type":"binary-expr","locations":[{"start":{"line":161,"column":8},"end":{"line":161,"column":51}},{"start":{"line":161,"column":48},"end":{"line":161,"column":51}}]},"118":{"loc":{"start":{"line":161,"column":8},"end":{"line":161,"column":48}},"type":"cond-expr","locations":[{"start":{"line":161,"column":28},"end":{"line":161,"column":30}},{"start":{"line":161,"column":28},"end":{"line":161,"column":48}}]},"119":{"loc":{"start":{"line":161,"column":8},"end":{"line":161,"column":30}},"type":"binary-expr","locations":[{"start":{"line":161,"column":8},"end":{"line":161,"column":30}},{"start":{"line":161,"column":28},"end":{"line":161,"column":30}}]},"120":{"loc":{"start":{"line":161,"column":8},"end":{"line":161,"column":28}},"type":"cond-expr","locations":[{"start":{"line":161,"column":20},"end":{"line":161,"column":22}},{"start":{"line":161,"column":8},"end":{"line":161,"column":28}}]},"121":{"loc":
[...]
mn":51}},"type":"cond-expr","locations":[{"start":{"line":351,"column":34},"end":{"line":351,"column":36}},{"start":{"line":351,"column":34},"end":{"line":351,"column":51}}]},"49":{"loc":{"start":{"line":351,"column":12},"end":{"line":351,"column":36}},"type":"binary-expr","locations":[{"start":{"line":351,"column":12},"end":{"line":351,"column":36}},{"start":{"line":351,"column":34},"end":{"line":351,"column":36}}]},"50":{"loc":{"start":{"line":351,"column":61},"end":{"line":351,"column":117}},"type":"binary-expr","locations":[{"start":{"line":351,"column":61},"end":{"line":351,"column":112}},{"start":{"line":351,"column":116},"end":{"line":351,"column":117}}]},"51":{"loc":{"start":{"line":351,"column":61},"end":{"line":351,"column":112}},"type":"cond-expr","locations":[{"start":{"line":351,"column":85},"end":{"line":351,"column":87}},{"start":{"line":351,"column":85},"end":{"line":351,"column":112}}]},"52":{"loc":{"start":{"line":351,"column":61},"end":{"line":351,"column":87}},"type":"binary-expr","locations":[{"start":{"line":351,"column":61},"end":{"line":351,"column":87}},{"start":{"line":351,"column":85},"end":{"line":351,"column":87}}]},"53":{"loc":{"start":{"line":354,"column":30},"end":{"line":354,"column":120}},"type":"binary-expr","locations":[{"start":{"line":354,"column":30},"end":{"line":354,"column":90}},{"start":{"line":354,"column":94},"end":{"line":354,"column":120}}]},"54":{"loc":{"start":{"line":354,"column":30},"end":{"line":354,"column":90}},"type":"cond-expr","locations":[{"start":{"line":354,"column":52},"end":{"line":354,"column":54}},{"start":{"line":354,"column":52},"end":{"line":354,"column":90}}]},"55":{"loc":{"start":{"line":354,"column":30},"end":{"line":354,"column":54}},"type":"binary-expr","locations":[{"start":{"line":354,"column":30},"end":{"line":354,"column":54}},{"start":{"line":354,"column":52},"end":{"line":354,"column":54}}]},"56":{"loc":{"start":{"line":355,"column":30},"end":{"line":355,"column":87}},"type":"binary-expr","locations":[{"start":{"line":355,"column":30},"end":{"line":355,"column":57}},{"start":{"line":355,"column":61},"end":{"line":355,"column":87}}]},"57":{"loc":{"start":{"line":355,"column":30},"end":{"line":355,"column":57}},"type":"cond-expr","locations":[{"start":{"line":355,"column":44},"end":{"line":355,"column":46}},{"start":{"line":355,"column":44},"end":{"line":355,"column":57}}]},"58":{"loc":{"start":{"line":355,"column":30},"end":{"line":355,"column":46}},"type":"binary-expr","locations":[{"start":{"line":355,"column":30},"end":{"line":355,"column":46}},{"start":{"line":355,"column":44},"end":{"line":355,"column":46}}]},"59":{"loc":{"start":{"line":403,"column":25},"end":{"line":403,"column":57}},"type":"binary-expr","locations":[{"start":{"line":403,"column":25},"end":{"line":403,"column":47}},{"start":{"line":403,"column":51},"end":{"line":403,"column":57}}]},"60":{"loc":{"start":{"line":407,"column":25},"end":{"line":407,"column":56}},"type":"binary-expr","locations":[{"start":{"line":407,"column":25},"end":{"line":407,"column":51}},{"start":{"line":407,"column":55},"end":{"line":407,"column":56}}]},"61":{"loc":{"start":{"line":415,"column":27},"end":{"line":415,"column":56}},"type":"binary-expr","locations":[{"start":{"line":415,"column":27},"end":{"line":415,"column":49}},{"start":{"line":415,"column":53},"end":{"line":415,"column":56}}]}},"s":{"0":2,"1":2,"2":2,"3":2,"4":26,"5":2,"6":26,"7":2,"8":26,"9":2,"10":23,"11":20,"12":20,"13":20,"14":2,"15":23,"16":23,"17":23,"18":23,"19":139,"20":139,"21":139,"22":139,"23":3,"24":136,"25":20,"26":2,"27":139,"28":139,"29":2,"30":139,"31":115,"32":115,"33":115,"34":115,"35":115,"36":1,"37":139,"38":2,"39":115,"40":115,"41":115,"42":115,"43":115,"44":0,"45":0,"46":0,"47":2,"48":20,"49":20,"50":20,"51":20,"52":19,"53":19,"54":20,"55":2,"56":19,"57":19,"58":19,"59":19,"60":19,"61":19,"62":19,"63":19,"64":2,"65":19,"66":19,"67":19,"68":19,"69":19,"70":19,"71":1140,"72":0,"73":0,"74":0,"75":0,"76":0,"77":0,"78":0,"79":0,"80":0,"81":0,"82":0,"83":0,"84":19,"85":2,"86":20,"87":20,"88":20,"89":20,"90":20,"91":2,"92":20,"93":20,"94":20,"95":1200,"96":20,"97":20,"98":1200,"99":20,"100":1200,"101":20,"102":20,"103":1200,"104":20,"105":1200,"106":20,"107":2,"108":20,"109":20,"110":20,"111":20,"112":20,"113":20,"114":1200,"115":20,"116":20,"117":20,"118":1200,"119":20,"120":20,"121":20,"122":1200,"123":20,"124":2,"125":20,"126":1200,"127":20,"128":0,"129":20,"130":20,"131":1200,"132":20,"133":20,"134":2,"135":20,"136":2,"137":20,"138":19,"139":2,"140":20,"141":20,"142":20,"143":20,"144":1200,"145":1200,"146":1200,"147":20,"148":2,"149":20,"150":20,"151":1200,"152":2,"153":60,"154":3600,"155":2,"156":20,"157":20,"158":20,"159":20,"160":1200,"161":1200,"162":20,"163":2,"164":20,"165":20,"166":20,"167":20,"168":1200,"169":1200,"170":20,"171":2,"172":20,"173":20,"174":20,"175":20,"176":1200,"177":1200,"178":20,"179":2,"180":20,"181":2,"182":2,"183":2,"184":2,"185":2},"f":{"0":2,"1":2,"2":26,"3":26,"4":23,"5":23,"6":139,"7":115,"8":20,"9":19,"10":19,"11":20,"12":20,"13":1200,"14":1200,"15":1200,"16":1200,"17":1200,"18":20,"19":1200,"20":1200,"21":1200,"22":20,"23":1200,"24":0,"25":1200,"26":20,"27":20,"28":19,"29":20,"30":20,"31":1200,"32":60,"33":3600,"34":20,"35":20,"36":20,"37":20,"38":2},"b":{"0":[2],"1":[26,1],"2":[20,20],"3":[127,12],"4":[139,139],"5":[3],"6":[2],"7":[139,139,137,137],"8":[115],"9":[1],"10":[115,0,0,0],"11":[115,115],"12":[0,0,0],"13":[19,0],"14":[19,0],"15":[0,0],"16":[0,0],"17":[0,0],"18":[0],"19":[0,0],"20":[0,0],"21":[20,1],"22":[20,1],"23":[20,20],"24":[20,20],"25":[20,0],"26":[20,20],"27":[1200,60],"28":[20,20],"29":[20,0],"30":[20,20],"31":[20,20],"32":[20,0],"33":[20,20],"34":[20,20],"35":[20,0],"36":[20,20],"37":[20,20],"38":[20,0],"39":[20,20],"40":[20,20],"41":[20,0],"42":[20,20],"43":[20,20],"44":[20,0],"45":[20,20],"46":[20,20],"47":[1200,1200],"48":[1200,0],"49":[1200,1200],"50":[1200,1200],"51":[1200,0],"52":[1200,1200],"53":[20,20],"54":[20,0],"55":[20,20],"56":[20,20],"57":[20,0],"58":[20,20],"59":[20,19],"60":[1200,0],"61":[20,20]}}
,"/Users/iyanski/Projects/xco/finmod/src/pages/api/business/classify.ts": {"path":"/Users/iyanski/Projects/xco/finmod/src/pages/api/business/classify.ts","statementMap":{"0":{"start":{"line":5,"column":0},"end":{"line":5,"column":30}},"1":{"start":{"line":2,"column":0},"end":{"line":2,"column":63}},"2":{"start":{"line":9,"column":2},"end":{"line":14,"column":3}},"3":{"start":{"line":10,"column":4},"end":{"line":13,"column":7}},"4":{"start":{"line":17,"column":12},"end":{"line":17,"column":28}},"5":{"start":{"line":19,"column":4},"end":{"line":24,"column":5}},"6":{"start":{"line":20,"column":6},"end":{"line":23,"column":9}},"7":{"start":{"line":26,"column":10},"end":{"line":26,"column":56}},"8":{"start":{"line":27,"column":27},"end":{"line":27,"column":null}},"9":{"start":{"line":27,"column":10},"end":{"line":27,"column":null}},"10":{"start":{"line":29,"column":4},"end":{"line":32,"column":7}},"11":{"start":{"line":34,"column":4},"end":{"line":34,"column":56}},"12":{"start":{"line":35,"column":4},"end":{"line":38,"column":7}}},"fnMap":{"0":{"name":"handler","decl":{"start":{"line":5,"column":30},"end":{"line":5,"column":37}},"loc":{"start":{"line":7,"column":35},"end":{"line":40,"column":null}}}},"branchMap":{"0":{"loc":{"start":{"line":9,"column":2},"end":{"line":14,"column":3}},"type":"if","locations":[{"start":{"line":9,"column":2},"end":{"line":14,"column":3}}]},"1":{"loc":{"start":{"line":19,"column":4},"end":{"line":24,"column":5}},"type":"if","locations":[{"start":{"line":19,"column":4},"end":{"line":24,"column":5}}]},"2":{"loc":{"start":{"line":19,"column":8},"end":{"line":19,"column":55}},"type":"binary-expr","locations":[{"start":{"line":19,"column":8},"end":{"line":19,"column":20}},{"start":{"line":19,"column":24},"end":{"line":19,"column":55}}]}},"s":{"0":1,"1":1,"2":6,"3":1,"4":5,"5":5,"6":3,"7":2,"8":2,"9":2,"10":2,"11":0,"12":0},"f":{"0":6},"b":{"0":[1],"1":[3],"2":[5,3]}}
,"/Users/iyanski/Projects/xco/finmod/src/pages/api/export/csv.ts": {"path":"/Users/iyanski/Projects/xco/finmod/src/pages/api/export/csv.ts","statementMap":{"0":{"start":{"line":8,"column":0},"end":{"line":8,"column":30}},"1":{"start":{"line":2,"column":0},"end":{"line":2,"column":53}},"2":{"start":{"line":3,"column":0},"end":{"line":3,"column":55}},"3":{"start":{"line":5,"column":0},"end":{"line":5,"column":24}},"4":{"start":{"line":6,"column":0},"end":{"line":6,"column":20}},"5":{"start":{"line":12,"column":2},"end":{"line":17,"column":3}},"6":{"start":{"line":13,"column":4},"end":{"line":16,"column":7}},"7":{"start":{"line":20,"column":10},"end":{"line":20,"column":37}},"8":{"start":{"line":22,"column":4},"end":{"line":27,"column":5}},"9":{"start":{"line":23,"column":6},"end":{"line":26,"column":9}},"10":{"start":{"line":30,"column":10},"end":{"line":30,"column":56}},"11":{"start":{"line":31,"column":10},"end":{"line":31,"column":62}},"12":{"start":{"line":32,"column":10},"end":{"line":32,"column":74}},"13":{"start":{"line":35,"column":10},"end":{"line":35,"column":54}},"14":{"start":{"line":36,"column":10},"end":{"line":36,"column":77}},"15":{"start":{"line":37,"column":21},"end":{"line":37,"column":null}},"16":{"start":{"line":37,"column":10},"end":{"line":37,"column":null}},"17":{"start":{"line":40,"column":10},"end":{"line":40,"column":41}},"18":{"start":{"line":41,"column":10},"end":{"line":41,"column":68}},"19":{"start":{"line":42,"column":10},"end":{"line":42,"column":49}},"20":{"start":{"line":43,"column":10},"end":{"line":43,"column":60}},"21":{"start":{"line":45,"column":4},"end":{"line":59,"column":7}},"22":{"start":{"line":47,"column":24},"end":{"line":47,"column":48}},"23":{"start":{"line":49,"column":6},"end":{"line":49,"column":55}},"24":{"start":{"line":50,"column":6},"end":{"line":50,"column":114}},"25":{"start":{"line":51,"column":6},"end":{"line":51,"column":56}},"26":{"start":{"line":53,"column":6},"end":{"line":53,"column":26}},"27":{"start":{"line":56,"column":6},"end":{"line":56,"column":52}},"28":{"start":{"line":56,"column":31},"end":{"line":56,"column":51}},"29":{"start":{"line":57,"column":6},"end":{"line":57,"column":29}},"30":{"start":{"line":58,"column":6},"end":{"line":58,"column":30}},"31":{"start":{"line":61,"column":4},"end":{"line":63,"column":7}},"32":{"start":{"line":62,"column":6},"end":{"line":62,"column":16}},"33":{"start":{"line":65,"column":4},"end":{"line":65,"column":25}},"34":{"start":{"line":68,"column":4},"end":{"line":71,"column":7}},"35":{"start":{"line":69,"column":23},"end":{"line":69,"column":42}},"36":{"start":{"line":70,"column":6},"end":{"line":70,"column":45}},"37":{"start":{"line":73,"column":4},"end":{"line":73,"column":23}},"38":{"start":{"line":75,"column":4},"end":{"line":75,"column":52}},"39":{"start":{"line":76,"column":4},"end":{"line":79,"column":7}}},"fnMap":{"0":{"name":"handler","decl":{"start":{"line":8,"column":30},"end":{"line":8,"column":37}},"loc":{"start":{"line":10,"column":22},"end":{"line":81,"column":null}}},"1":{"name":"(anonymous_17)","decl":{"start":{"line":45,"column":23},"end":{"line":45,"column":null}},"loc":{"start":{"line":45,"column":23},"end":{"line":59,"column":5}}},"2":{"name":"(anonymous_18)","decl":{"start":{"line":56,"column":23},"end":{"line":56,"column":27}},"loc":{"start":{"line":56,"column":27},"end":{"line":56,"column":33}}},"3":{"name":"(anonymous_19)","decl":{"start":{"line":61,"column":24},"end":{"line":61,"column":25}},"loc":{"start":{"line":61,"column":33},"end":{"line":63,"column":5}}},"4":{"name":"(anonymous_20)","decl":{"start":{"line":68,"column":21},"end":{"line":68,"column":25}},"loc":{"start":{"line":68,"column":25},"end":{"line":71,"column":5}}}},"branchMap":{"0":{"loc":{"start":{"line":12,"column":2},"end":{"line":17,"column":3}},"type":"if","locations":[{"start":{"line":12,"column":2},"end":{"line":17,"column":3}}]},"1":{"loc":{"start":{"line":22,"column":4},"end":{"line":27,"column":5}},"type":"if","locations":[{"start":{"line":22,"column":4},"end":{"line":27,"column":5}}]},"2":{"loc":{"start":{"line":22,"column":8},"end":{"line":22,"column":32}},"type":"binary-expr","locations":[{"start":{"line":22,"column":8},"end":{"line":22,"column":21}},{"start":{"line":22,"column":25},"end":{"line":22,"column":32}}]}},"s":{"0":0,"1":0,"2":0,"3":0,"4":0,"5":0,"6":0,"7":0,"8":0,"9":0,"10":0,"11":0,"12":0,"13":0,"14":0,"15":0,"16":0,"17":0,"18":0,"19":0,"20":0,"21":0,"22":0,"23":0,"24":0,"25":0,"26":0,"27":0,"28":0,"29":0,"30":0,"31":0,"32":0,"33":0,"34":0,"35":0,"36":0,"37":0,"38":0,"39":0},"f":{"0":0,"1":0,"2":0,"3":0,"4":0},"b":{"0":[0],"1":[0],"2":[0,0]}}
,"/Users/iyanski/Projects/xco/finmod/src/pages/api/export/excel.ts": {"path":"/Users/iyanski/Projects/xco/finmod/src/pages/api/export/excel.ts","statementMap":{"0":{"start":{"line":6,"column":0},"end":{"line":6,"column":30}},"1":{"start":{"line":2,"column":0},"end":{"line":2,"column":53}},"2":{"start":{"line":3,"column":0},"end":{"line":3,"column":55}},"3":{"start":{"line":10,"column":2},"end":{"line":15,"column":3}},"4":{"start":{"line":11,"column":4},"end":{"line":14,"column":7}},"5":{"start":{"line":18,"column":10},"end":{"line":18,"column":51}},"6":{"start":{"line":20,"column":4},"end":{"line":25,"column":5}},"7":{"start":{"line":21,"column":6},"end":{"line":24,"column":9}},"8":{"start":{"line":28,"column":10},"end":{"line":28,"column":56}},"9":{"start":{"line":29,"column":10},"end":{"line":29,"column":62}},"10":{"start":{"line":30,"column":10},"end":{"line":30,"column":74}},"11":{"start":{"line":33,"column":10},"end":{"line":33,"column":54}},"12":{"start":{"line":34,"column":24},"end":{"line":42,"column":null}},"13":{"start":{"line":34,"column":10},"end":{"line":42,"column":null}},"14":{"start":{"line":45,"column":4},"end":{"line":45,"column":103}},"15":{"start":{"line":46,"column":4},"end":{"line":46,"column":109}},"16":{"start":{"line":47,"column":4},"end":{"line":47,"column":56}},"17":{"start":{"line":50,"column":4},"end":{"line":50,"column":26}},"18":{"start":{"line":52,"column":4},"end":{"line":52,"column":54}},"19":{"start":{"line":53,"column":4},"end":{"line":56,"column":7}}},"fnMap":{"0":{"name":"handler","decl":{"start":{"line":6,"column":30},"end":{"line":6,"column":37}},"loc":{"start":{"line":8,"column":22},"end":{"line":58,"column":null}}}},"branchMap":{"0":{"loc":{"start":{"line":10,"column":2},"end":{"line":15,"column":3}},"type":"if","locations":[{"start":{"line":10,"column":2},"end":{"line":15,"column":3}}]},"1":{"loc":{"start":{"line":18,"column":41},"end":{"line":18,"column":51}},"type":"cond-expr","locations":[{"start":{"line":18,"column":44},"end":{"line":18,"column":46}},{"start":{"line":18,"column":46},"end":{"line":18,"column":51}}]},"2":{"loc":{"start":{"line":20,"column":4},"end":{"line":25,"column":5}},"type":"if","locations":[{"start":{"line":20,"column":4},"end":{"line":25,"column":5}}]},"3":{"loc":{"start":{"line":20,"column":8},"end":{"line":20,"column":32}},"type":"binary-expr","locations":[{"start":{"line":20,"column":8},"end":{"line":20,"column":21}},{"start":{"line":20,"column":25},"end":{"line":20,"column":32}}]}},"s":{"0":0,"1":0,"2":0,"3":0,"4":0,"5":0,"6":0,"7":0,"8":0,"9":0,"10":0,"11":0,"12":0,"13":0,"14":0,"15":0,"16":0,"17":0,"18":0,"19":0},"f":{"0":0},"b":{"0":[0],"1":[0,0],"2":[0],"3":[0,0]}}
,"/Users/iyanski/Projects/xco/finmod/src/pages/api/models/generate.ts": {"path":"/Users/iyanski/Projects/xco/finmod/src/pages/api/models/generate.ts","statementMap":{"0":{"start":{"line":6,"column":0},"end":{"line":6,"column":30}},"1":{"start":{"line":2,"column":0},"end":{"line":2,"column":55}},"2":{"start":{"line":10,"column":2},"end":{"line":15,"column":3}},"3":{"start":{"line":11,"column":4},"end":{"line":14,"column":7}},"4":{"start":{"line":17,"column":2},"end":{"line":42,"column":3}},"5":{"start":{"line":18,"column":10},"end":{"line":18,"column":37}},"6":{"start":{"line":20,"column":4},"end":{"line":25,"column":5}},"7":{"start":{"line":21,"column":6},"end":{"line":24,"column":9}},"8":{"start":{"line":27,"column":10},"end":{"line":27,"column":56}},"9":{"start":{"line":28,"column":10},"end":{"line":28,"column":62}},"10":{"start":{"line":30,"column":10},"end":{"line":30,"column":74}},"11":{"start":{"line":32,"column":4},"end":{"line":35,"column":7}},"12":{"start":{"line":37,"column":4},"end":{"line":37,"column":62}},"13":{"start":{"line":38,"column":4},"end":{"line":41,"column":7}}},"fnMap":{"0":{"name":"handler","decl":{"start":{"line":6,"column":30},"end":{"line":6,"column":37}},"loc":{"start":{"line":8,"column":51},"end":{"line":43,"column":null}}}},"branchMap":{"0":{"loc":{"start":{"line":10,"column":2},"end":{"line":15,"column":3}},"type":"if","locations":[{"start":{"line":10,"column":2},"end":{"line":15,"column":3}}]},"1":{"loc":{"start":{"line":20,"column":4},"end":{"line":25,"column":5}},"type":"if","locations":[{"start":{"line":20,"column":4},"end":{"line":25,"column":5}}]},"2":{"loc":{"start":{"line":20,"column":8},"end":{"line":20,"column":32}},"type":"binary-expr","locations":[{"start":{"line":20,"column":8},"end":{"line":20,"column":21}},{"start":{"line":20,"column":25},"end":{"line":20,"column":32}}]}},"s":{"0":0,"1":0,"2":0,"3":0,"4":0,"5":0,"6":0,"7":0,"8":0,"9":0,"10":0,"11":0,"12":0,"13":0},"f":{"0":0},"b":{"0":[0],"1":[0],"2":[0,0]}}
,"/Users/iyanski/Projects/xco/finmod/src/pages/api/questions/generate.ts": {"path":"/Users/iyanski/Projects/xco/finmod/src/pages/api/questions/generate.ts","statementMap":{"0":{"start":{"line":6,"column":0},"end":{"line":6,"column":30}},"1":{"start":{"line":2,"column":0},"end":{"line":2,"column":72}},"2":{"start":{"line":10,"column":2},"end":{"line":15,"column":3}},"3":{"start":{"line":11,"column":4},"end":{"line":14,"column":7}},"4":{"start":{"line":18,"column":10},"end":{"line":23,"column":null}},"5":{"start":{"line":26,"column":4},"end":{"line":31,"column":5}},"6":{"start":{"line":27,"column":6},"end":{"line":30,"column":9}},"7":{"start":{"line":33,"column":10},"end":{"line":33,"column":64}},"8":{"start":{"line":34,"column":26},"end":{"line":40,"column":null}},"9":{"start":{"line":34,"column":10},"end":{"line":40,"column":null}},"10":{"start":{"line":42,"column":4},"end":{"line":45,"column":7}},"11":{"start":{"line":47,"column":4},"end":{"line":47,"column":56}},"12":{"start":{"line":48,"column":4},"end":{"line":51,"column":7}}},"fnMap":{"0":{"name":"handler","decl":{"start":{"line":6,"column":30},"end":{"line":6,"column":37}},"loc":{"start":{"line":8,"column":49},"end":{"line":53,"column":null}}}},"branchMap":{"0":{"loc":{"start":{"line":10,"column":2},"end":{"line":15,"column":3}},"type":"if","locations":[{"start":{"line":10,"column":2},"end":{"line":15,"column":3}}]},"1":{"loc":{"start":{"line":26,"column":4},"end":{"line":31,"column":5}},"type":"if","locations":[{"start":{"line":26,"column":4},"end":{"line":31,"column":5}}]},"2":{"loc":{"start":{"line":26,"column":8},"end":{"line":26,"column":46}},"type":"binary-expr","locations":[{"start":{"line":26,"column":8},"end":{"line":26,"column":28}},{"start":{"line":26,"column":32},"end":{"line":26,"column":46}}]},"3":{"loc":{"start":{"line":37,"column":6},"end":{"line":37,"column":26}},"type":"binary-expr","locations":[{"start":{"line":37,"column":6},"end":{"line":37,"column":20}},{"start":{"line":37,"column":24},"end":{"line":37,"column":26}}]},"4":{"loc":{"start":{"line":38,"column":6},"end":{"line":38,"column":29}},"type":"binary-expr","locations":[{"start":{"line":38,"column":6},"end":{"line":38,"column":23}},{"start":{"line":38,"column":27},"end":{"line":38,"column":29}}]},"5":{"loc":{"start":{"line":39,"column":6},"end":{"line":39,"column":29}},"type":"binary-expr","locations":[{"start":{"line":39,"column":6},"end":{"line":39,"column":23}},{"start":{"line":39,"column":27},"end":{"line":39,"column":29}}]}},"s":{"0":0,"1":0,"2":0,"3":0,"4":0,"5":0,"6":0,"7":0,"8":0,"9":0,"10":0,"11":0,"12":0},"f":{"0":0},"b":{"0":[0],"1":[0],"2":[0,0],"3":[0,0],"4":[0,0],"5":[0,0]}}
}
