TN:
SF:src/lib/adaptive-question-engine.ts
FN:26,(anonymous_13)
FN:30,AdaptiveQuestionEngine
FN:34,(anonymous_15)
FN:41,(anonymous_16)
FN:58,(anonymous_19)
FN:62,(anonymous_20)
FN:68,(anonymous_21)
FN:70,(anonymous_22)
FN:77,(anonymous_23)
FN:85,(anonymous_24)
FN:110,(anonymous_25)
FN:129,(anonymous_26)
FN:143,(anonymous_27)
FN:144,(anonymous_28)
FN:159,(anonymous_29)
FNF:15
FNH:14
FNDA:1,(anonymous_13)
FNDA:1,AdaptiveQuestionEngine
FNDA:4,(anonymous_15)
FNDA:5,(anonymous_16)
FNDA:5,(anonymous_19)
FNDA:5,(anonymous_20)
FNDA:54,(anonymous_21)
FNDA:49,(anonymous_22)
FNDA:4,(anonymous_23)
FNDA:4,(anonymous_24)
FNDA:4,(anonymous_25)
FNDA:0,(anonymous_26)
FNDA:5,(anonymous_27)
FNDA:8,(anonymous_28)
FNDA:1,(anonymous_29)
DA:26,1
DA:28,1
DA:31,1
DA:34,1
DA:35,4
DA:36,1
DA:38,4
DA:41,1
DA:48,5
DA:49,5
DA:52,5
DA:55,5
DA:58,1
DA:59,5
DA:62,5
DA:68,5
DA:70,54
DA:71,49
DA:74,54
DA:77,13
DA:78,4
DA:81,13
DA:85,1
DA:93,4
DA:95,0
DA:96,0
DA:98,4
DA:99,4
DA:101,0
DA:102,0
DA:104,0
DA:107,4
DA:110,1
DA:111,4
DA:113,0
DA:115,0
DA:117,0
DA:119,0
DA:121,4
DA:123,0
DA:125,0
DA:129,1
DA:131,0
DA:133,0
DA:135,0
DA:137,0
DA:139,0
DA:143,1
DA:144,5
DA:146,8
DA:147,8
DA:151,0
DA:152,0
DA:153,0
DA:155,0
DA:159,1
DA:161,1
DA:359,1
DA:536,1
DA:626,1
LF:60
LH:40
BRDA:35,0,0,1
BRDA:59,1,0,5
BRDA:59,1,1,0
BRDA:74,2,0,41
BRDA:93,3,0,0
BRDA:93,3,1,4
BRDA:93,3,2,0
BRDA:93,3,3,0
BRDA:111,4,0,0
BRDA:111,4,1,0
BRDA:111,4,2,0
BRDA:111,4,3,0
BRDA:111,4,4,4
BRDA:111,4,5,0
BRDA:111,4,6,0
BRDA:121,5,0,0
BRDA:121,5,1,4
BRDA:123,6,0,0
BRDA:123,6,1,0
BRDA:131,7,0,0
BRDA:131,7,1,0
BRDA:131,7,2,0
BRDA:131,7,3,0
BRDA:133,8,0,0
BRDA:133,8,1,0
BRDA:135,9,0,0
BRDA:135,9,1,0
BRDA:137,10,0,0
BRDA:137,10,1,0
BRDA:146,11,0,8
BRF:30
BRH:7
end_of_record
TN:
SF:src/lib/ai-service.ts
FN:8,(anonymous_16)
FN:11,AIService
FN:13,(anonymous_18)
FN:20,(anonymous_19)
FN:84,(anonymous_22)
FN:95,(anonymous_23)
FN:105,(anonymous_26)
FN:150,(anonymous_27)
FN:160,(anonymous_28)
FNF:9
FNH:0
FNDA:0,(anonymous_16)
FNDA:0,AIService
FNDA:0,(anonymous_18)
FNDA:0,(anonymous_19)
FNDA:0,(anonymous_22)
FNDA:0,(anonymous_23)
FNDA:0,(anonymous_26)
FNDA:0,(anonymous_27)
FNDA:0,(anonymous_28)
DA:1,0
DA:4,0
DA:8,0
DA:13,0
DA:14,0
DA:15,0
DA:17,0
DA:20,0
DA:25,0
DA:59,0
DA:74,0
DA:75,0
DA:76,0
DA:79,0
DA:81,0
DA:84,0
DA:90,0
DA:91,0
DA:95,0
DA:100,0
DA:105,0
DA:128,0
DA:143,0
DA:144,0
DA:145,0
DA:148,0
DA:150,0
DA:155,0
DA:156,0
DA:160,0
DA:165,0
DA:185,0
DA:200,0
DA:201,0
DA:202,0
DA:205,0
DA:207,0
DA:208,0
DA:215,0
LF:39
LH:0
BRDA:14,0,0,0
BRDA:60,1,0,0
BRDA:60,1,1,0
BRDA:74,2,0,0
BRDA:74,2,1,0
BRDA:74,3,0,0
BRDA:74,3,1,0
BRDA:74,4,0,0
BRDA:74,4,1,0
BRDA:74,5,0,0
BRDA:74,5,1,0
BRDA:75,6,0,0
BRDA:86,7,0,0
BRDA:86,7,1,0
BRDA:129,8,0,0
BRDA:129,8,1,0
BRDA:143,9,0,0
BRDA:143,9,1,0
BRDA:143,10,0,0
BRDA:143,10,1,0
BRDA:143,11,0,0
BRDA:143,11,1,0
BRDA:143,12,0,0
BRDA:143,12,1,0
BRDA:144,13,0,0
BRDA:152,14,0,0
BRDA:152,14,1,0
BRDA:186,15,0,0
BRDA:186,15,1,0
BRDA:200,16,0,0
BRDA:200,16,1,0
BRDA:200,17,0,0
BRDA:200,17,1,0
BRDA:200,18,0,0
BRDA:200,18,1,0
BRDA:200,19,0,0
BRDA:200,19,1,0
BRDA:201,20,0,0
BRF:38
BRH:0
end_of_record
TN:
SF:src/lib/business-classifier.ts
FN:37,(anonymous_14)
FN:40,BusinessClassifier
FN:42,(anonymous_16)
FN:49,(anonymous_17)
FN:122,(anonymous_20)
FN:168,(anonymous_23)
FNF:6
FNH:5
FNDA:2,(anonymous_14)
FNDA:2,BusinessClassifier
FNDA:5,(anonymous_16)
FNDA:4,(anonymous_17)
FNDA:1,(anonymous_20)
FNDA:0,(anonymous_23)
DA:1,2
DA:4,2
DA:37,2
DA:42,2
DA:43,5
DA:44,2
DA:46,5
DA:49,2
DA:50,4
DA:88,4
DA:103,4
DA:104,4
DA:105,0
DA:108,4
DA:110,4
DA:117,0
DA:118,0
DA:122,2
DA:123,1
DA:141,1
DA:156,1
DA:157,1
DA:158,0
DA:161,1
DA:163,0
DA:164,0
DA:168,2
DA:169,0
DA:180,0
DA:182,2
LF:30
LH:22
BRDA:43,0,0,2
BRDA:89,1,0,4
BRDA:89,1,1,4
BRDA:103,2,0,0
BRDA:103,2,1,4
BRDA:103,3,0,4
BRDA:103,3,1,4
BRDA:103,4,0,0
BRDA:103,4,1,4
BRDA:103,5,0,4
BRDA:103,5,1,4
BRDA:104,6,0,0
BRDA:127,7,0,1
BRDA:127,7,1,0
BRDA:142,8,0,1
BRDA:142,8,1,1
BRDA:156,9,0,0
BRDA:156,9,1,1
BRDA:156,10,0,1
BRDA:156,10,1,1
BRDA:156,11,0,0
BRDA:156,11,1,1
BRDA:156,12,0,1
BRDA:156,12,1,1
BRDA:157,13,0,0
BRDA:180,14,0,0
BRDA:180,14,1,0
BRF:27
BRH:18
end_of_record
TN:
SF:src/lib/database.ts
FN:6,getDatabase
FN:21,initializeTables
FN:101,closeDatabase
FNF:3
FNH:0
FNDA:0,getDatabase
FNDA:0,initializeTables
FNDA:0,closeDatabase
DA:1,0
DA:2,0
DA:6,0
DA:7,0
DA:8,0
DA:9,0
DA:12,0
DA:15,0
DA:18,0
DA:22,0
DA:25,0
DA:37,0
DA:59,0
DA:76,0
DA:89,0
DA:101,0
DA:102,0
DA:103,0
LF:18
LH:0
BRDA:7,0,0,0
BRDA:102,1,0,0
BRF:2
BRH:0
end_of_record
TN:
SF:src/lib/excel-exporter.ts
FN:15,(anonymous_15)
FN:18,ExcelExporter
FN:20,(anonymous_17)
FN:27,(anonymous_18)
FN:71,(anonymous_21)
FN:91,(anonymous_24)
FN:104,(anonymous_25)
FN:149,(anonymous_28)
FN:204,(anonymous_31)
FN:239,(anonymous_34)
FN:303,(anonymous_37)
FN:310,(anonymous_40)
FN:327,(anonymous_41)
FN:334,(anonymous_44)
FN:380,(anonymous_45)
FN:395,(anonymous_46)
FN:404,(anonymous_47)
FN:414,(anonymous_48)
FN:416,(anonymous_49)
FN:425,(anonymous_50)
FN:426,(anonymous_51)
FN:437,(anonymous_52)
FN:438,(anonymous_53)
FN:441,(anonymous_54)
FN:452,(anonymous_57)
FN:474,(anonymous_58)
FN:498,(anonymous_59)
FN:515,(anonymous_60)
FN:516,(anonymous_61)
FN:517,(anonymous_62)
FNF:30
FNH:26
FNDA:1,(anonymous_15)
FNDA:1,ExcelExporter
FNDA:12,(anonymous_17)
FNDA:7,(anonymous_18)
FNDA:7,(anonymous_21)
FNDA:28,(anonymous_24)
FNDA:7,(anonymous_25)
FNDA:7,(anonymous_28)
FNDA:7,(anonymous_31)
FNDA:3,(anonymous_34)
FNDA:3,(anonymous_37)
FNDA:3,(anonymous_40)
FNDA:3,(anonymous_41)
FNDA:3,(anonymous_44)
FNDA:1,(anonymous_45)
FNDA:1,(anonymous_46)
FNDA:30,(anonymous_47)
FNDA:0,(anonymous_48)
FNDA:0,(anonymous_49)
FNDA:0,(anonymous_50)
FNDA:0,(anonymous_51)
FNDA:98,(anonymous_52)
FNDA:4980,(anonymous_53)
FNDA:3,(anonymous_54)
FNDA:180,(anonymous_57)
FNDA:180,(anonymous_58)
FNDA:180,(anonymous_59)
FNDA:11,(anonymous_60)
FNDA:555,(anonymous_61)
FNDA:5508,(anonymous_62)
DA:1,1
DA:3,1
DA:4,1
DA:15,1
DA:20,1
DA:21,12
DA:22,1
DA:24,12
DA:27,1
DA:29,7
DA:31,7
DA:34,7
DA:35,7
DA:36,7
DA:37,7
DA:40,14
DA:41,14
DA:42,14
DA:43,14
DA:45,11
DA:46,6
DA:49,11
DA:50,6
DA:53,11
DA:54,6
DA:58,7
DA:59,1
DA:63,7
DA:64,1
DA:68,7
DA:71,1
DA:72,7
DA:75,7
DA:84,7
DA:91,7
DA:92,28
DA:96,7
DA:97,7
DA:104,1
DA:105,7
DA:108,7
DA:109,7
DA:112,7
DA:113,7
DA:114,420
DA:127,420
DA:131,7
DA:132,7
DA:133,7
DA:134,7
DA:135,7
DA:136,7
DA:137,7
DA:138,7
DA:139,7
DA:140,7
DA:141,7
DA:143,7
DA:146,7
DA:149,1
DA:150,7
DA:153,7
DA:154,7
DA:156,7
DA:157,7
DA:158,420
DA:167,420
DA:171,7
DA:172,7
DA:173,7
DA:175,7
DA:176,420
DA:182,420
DA:186,7
DA:187,7
DA:188,7
DA:190,7
DA:191,420
DA:197,420
DA:201,7
DA:204,1
DA:205,7
DA:208,7
DA:209,7
DA:212,7
DA:213,7
DA:214,420
DA:222,420
DA:226,7
DA:227,7
DA:228,7
DA:229,7
DA:230,7
DA:231,7
DA:233,7
DA:236,7
DA:239,1
DA:240,3
DA:243,3
DA:244,3
DA:246,3
DA:247,0
DA:248,0
DA:255,0
DA:261,3
DA:262,3
DA:263,3
DA:265,3
DA:266,0
DA:267,0
DA:275,0
DA:281,3
DA:282,3
DA:283,3
DA:285,3
DA:286,0
DA:287,0
DA:295,0
DA:300,3
DA:303,1
DA:304,3
DA:307,3
DA:310,3
DA:311,3
DA:320,3
DA:324,3
DA:327,1
DA:328,3
DA:331,3
DA:332,3
DA:334,3
DA:335,3
DA:342,3
DA:346,3
DA:347,3
DA:348,3
DA:350,3
DA:351,180
DA:352,180
DA:353,180
DA:354,180
DA:356,180
DA:357,180
DA:361,3
DA:362,3
DA:363,3
DA:365,3
DA:366,180
DA:367,180
DA:370,180
DA:372,180
DA:373,180
DA:377,3
DA:380,1
DA:382,1
DA:383,1
DA:384,1
DA:385,1
DA:388,1
DA:389,1
DA:390,1
DA:391,1
DA:395,1
DA:397,1
DA:398,1
DA:400,1
DA:404,1
DA:406,30
DA:407,30
DA:414,30
DA:415,0
DA:416,0
DA:417,0
DA:418,0
DA:425,30
DA:426,0
DA:427,0
DA:437,1
DA:438,4980
DA:441,1
DA:442,3
DA:445,3
DA:446,3
DA:450,3
DA:452,180
DA:467,3
DA:468,3
DA:469,3
DA:472,3
DA:474,180
DA:491,3
DA:492,3
DA:493,3
DA:496,3
DA:498,180
DA:508,3
DA:509,3
DA:510,3
DA:512,3
DA:515,1
DA:516,11
DA:517,555
DA:518,5508
DA:522,11
DA:524,1
LF:205
LH:190
BRDA:21,0,0,1
BRDA:29,1,0,0
BRDA:45,2,0,4
BRDA:49,3,0,4
BRDA:53,4,0,4
BRDA:58,5,0,1
BRDA:63,6,0,1
BRDA:87,7,0,7
BRDA:87,7,1,1
BRDA:87,8,0,1
BRDA:87,8,1,6
BRDA:87,9,0,7
BRDA:87,9,1,7
BRDA:112,10,0,7
BRDA:112,10,1,1
BRDA:112,11,0,1
BRDA:112,11,1,6
BRDA:112,12,0,7
BRDA:112,12,1,7
BRDA:116,13,0,420
BRDA:116,13,1,120
BRDA:116,14,0,60
BRDA:116,14,1,360
BRDA:116,15,0,420
BRDA:116,15,1,420
BRDA:116,16,0,60
BRDA:116,16,1,360
BRDA:116,17,0,420
BRDA:116,17,1,420
BRDA:117,18,0,420
BRDA:117,18,1,60
BRDA:117,19,0,60
BRDA:117,19,1,360
BRDA:117,20,0,420
BRDA:117,20,1,420
BRDA:117,21,0,60
BRDA:117,21,1,360
BRDA:117,22,0,420
BRDA:117,22,1,420
BRDA:118,23,0,420
BRDA:118,23,1,60
BRDA:118,24,0,60
BRDA:118,24,1,360
BRDA:118,25,0,420
BRDA:118,25,1,420
BRDA:118,26,0,60
BRDA:118,26,1,360
BRDA:118,27,0,420
BRDA:118,27,1,420
BRDA:119,28,0,420
BRDA:119,28,1,60
BRDA:119,29,0,60
BRDA:119,29,1,360
BRDA:119,30,0,420
BRDA:119,30,1,420
BRDA:119,31,0,60
BRDA:119,31,1,360
BRDA:119,32,0,420
BRDA:119,32,1,420
BRDA:119,33,0,60
BRDA:119,33,1,360
BRDA:119,34,0,420
BRDA:119,34,1,420
BRDA:120,35,0,420
BRDA:120,35,1,60
BRDA:120,36,0,60
BRDA:120,36,1,360
BRDA:120,37,0,420
BRDA:120,37,1,420
BRDA:120,38,0,60
BRDA:120,38,1,360
BRDA:120,39,0,420
BRDA:120,39,1,420
BRDA:120,40,0,60
BRDA:120,40,1,360
BRDA:120,41,0,420
BRDA:120,41,1,420
BRDA:121,42,0,420
BRDA:121,42,1,420
BRDA:121,43,0,60
BRDA:121,43,1,360
BRDA:121,44,0,420
BRDA:121,44,1,420
BRDA:121,45,0,60
BRDA:121,45,1,360
BRDA:121,46,0,420
BRDA:121,46,1,420
BRDA:121,47,0,60
BRDA:121,47,1,360
BRDA:121,48,0,420
BRDA:121,48,1,420
BRDA:122,49,0,420
BRDA:122,49,1,60
BRDA:122,50,0,60
BRDA:122,50,1,360
BRDA:122,51,0,420
BRDA:122,51,1,420
BRDA:122,52,0,60
BRDA:122,52,1,360
BRDA:122,53,0,420
BRDA:122,53,1,420
BRDA:123,54,0,420
BRDA:123,54,1,420
BRDA:123,55,0,60
BRDA:123,55,1,360
BRDA:123,56,0,420
BRDA:123,56,1,420
BRDA:123,57,0,60
BRDA:123,57,1,360
BRDA:123,58,0,420
BRDA:123,58,1,420
BRDA:124,59,0,420
BRDA:124,59,1,60
BRDA:124,60,0,60
BRDA:124,60,1,360
BRDA:124,61,0,420
BRDA:124,61,1,420
BRDA:124,62,0,60
BRDA:124,62,1,360
BRDA:124,63,0,420
BRDA:124,63,1,420
BRDA:125,64,0,420
BRDA:125,64,1,60
BRDA:125,65,0,60
BRDA:125,65,1,360
BRDA:125,66,0,420
BRDA:125,66,1,420
BRDA:125,67,0,60
BRDA:125,67,1,360
BRDA:125,68,0,420
BRDA:125,68,1,420
BRDA:132,69,0,7
BRDA:132,69,1,1
BRDA:132,70,0,1
BRDA:132,70,1,6
BRDA:132,71,0,7
BRDA:132,71,1,7
BRDA:133,72,0,7
BRDA:133,72,1,1
BRDA:133,73,0,1
BRDA:133,73,1,6
BRDA:133,74,0,7
BRDA:133,74,1,7
BRDA:134,75,0,7
BRDA:134,75,1,1
BRDA:134,76,0,1
BRDA:134,76,1,6
BRDA:134,77,0,7
BRDA:134,77,1,7
BRDA:135,78,0,7
BRDA:135,78,1,1
BRDA:135,79,0,1
BRDA:135,79,1,6
BRDA:135,80,0,7
BRDA:135,80,1,7
BRDA:135,81,0,1
BRDA:135,81,1,6
BRDA:135,82,0,7
BRDA:135,82,1,7
BRDA:136,83,0,7
BRDA:136,83,1,1
BRDA:136,84,0,1
BRDA:136,84,1,6
BRDA:136,85,0,7
BRDA:136,85,1,7
BRDA:136,86,0,1
BRDA:136,86,1,6
BRDA:136,87,0,7
BRDA:136,87,1,7
BRDA:137,88,0,7
BRDA:137,88,1,1
BRDA:137,89,0,1
BRDA:137,89,1,6
BRDA:137,90,0,7
BRDA:137,90,1,7
BRDA:137,91,0,1
BRDA:137,91,1,6
BRDA:137,92,0,7
BRDA:137,92,1,7
BRDA:138,93,0,7
BRDA:138,93,1,1
BRDA:138,94,0,1
BRDA:138,94,1,6
BRDA:138,95,0,7
BRDA:138,95,1,7
BRDA:139,96,0,7
BRDA:139,96,1,1
BRDA:139,97,0,1
BRDA:139,97,1,6
BRDA:139,98,0,7
BRDA:139,98,1,7
BRDA:140,99,0,7
BRDA:140,99,1,1
BRDA:140,100,0,1
BRDA:140,100,1,6
BRDA:140,101,0,7
BRDA:140,101,1,7
BRDA:141,102,0,7
BRDA:141,102,1,1
BRDA:141,103,0,1
BRDA:141,103,1,6
BRDA:141,104,0,7
BRDA:141,104,1,7
BRDA:156,105,0,7
BRDA:156,105,1,1
BRDA:156,106,0,1
BRDA:156,106,1,6
BRDA:156,107,0,7
BRDA:156,107,1,7
BRDA:160,108,0,420
BRDA:160,108,1,60
BRDA:160,109,0,60
BRDA:160,109,1,360
BRDA:160,110,0,420
BRDA:160,110,1,420
BRDA:160,111,0,60
BRDA:160,111,1,360
BRDA:160,112,0,420
BRDA:160,112,1,420
BRDA:160,113,0,60
BRDA:160,113,1,360
BRDA:160,114,0,420
BRDA:160,114,1,420
BRDA:161,115,0,420
BRDA:161,115,1,420
BRDA:161,116,0,60
BRDA:161,116,1,360
BRDA:161,117,0,420
BRDA:161,117,1,420
BRDA:161,118,0,60
BRDA:161,118,1,360
BRDA:161,119,0,420
BRDA:161,119,1,420
BRDA:161,120,0,60
BRDA:161,120,1,360
BRDA:161,121,0,420
BRDA:161,121,1,420
BRDA:162,122,0,420
BRDA:162,122,1,420
BRDA:162,123,0,60
BRDA:162,123,1,360
BRDA:162,124,0,420
BRDA:162,124,1,420
BRDA:162,125,0,60
BRDA:162,125,1,360
BRDA:162,126,0,420
BRDA:162,126,1,420
BRDA:162,127,0,60
BRDA:162,127,1,360
BRDA:162,128,0,420
BRDA:162,128,1,420
BRDA:163,129,0,420
BRDA:163,129,1,420
BRDA:163,130,0,60
BRDA:163,130,1,360
BRDA:163,131,0,420
BRDA:163,131,1,420
BRDA:163,132,0,60
BRDA:163,132,1,360
BRDA:163,133,0,420
BRDA:163,133,1,420
BRDA:163,134,0,60
BRDA:163,134,1,360
BRDA:163,135,0,420
BRDA:163,135,1,420
BRDA:164,136,0,420
BRDA:164,136,1,420
BRDA:164,137,0,60
BRDA:164,137,1,360
BRDA:164,138,0,420
BRDA:164,138,1,420
BRDA:164,139,0,60
BRDA:164,139,1,360
BRDA:164,140,0,420
BRDA:164,140,1,420
BRDA:164,141,0,60
BRDA:164,141,1,360
BRDA:164,142,0,420
BRDA:164,142,1,420
BRDA:165,143,0,420
BRDA:165,143,1,60
BRDA:165,144,0,60
BRDA:165,144,1,360
BRDA:165,145,0,420
BRDA:165,145,1,420
BRDA:165,146,0,60
BRDA:165,146,1,360
BRDA:165,147,0,420
BRDA:165,147,1,420
BRDA:165,148,0,60
BRDA:165,148,1,360
BRDA:165,149,0,420
BRDA:165,149,1,420
BRDA:178,150,0,420
BRDA:178,150,1,420
BRDA:178,151,0,60
BRDA:178,151,1,360
BRDA:178,152,0,420
BRDA:178,152,1,420
BRDA:178,153,0,60
BRDA:178,153,1,360
BRDA:178,154,0,420
BRDA:178,154,1,420
BRDA:178,155,0,60
BRDA:178,155,1,360
BRDA:178,156,0,420
BRDA:178,156,1,420
BRDA:179,157,0,420
BRDA:179,157,1,420
BRDA:179,158,0,60
BRDA:179,158,1,360
BRDA:179,159,0,420
BRDA:179,159,1,420
BRDA:179,160,0,60
BRDA:179,160,1,360
BRDA:179,161,0,420
BRDA:179,161,1,420
BRDA:179,162,0,60
BRDA:179,162,1,360
BRDA:179,163,0,420
BRDA:179,163,1,420
BRDA:180,164,0,420
BRDA:180,164,1,420
BRDA:180,165,0,60
BRDA:180,165,1,360
BRDA:180,166,0,420
BRDA:180,166,1,420
BRDA:180,167,0,60
BRDA:180,167,1,360
BRDA:180,168,0,420
BRDA:180,168,1,420
BRDA:180,169,0,60
BRDA:180,169,1,360
BRDA:180,170,0,420
BRDA:180,170,1,420
BRDA:193,171,0,420
BRDA:193,171,1,60
BRDA:193,172,0,60
BRDA:193,172,1,360
BRDA:193,173,0,420
BRDA:193,173,1,420
BRDA:193,174,0,60
BRDA:193,174,1,360
BRDA:193,175,0,420
BRDA:193,175,1,420
BRDA:193,176,0,60
BRDA:193,176,1,360
BRDA:193,177,0,420
BRDA:193,177,1,420
BRDA:194,178,0,420
BRDA:194,178,1,60
BRDA:194,179,0,60
BRDA:194,179,1,360
BRDA:194,180,0,420
BRDA:194,180,1,420
BRDA:194,181,0,60
BRDA:194,181,1,360
BRDA:194,182,0,420
BRDA:194,182,1,420
BRDA:194,183,0,60
BRDA:194,183,1,360
BRDA:194,184,0,420
BRDA:194,184,1,420
BRDA:195,185,0,420
BRDA:195,185,1,60
BRDA:195,186,0,60
BRDA:195,186,1,360
BRDA:195,187,0,420
BRDA:195,187,1,420
BRDA:195,188,0,60
BRDA:195,188,1,360
BRDA:195,189,0,420
BRDA:195,189,1,420
BRDA:195,190,0,60
BRDA:195,190,1,360
BRDA:195,191,0,420
BRDA:195,191,1,420
BRDA:212,192,0,7
BRDA:212,192,1,1
BRDA:212,193,0,1
BRDA:212,193,1,6
BRDA:212,194,0,7
BRDA:212,194,1,7
BRDA:216,195,0,420
BRDA:216,195,1,60
BRDA:216,196,0,60
BRDA:216,196,1,360
BRDA:216,197,0,420
BRDA:216,197,1,420
BRDA:216,198,0,60
BRDA:216,198,1,360
BRDA:216,199,0,420
BRDA:216,199,1,420
BRDA:217,200,0,420
BRDA:217,200,1,420
BRDA:217,201,0,60
BRDA:217,201,1,360
BRDA:217,202,0,420
BRDA:217,202,1,420
BRDA:217,203,0,60
BRDA:217,203,1,360
BRDA:217,204,0,420
BRDA:217,204,1,420
BRDA:218,205,0,420
BRDA:218,205,1,420
BRDA:218,206,0,60
BRDA:218,206,1,360
BRDA:218,207,0,420
BRDA:218,207,1,420
BRDA:218,208,0,60
BRDA:218,208,1,360
BRDA:218,209,0,420
BRDA:218,209,1,420
BRDA:219,210,0,420
BRDA:219,210,1,60
BRDA:219,211,0,60
BRDA:219,211,1,360
BRDA:219,212,0,420
BRDA:219,212,1,420
BRDA:219,213,0,60
BRDA:219,213,1,360
BRDA:219,214,0,420
BRDA:219,214,1,420
BRDA:220,215,0,420
BRDA:220,215,1,60
BRDA:220,216,0,60
BRDA:220,216,1,360
BRDA:220,217,0,420
BRDA:220,217,1,420
BRDA:220,218,0,60
BRDA:220,218,1,360
BRDA:220,219,0,420
BRDA:220,219,1,420
BRDA:227,220,0,7
BRDA:227,220,1,1
BRDA:227,221,0,1
BRDA:227,221,1,6
BRDA:227,222,0,7
BRDA:227,222,1,7
BRDA:228,223,0,7
BRDA:228,223,1,1
BRDA:228,224,0,1
BRDA:228,224,1,6
BRDA:228,225,0,7
BRDA:228,225,1,7
BRDA:229,226,0,7
BRDA:229,226,1,1
BRDA:229,227,0,1
BRDA:229,227,1,6
BRDA:229,228,0,7
BRDA:229,228,1,7
BRDA:230,229,0,7
BRDA:230,229,1,1
BRDA:230,230,0,1
BRDA:230,230,1,6
BRDA:230,231,0,7
BRDA:230,231,1,7
BRDA:231,232,0,7
BRDA:231,232,1,1
BRDA:231,233,0,1
BRDA:231,233,1,6
BRDA:231,234,0,7
BRDA:231,234,1,7
BRDA:231,235,0,1
BRDA:231,235,1,6
BRDA:231,236,0,7
BRDA:231,236,1,7
BRDA:231,237,0,0
BRDA:231,237,1,6
BRDA:231,238,0,6
BRDA:231,238,1,6
BRDA:231,239,0,0
BRDA:231,239,1,6
BRDA:231,240,0,6
BRDA:231,240,1,6
BRDA:246,241,0,0
BRDA:246,242,0,3
BRDA:246,242,1,0
BRDA:265,243,0,0
BRDA:265,244,0,3
BRDA:265,244,1,0
BRDA:285,245,0,0
BRDA:285,246,0,3
BRDA:285,246,1,0
BRDA:339,247,0,3
BRDA:339,247,1,3
BRDA:340,248,0,3
BRDA:340,248,1,3
BRDA:367,249,0,3
BRDA:367,249,1,177
BRDA:383,250,0,1
BRDA:389,251,0,1
BRDA:398,252,0,1
BRDA:415,253,0,0
BRDA:417,254,0,0
BRDA:417,255,0,0
BRDA:417,255,1,0
BRDA:445,256,0,3
BRDA:518,257,0,1
BRDA:518,257,1,5507
BRDA:518,258,0,5508
BRDA:518,258,1,98
BRF:502
BRH:489
end_of_record
TN:
SF:src/lib/financial-modeling-engine.ts
FN:14,(anonymous_0)
FN:17,FinancialModelingEngine
FN:19,(anonymous_2)
FN:26,(anonymous_3)
FN:63,(anonymous_4)
FN:71,(anonymous_5)
FN:79,(anonymous_6)
FN:85,(anonymous_7)
FN:87,(anonymous_8)
FN:88,(anonymous_9)
FN:103,(anonymous_10)
FN:115,(anonymous_11)
FN:116,(anonymous_12)
FN:119,(anonymous_13)
FN:125,(anonymous_14)
FN:129,(anonymous_15)
FN:154,(anonymous_16)
FN:163,(anonymous_17)
FN:167,(anonymous_18)
FN:168,(anonymous_19)
FN:172,(anonymous_20)
FN:188,(anonymous_21)
FN:212,(anonymous_22)
FN:242,(anonymous_23)
FN:274,(anonymous_24)
FN:310,(anonymous_25)
FN:331,(anonymous_26)
FN:343,(anonymous_27)
FN:355,(anonymous_28)
FN:371,(anonymous_29)
FN:384,(anonymous_30)
FN:385,(anonymous_31)
FN:388,(anonymous_32)
FN:389,(anonymous_33)
FN:392,(anonymous_34)
FN:404,(anonymous_35)
FN:416,(anonymous_36)
FN:428,(anonymous_37)
FN:436,(anonymous_38)
FN:439,(anonymous_39)
FN:455,(anonymous_40)
FN:456,(anonymous_41)
FN:457,(anonymous_42)
FN:463,(anonymous_43)
FN:464,(anonymous_44)
FN:467,(anonymous_45)
FN:469,(anonymous_46)
FN:474,(anonymous_47)
FNF:48
FNH:48
FNDA:1,(anonymous_0)
FNDA:1,FinancialModelingEngine
FNDA:4,(anonymous_2)
FNDA:4,(anonymous_3)
FNDA:4,(anonymous_4)
FNDA:240,(anonymous_5)
FNDA:240,(anonymous_6)
FNDA:240,(anonymous_7)
FNDA:240,(anonymous_8)
FNDA:240,(anonymous_9)
FNDA:4,(anonymous_10)
FNDA:240,(anonymous_11)
FNDA:7320,(anonymous_12)
FNDA:240,(anonymous_13)
FNDA:240,(anonymous_14)
FNDA:240,(anonymous_15)
FNDA:4,(anonymous_16)
FNDA:240,(anonymous_17)
FNDA:240,(anonymous_18)
FNDA:240,(anonymous_19)
FNDA:240,(anonymous_20)
FNDA:4,(anonymous_21)
FNDA:4,(anonymous_22)
FNDA:4,(anonymous_23)
FNDA:4,(anonymous_24)
FNDA:4,(anonymous_25)
FNDA:240,(anonymous_26)
FNDA:240,(anonymous_27)
FNDA:240,(anonymous_28)
FNDA:4,(anonymous_29)
FNDA:4,(anonymous_30)
FNDA:240,(anonymous_31)
FNDA:12,(anonymous_32)
FNDA:720,(anonymous_33)
FNDA:4,(anonymous_34)
FNDA:4,(anonymous_35)
FNDA:4,(anonymous_36)
FNDA:4,(anonymous_37)
FNDA:236,(anonymous_38)
FNDA:12,(anonymous_39)
FNDA:720,(anonymous_40)
FNDA:720,(anonymous_41)
FNDA:720,(anonymous_42)
FNDA:12,(anonymous_43)
FNDA:720,(anonymous_44)
FNDA:12,(anonymous_45)
FNDA:720,(anonymous_46)
FNDA:12,(anonymous_47)
DA:14,1
DA:19,1
DA:20,4
DA:21,1
DA:23,4
DA:26,1
DA:27,4
DA:30,4
DA:31,4
DA:32,4
DA:35,4
DA:36,4
DA:37,4
DA:40,4
DA:43,4
DA:45,4
DA:63,1
DA:69,4
DA:70,4
DA:71,240
DA:73,4
DA:79,4
DA:80,240
DA:85,240
DA:86,4
DA:87,240
DA:88,240
DA:90,4
DA:103,1
DA:111,4
DA:112,4
DA:113,4
DA:114,4
DA:115,4
DA:116,7320
DA:119,4
DA:120,240
DA:123,4
DA:124,4
DA:125,240
DA:127,4
DA:128,4
DA:129,240
DA:131,4
DA:154,1
DA:163,4
DA:164,240
DA:167,240
DA:168,4
DA:169,240
DA:172,4
DA:173,240
DA:176,4
DA:178,4
DA:188,1
DA:189,4
DA:190,4
DA:191,4
DA:192,4
DA:194,4
DA:195,4
DA:196,240
DA:197,240
DA:198,240
DA:199,240
DA:200,240
DA:203,4
DA:212,1
DA:213,4
DA:214,4
DA:215,4
DA:216,4
DA:217,4
DA:219,4
DA:220,4
DA:222,4
DA:223,4
DA:225,4
DA:226,236
DA:227,236
DA:228,236
DA:229,236
DA:232,4
DA:242,1
DA:243,4
DA:244,4
DA:245,4
DA:246,4
DA:247,4
DA:250,4
DA:251,4
DA:253,4
DA:254,240
DA:255,240
DA:256,240
DA:257,240
DA:259,240
DA:260,236
DA:264,4
DA:274,1
DA:280,4
DA:289,4
DA:298,4
DA:307,4
DA:310,1
DA:316,4
DA:319,4
DA:320,4
DA:331,240
DA:332,4
DA:343,240
DA:344,4
DA:355,4
DA:356,240
DA:357,4
DA:367,4
DA:371,1
DA:372,4
DA:373,4
DA:375,4
DA:376,240
DA:377,240
DA:378,240
DA:381,4
DA:384,1
DA:385,240
DA:388,1
DA:389,720
DA:392,1
DA:393,4
DA:394,4
DA:396,4
DA:397,240
DA:398,240
DA:401,4
DA:404,1
DA:405,4
DA:406,4
DA:408,4
DA:409,240
DA:410,240
DA:413,4
DA:416,1
DA:417,4
DA:418,4
DA:420,4
DA:421,240
DA:422,240
DA:425,4
DA:428,1
DA:429,4
DA:430,4
DA:431,4
DA:432,236
DA:433,236
DA:436,236
DA:439,1
DA:445,12
DA:446,12
DA:447,12
DA:448,12
DA:450,12
DA:455,720
DA:456,720
DA:457,720
DA:463,1
DA:464,720
DA:467,1
DA:469,720
DA:470,12
DA:471,12
DA:474,1
DA:475,12
DA:476,12
DA:477,720
DA:478,720
DA:479,0
DA:482,12
DA:484,1
LF:179
LH:178
BRDA:20,0,0,1
BRDA:259,1,0,236
BRDA:324,2,0,0
BRDA:324,2,1,4
BRDA:324,3,0,0
BRDA:324,3,1,4
BRDA:336,4,0,0
BRDA:336,4,1,4
BRDA:336,5,0,0
BRDA:336,5,1,4
BRDA:348,6,0,4
BRDA:348,6,1,0
BRDA:348,7,0,0
BRDA:348,7,1,0
BRDA:361,8,0,4
BRDA:361,8,1,0
BRDA:361,9,0,0
BRDA:361,9,1,0
BRDA:429,10,0,0
BRDA:432,11,0,236
BRDA:436,12,0,4
BRDA:436,12,1,0
BRDA:471,13,0,0
BRDA:471,13,1,12
BRDA:478,14,0,0
BRF:25
BRH:11
end_of_record
TN:
SF:src/lib/template-engine.ts
FN:114,(anonymous_2)
FN:118,TemplateEngine
FN:122,(anonymous_4)
FN:129,(anonymous_5)
FN:133,(anonymous_6)
FN:151,(anonymous_7)
FN:169,(anonymous_8)
FN:187,(anonymous_9)
FN:202,(anonymous_10)
FN:212,(anonymous_11)
FN:223,(anonymous_12)
FN:253,(anonymous_13)
FN:272,(anonymous_14)
FN:275,(anonymous_15)
FN:283,(anonymous_16)
FN:289,(anonymous_17)
FN:291,(anonymous_18)
FN:292,(anonymous_19)
FN:307,(anonymous_20)
FN:314,(anonymous_21)
FN:320,(anonymous_22)
FN:324,(anonymous_23)
FN:349,(anonymous_24)
FN:350,(anonymous_25)
FN:354,(anonymous_26)
FN:357,(anonymous_27)
FN:373,(anonymous_28)
FN:387,(anonymous_29)
FN:389,(anonymous_30)
FN:401,(anonymous_31)
FN:414,(anonymous_32)
FN:416,(anonymous_33)
FN:419,(anonymous_34)
FN:420,(anonymous_35)
FN:423,(anonymous_36)
FN:435,(anonymous_37)
FN:447,(anonymous_38)
FN:459,(anonymous_39)
FN:468,(anonymous_40)
FNF:39
FNH:38
FNDA:2,(anonymous_2)
FNDA:2,TemplateEngine
FNDA:26,(anonymous_4)
FNDA:26,(anonymous_5)
FNDA:23,(anonymous_6)
FNDA:23,(anonymous_7)
FNDA:139,(anonymous_8)
FNDA:115,(anonymous_9)
FNDA:20,(anonymous_10)
FNDA:19,(anonymous_11)
FNDA:19,(anonymous_12)
FNDA:20,(anonymous_13)
FNDA:20,(anonymous_14)
FNDA:1200,(anonymous_15)
FNDA:1200,(anonymous_16)
FNDA:1200,(anonymous_17)
FNDA:1200,(anonymous_18)
FNDA:1200,(anonymous_19)
FNDA:20,(anonymous_20)
FNDA:1200,(anonymous_21)
FNDA:1200,(anonymous_22)
FNDA:1200,(anonymous_23)
FNDA:20,(anonymous_24)
FNDA:1200,(anonymous_25)
FNDA:0,(anonymous_26)
FNDA:1200,(anonymous_27)
FNDA:20,(anonymous_28)
FNDA:20,(anonymous_29)
FNDA:19,(anonymous_30)
FNDA:20,(anonymous_31)
FNDA:20,(anonymous_32)
FNDA:1200,(anonymous_33)
FNDA:60,(anonymous_34)
FNDA:3600,(anonymous_35)
FNDA:20,(anonymous_36)
FNDA:20,(anonymous_37)
FNDA:20,(anonymous_38)
FNDA:20,(anonymous_39)
FNDA:2,(anonymous_40)
DA:114,2
DA:116,2
DA:119,2
DA:122,2
DA:123,26
DA:124,2
DA:126,26
DA:129,2
DA:130,26
DA:133,2
DA:135,23
DA:136,20
DA:137,20
DA:139,20
DA:151,2
DA:152,23
DA:154,139
DA:155,139
DA:158,139
DA:159,139
DA:160,3
DA:163,136
DA:166,20
DA:169,2
DA:170,139
DA:172,139
DA:173,2
DA:176,139
DA:177,115
DA:178,115
DA:179,1
DA:184,139
DA:187,2
DA:188,115
DA:190,115
DA:191,115
DA:193,0
DA:196,0
DA:198,0
DA:202,2
DA:203,20
DA:205,20
DA:206,19
DA:209,20
DA:212,2
DA:213,19
DA:214,19
DA:216,19
DA:217,19
DA:220,19
DA:223,2
DA:225,19
DA:228,19
DA:231,19
DA:232,19
DA:233,19
DA:234,1140
DA:236,0
DA:237,0
DA:238,0
DA:239,0
DA:240,0
DA:242,0
DA:243,0
DA:244,0
DA:245,0
DA:246,0
DA:250,19
DA:253,2
DA:258,20
DA:261,20
DA:264,20
DA:267,20
DA:269,20
DA:272,2
DA:273,20
DA:274,20
DA:275,1200
DA:277,20
DA:283,20
DA:284,1200
DA:289,1200
DA:290,20
DA:291,1200
DA:292,1200
DA:294,20
DA:307,2
DA:308,20
DA:309,20
DA:310,20
DA:311,20
DA:312,20
DA:314,20
DA:315,1200
DA:318,20
DA:319,20
DA:320,1200
DA:322,20
DA:323,20
DA:324,1200
DA:326,20
DA:349,2
DA:350,20
DA:351,1200
DA:354,20
DA:355,20
DA:357,20
DA:358,1200
DA:361,20
DA:363,20
DA:373,2
DA:375,20
DA:387,2
DA:389,20
DA:401,2
DA:402,20
DA:403,20
DA:405,20
DA:406,1200
DA:407,1200
DA:408,1200
DA:411,20
DA:414,2
DA:415,20
DA:416,1200
DA:419,2
DA:420,3600
DA:423,2
DA:424,20
DA:425,20
DA:427,20
DA:428,1200
DA:429,1200
DA:432,20
DA:435,2
DA:436,20
DA:437,20
DA:439,20
DA:440,1200
DA:441,1200
DA:444,20
DA:447,2
DA:448,20
DA:449,20
DA:451,20
DA:452,1200
DA:453,1200
DA:456,20
DA:459,2
DA:460,20
DA:468,2
DA:470,2
DA:641,2
DA:676,2
LF:154
LH:141
BRDA:123,0,0,2
BRDA:130,1,0,26
BRDA:130,1,1,1
BRDA:141,2,0,20
BRDA:141,2,1,20
BRDA:155,3,0,127
BRDA:155,3,1,12
BRDA:155,4,0,139
BRDA:155,4,1,139
BRDA:159,5,0,3
BRDA:172,6,0,2
BRDA:172,7,0,139
BRDA:172,7,1,139
BRDA:172,7,2,137
BRDA:172,7,3,137
BRDA:176,8,0,115
BRDA:178,9,0,1
BRDA:188,10,0,115
BRDA:188,10,1,0
BRDA:188,10,2,0
BRDA:188,10,3,0
BRDA:191,11,0,115
BRDA:191,11,1,115
BRDA:193,12,0,0
BRDA:193,12,1,0
BRDA:193,12,2,0
BRDA:231,13,0,19
BRDA:231,13,1,0
BRDA:232,14,0,19
BRDA:232,14,1,0
BRDA:236,15,0,0
BRDA:236,15,1,0
BRDA:237,16,0,0
BRDA:237,16,1,0
BRDA:238,17,0,0
BRDA:238,17,1,0
BRDA:242,18,0,0
BRDA:243,19,0,0
BRDA:243,19,1,0
BRDA:244,20,0,0
BRDA:244,20,1,0
BRDA:278,21,0,20
BRDA:278,21,1,1
BRDA:279,22,0,20
BRDA:279,22,1,1
BRDA:280,23,0,20
BRDA:280,23,1,20
BRDA:290,24,0,20
BRDA:290,24,1,20
BRDA:290,25,0,20
BRDA:290,25,1,0
BRDA:290,26,0,20
BRDA:290,26,1,20
BRDA:291,27,0,1200
BRDA:291,27,1,60
BRDA:309,28,0,20
BRDA:309,28,1,20
BRDA:309,29,0,20
BRDA:309,29,1,0
BRDA:309,30,0,20
BRDA:309,30,1,20
BRDA:310,31,0,20
BRDA:310,31,1,20
BRDA:310,32,0,20
BRDA:310,32,1,0
BRDA:310,33,0,20
BRDA:310,33,1,20
BRDA:311,34,0,20
BRDA:311,34,1,20
BRDA:311,35,0,20
BRDA:311,35,1,0
BRDA:311,36,0,20
BRDA:311,36,1,20
BRDA:312,37,0,20
BRDA:312,37,1,20
BRDA:312,38,0,20
BRDA:312,38,1,0
BRDA:312,39,0,20
BRDA:312,39,1,20
BRDA:318,40,0,20
BRDA:318,40,1,20
BRDA:318,41,0,20
BRDA:318,41,1,0
BRDA:318,42,0,20
BRDA:318,42,1,20
BRDA:319,43,0,20
BRDA:319,43,1,20
BRDA:319,44,0,20
BRDA:319,44,1,0
BRDA:319,45,0,20
BRDA:319,45,1,20
BRDA:322,46,0,20
BRDA:322,46,1,20
BRDA:351,47,0,1200
BRDA:351,47,1,1200
BRDA:351,48,0,1200
BRDA:351,48,1,0
BRDA:351,49,0,1200
BRDA:351,49,1,1200
BRDA:351,50,0,1200
BRDA:351,50,1,1200
BRDA:351,51,0,1200
BRDA:351,51,1,0
BRDA:351,52,0,1200
BRDA:351,52,1,1200
BRDA:354,53,0,20
BRDA:354,53,1,20
BRDA:354,54,0,20
BRDA:354,54,1,0
BRDA:354,55,0,20
BRDA:354,55,1,20
BRDA:355,56,0,20
BRDA:355,56,1,20
BRDA:355,57,0,20
BRDA:355,57,1,0
BRDA:355,58,0,20
BRDA:355,58,1,20
BRDA:403,59,0,20
BRDA:403,59,1,19
BRDA:407,60,0,1200
BRDA:407,60,1,0
BRDA:415,61,0,20
BRDA:415,61,1,20
BRF:123
BRH:92
end_of_record
TN:
SF:src/pages/api/business/classify.ts
FN:5,handler
FNF:1
FNH:1
FNDA:6,handler
DA:2,1
DA:5,1
DA:9,6
DA:10,1
DA:17,5
DA:19,5
DA:20,3
DA:26,2
DA:27,2
DA:29,2
DA:34,0
DA:35,0
LF:12
LH:10
BRDA:9,0,0,1
BRDA:19,1,0,3
BRDA:19,2,0,5
BRDA:19,2,1,3
BRF:4
BRH:4
end_of_record
TN:
SF:src/pages/api/export/csv.ts
FN:8,handler
FN:45,(anonymous_17)
FN:56,(anonymous_18)
FN:61,(anonymous_19)
FN:68,(anonymous_20)
FNF:5
FNH:0
FNDA:0,handler
FNDA:0,(anonymous_17)
FNDA:0,(anonymous_18)
FNDA:0,(anonymous_19)
FNDA:0,(anonymous_20)
DA:2,0
DA:3,0
DA:5,0
DA:6,0
DA:8,0
DA:12,0
DA:13,0
DA:20,0
DA:22,0
DA:23,0
DA:30,0
DA:31,0
DA:32,0
DA:35,0
DA:36,0
DA:37,0
DA:40,0
DA:41,0
DA:42,0
DA:43,0
DA:45,0
DA:47,0
DA:49,0
DA:50,0
DA:51,0
DA:53,0
DA:56,0
DA:57,0
DA:58,0
DA:61,0
DA:62,0
DA:65,0
DA:68,0
DA:69,0
DA:70,0
DA:73,0
DA:75,0
DA:76,0
LF:38
LH:0
BRDA:12,0,0,0
BRDA:22,1,0,0
BRDA:22,2,0,0
BRDA:22,2,1,0
BRF:4
BRH:0
end_of_record
TN:
SF:src/pages/api/export/excel.ts
FN:6,handler
FNF:1
FNH:0
FNDA:0,handler
DA:2,0
DA:3,0
DA:6,0
DA:10,0
DA:11,0
DA:18,0
DA:20,0
DA:21,0
DA:28,0
DA:29,0
DA:30,0
DA:33,0
DA:34,0
DA:45,0
DA:46,0
DA:47,0
DA:50,0
DA:52,0
DA:53,0
LF:19
LH:0
BRDA:10,0,0,0
BRDA:18,1,0,0
BRDA:18,1,1,0
BRDA:20,2,0,0
BRDA:20,3,0,0
BRDA:20,3,1,0
BRF:6
BRH:0
end_of_record
TN:
SF:src/pages/api/models/generate.ts
FN:6,handler
FNF:1
FNH:0
FNDA:0,handler
DA:2,0
DA:6,0
DA:10,0
DA:11,0
DA:17,0
DA:18,0
DA:20,0
DA:21,0
DA:27,0
DA:28,0
DA:30,0
DA:32,0
DA:37,0
DA:38,0
LF:14
LH:0
BRDA:10,0,0,0
BRDA:20,1,0,0
BRDA:20,2,0,0
BRDA:20,2,1,0
BRF:4
BRH:0
end_of_record
TN:
SF:src/pages/api/questions/generate.ts
FN:6,handler
FNF:1
FNH:0
FNDA:0,handler
DA:2,0
DA:6,0
DA:10,0
DA:11,0
DA:18,0
DA:26,0
DA:27,0
DA:33,0
DA:34,0
DA:42,0
DA:47,0
DA:48,0
LF:12
LH:0
BRDA:10,0,0,0
BRDA:26,1,0,0
BRDA:26,2,0,0
BRDA:26,2,1,0
BRDA:37,3,0,0
BRDA:37,3,1,0
BRDA:38,4,0,0
BRDA:38,4,1,0
BRDA:39,5,0,0
BRDA:39,5,1,0
BRF:10
BRH:0
end_of_record
